#
# There is insufficient memory for the Java Runtime Environment to continue.
# Native memory allocation (mmap) failed to map 24117248 bytes. Error detail: G1 virtual space
# Possible reasons:
#   The system is out of physical RAM or swap space
#   This process is running with CompressedOops enabled, and the Java Heap may be blocking the growth of the native heap
# Possible solutions:
#   Reduce memory load on the system
#   Increase physical memory or swap space
#   Check if swap backing store is full
#   Decrease Java heap size (-Xmx/-Xms)
#   Decrease number of Java threads
#   Decrease Java thread stack sizes (-Xss)
#   Set larger code cache with -XX:ReservedCodeCacheSize=
#   JVM is running with Unscaled Compressed Oops mode in which the Java heap is
#     placed in the first 4GB address space. The Java Heap base address is the
#     maximum limit for the native heap growth. Please use -XX:HeapBaseMinAddress
#     to set the Java Heap base and to place the Java Heap above 4GB virtual address.
# This output file may be truncated or incomplete.
#
#  Out of Memory Error (os_windows.cpp:3828), pid=47348, tid=19428
#
# JRE version: OpenJDK Runtime Environment (21.0.5) (build 21.0.5+-12932927-b750.29)
# Java VM: OpenJDK 64-Bit Server VM (21.0.5+-12932927-b750.29, mixed mode, tiered, compressed oops, compressed class ptrs, g1 gc, windows-amd64)
# No core dump will be written. Minidumps are not enabled by default on client versions of Windows
#

---------------  S U M M A R Y ------------

Command Line: --add-opens=java.base/java.lang=ALL-UNNAMED --add-opens=java.base/java.lang.invoke=ALL-UNNAMED --add-opens=java.base/java.util=ALL-UNNAMED --add-opens=java.prefs/java.util.prefs=ALL-UNNAMED --add-exports=jdk.compiler/com.sun.tools.javac.api=ALL-UNNAMED --add-exports=jdk.compiler/com.sun.tools.javac.util=ALL-UNNAMED --add-opens=java.base/java.util=ALL-UNNAMED --add-opens=java.prefs/java.util.prefs=ALL-UNNAMED --add-opens=java.base/java.nio.charset=ALL-UNNAMED --add-opens=java.base/java.net=ALL-UNNAMED --add-opens=java.base/java.util.concurrent.atomic=ALL-UNNAMED --add-opens=java.xml/javax.xml.namespace=ALL-UNNAMED -Xmx2048m -Dfile.encoding=UTF-8 -Duser.country=AU -Duser.language=en -Duser.variant -javaagent:C:\Users\User\.gradle\wrapper\dists\gradle-8.11.1-bin\bpt9gzteqjrbo1mjrsomdt32c\gradle-8.11.1\lib\agents\gradle-instrumentation-agent-8.11.1.jar org.gradle.launcher.daemon.bootstrap.GradleDaemon 8.11.1

Host: Intel(R) Core(TM) i7-9700KF CPU @ 3.60GHz, 8 cores, 15G,  Windows 10 , 64 bit Build 19041 (10.0.19041.5438)
Time: Sun Apr  6 23:27:10 2025 AUS Eastern Standard Time elapsed time: 3.673432 seconds (0d 0h 0m 3s)

---------------  T H R E A D  ---------------

Current thread (0x000001d4bb9bc2d0):  VMThread "VM Thread"          [id=19428, stack(0x000000322a400000,0x000000322a500000) (1024K)]

Stack: [0x000000322a400000,0x000000322a500000]
Native frames: (J=compiled Java code, j=interpreted, Vv=VM code, C=native code)
V  [jvm.dll+0x6cfb29]
V  [jvm.dll+0x85ded3]
V  [jvm.dll+0x86042e]
V  [jvm.dll+0x860b13]
V  [jvm.dll+0x27e6b6]
V  [jvm.dll+0x6cc385]
V  [jvm.dll+0x6c078a]
V  [jvm.dll+0x35525b]
V  [jvm.dll+0x35ceb6]
V  [jvm.dll+0x3aedd6]
V  [jvm.dll+0x3af0a8]
V  [jvm.dll+0x32792c]
V  [jvm.dll+0x3279b7]
V  [jvm.dll+0x36d80c]
V  [jvm.dll+0x36bfbe]
V  [jvm.dll+0x327081]
V  [jvm.dll+0x36b6d0]
V  [jvm.dll+0x866898]
V  [jvm.dll+0x867c14]
V  [jvm.dll+0x868150]
V  [jvm.dll+0x8683e3]
V  [jvm.dll+0x806368]
V  [jvm.dll+0x6ce3fd]
C  [ucrtbase.dll+0x21bb2]
C  [KERNEL32.DLL+0x17374]
C  [ntdll.dll+0x4cc91]

VM_Operation (0x000000322bdf5da0): G1CollectForAllocation, mode: safepoint, requested by thread 0x000001d4c1affb30


---------------  P R O C E S S  ---------------

Threads class SMR info:
_java_thread_list=0x000001d4c3a3d760, length=60, elements={
0x000001d4a2074810, 0x000001d4bba4dfe0, 0x000001d4bba50d00, 0x000001d4bba66320,
0x000001d4bba66d70, 0x000001d4bba5d0b0, 0x000001d4bba51a10, 0x000001d4bba52790,
0x000001d4bba53630, 0x000001d4bbb31bf0, 0x000001d4bbd5df10, 0x000001d4c0018a90,
0x000001d4c02e3d20, 0x000001d4c18ec6d0, 0x000001d4c1863870, 0x000001d4c1c67590,
0x000001d4c1c3b350, 0x000001d4c1bd7010, 0x000001d4c1af94f0, 0x000001d4c1affb30,
0x000001d4c1b01970, 0x000001d4c1b01fd0, 0x000001d4c1bf9d60, 0x000001d4c1bf7600,
0x000001d4c1bf7c90, 0x000001d4c1bf68e0, 0x000001d4c1bf8320, 0x000001d4c1bf6f70,
0x000001d4c1bf9040, 0x000001d4c1bf89b0, 0x000001d4c1bf96d0, 0x000001d4c32af5f0,
0x000001d4c32ad520, 0x000001d4c32ac800, 0x000001d4c32ae240, 0x000001d4c32adbb0,
0x000001d4c32ae8d0, 0x000001d4c32ac170, 0x000001d4c32aef60, 0x000001d4c32ace90,
0x000001d4c5241dd0, 0x000001d4c5244bc0, 0x000001d4c5241740, 0x000001d4c5244530,
0x000001d4c2008330, 0x000001d4c2009050, 0x000001d4c200a400, 0x000001d4c20089c0,
0x000001d4c2009d70, 0x000001d4c200b7b0, 0x000001d4c200aa90, 0x000001d4c200b120,
0x000001d4c3d4a230, 0x000001d4c3d44ce0, 0x000001d4c3d4a8c0, 0x000001d4c3d48e80,
0x000001d4c3d47440, 0x000001d4c3d4c300, 0x000001d4c3d4af50, 0x000001d4c3d49510
}

Java Threads: ( => current thread )
  0x000001d4a2074810 JavaThread "main"                              [_thread_blocked, id=39516, stack(0x0000003229d00000,0x0000003229e00000) (1024K)]
  0x000001d4bba4dfe0 JavaThread "Reference Handler"          daemon [_thread_blocked, id=32360, stack(0x000000322a500000,0x000000322a600000) (1024K)]
  0x000001d4bba50d00 JavaThread "Finalizer"                  daemon [_thread_blocked, id=44672, stack(0x000000322a600000,0x000000322a700000) (1024K)]
  0x000001d4bba66320 JavaThread "Signal Dispatcher"          daemon [_thread_blocked, id=45208, stack(0x000000322a700000,0x000000322a800000) (1024K)]
  0x000001d4bba66d70 JavaThread "Attach Listener"            daemon [_thread_blocked, id=26728, stack(0x000000322a800000,0x000000322a900000) (1024K)]
  0x000001d4bba5d0b0 JavaThread "Service Thread"             daemon [_thread_blocked, id=37764, stack(0x000000322a900000,0x000000322aa00000) (1024K)]
  0x000001d4bba51a10 JavaThread "Monitor Deflation Thread"   daemon [_thread_blocked, id=11108, stack(0x000000322aa00000,0x000000322ab00000) (1024K)]
  0x000001d4bba52790 JavaThread "C2 CompilerThread0"         daemon [_thread_in_native, id=43960, stack(0x000000322ab00000,0x000000322ac00000) (1024K)]
  0x000001d4bba53630 JavaThread "C1 CompilerThread0"         daemon [_thread_blocked, id=12924, stack(0x000000322ac00000,0x000000322ad00000) (1024K)]
  0x000001d4bbb31bf0 JavaThread "Common-Cleaner"             daemon [_thread_blocked, id=15392, stack(0x000000322ad00000,0x000000322ae00000) (1024K)]
  0x000001d4bbd5df10 JavaThread "Notification Thread"        daemon [_thread_blocked, id=34944, stack(0x000000322ae00000,0x000000322af00000) (1024K)]
  0x000001d4c0018a90 JavaThread "C2 CompilerThread1"         daemon [_thread_blocked, id=1240, stack(0x000000322af00000,0x000000322b000000) (1024K)]
  0x000001d4c02e3d20 JavaThread "C2 CompilerThread2"         daemon [_thread_in_native, id=23236, stack(0x000000322b000000,0x000000322b100000) (1024K)]
  0x000001d4c18ec6d0 JavaThread "Daemon health stats"               [_thread_blocked, id=47084, stack(0x000000322b700000,0x000000322b800000) (1024K)]
  0x000001d4c1863870 JavaThread "Incoming local TCP Connector on port 56380"        [_thread_in_native, id=16816, stack(0x000000322b800000,0x000000322b900000) (1024K)]
  0x000001d4c1c67590 JavaThread "Daemon periodic checks"            [_thread_blocked, id=20264, stack(0x000000322b900000,0x000000322ba00000) (1024K)]
  0x000001d4c1c3b350 JavaThread "Daemon"                            [_thread_blocked, id=45424, stack(0x000000322ba00000,0x000000322bb00000) (1024K)]
  0x000001d4c1bd7010 JavaThread "Handler for socket connection from /127.0.0.1:56380 to /127.0.0.1:56381"        [_thread_in_native, id=28732, stack(0x000000322bb00000,0x000000322bc00000) (1024K)]
  0x000001d4c1af94f0 JavaThread "Cancel handler"                    [_thread_blocked, id=19380, stack(0x000000322bc00000,0x000000322bd00000) (1024K)]
  0x000001d4c1affb30 JavaThread "Daemon worker"                     [_thread_blocked, id=38224, stack(0x000000322bd00000,0x000000322be00000) (1024K)]
  0x000001d4c1b01970 JavaThread "Asynchronous log dispatcher for DefaultDaemonConnection: socket connection from /127.0.0.1:56380 to /127.0.0.1:56381"        [_thread_blocked, id=24376, stack(0x000000322be00000,0x000000322bf00000) (1024K)]
  0x000001d4c1b01fd0 JavaThread "Stdin handler"                     [_thread_blocked, id=42408, stack(0x000000322bf00000,0x000000322c000000) (1024K)]
  0x000001d4c1bf9d60 JavaThread "Daemon client event forwarder"        [_thread_blocked, id=36192, stack(0x000000322c000000,0x000000322c100000) (1024K)]
  0x000001d4c1bf7600 JavaThread "Cache worker for journal cache (C:\Users\User\.gradle\caches\journal-1)"        [_thread_blocked, id=31020, stack(0x000000322c300000,0x000000322c400000) (1024K)]
  0x000001d4c1bf7c90 JavaThread "File lock request listener"        [_thread_in_native, id=37384, stack(0x000000322c400000,0x000000322c500000) (1024K)]
  0x000001d4c1bf68e0 JavaThread "Cache worker for file hash cache (C:\Users\User\.gradle\caches\8.11.1\fileHashes)"        [_thread_blocked, id=24068, stack(0x000000322c500000,0x000000322c600000) (1024K)]
  0x000001d4c1bf8320 JavaThread "Cache worker for file content cache (C:\Users\User\.gradle\caches\8.11.1\fileContent)"        [_thread_blocked, id=54960, stack(0x000000322c600000,0x000000322c700000) (1024K)]
  0x000001d4c1bf6f70 JavaThread "Cache worker for file hash cache (D:\V-A\Deakin\T1_25\SIT708\Completed\Task 3.1C\.gradle\8.11.1\fileHashes)"        [_thread_blocked, id=53664, stack(0x000000322c700000,0x000000322c800000) (1024K)]
  0x000001d4c1bf9040 JavaThread "Cache worker for Build Output Cleanup Cache (D:\V-A\Deakin\T1_25\SIT708\Completed\Task 3.1C\.gradle\buildOutputCleanup)"        [_thread_blocked, id=33048, stack(0x000000322c800000,0x000000322c900000) (1024K)]
  0x000001d4c1bf89b0 JavaThread "File watcher server"        daemon [_thread_in_native, id=27416, stack(0x000000322c900000,0x000000322ca00000) (1024K)]
  0x000001d4c1bf96d0 JavaThread "File watcher consumer"      daemon [_thread_blocked, id=3580, stack(0x000000322ca00000,0x000000322cb00000) (1024K)]
  0x000001d4c32af5f0 JavaThread "jar transforms"                    [_thread_blocked, id=28988, stack(0x000000322cb00000,0x000000322cc00000) (1024K)]
  0x000001d4c32ad520 JavaThread "jar transforms Thread 2"           [_thread_blocked, id=53520, stack(0x000000322cc00000,0x000000322cd00000) (1024K)]
  0x000001d4c32ac800 JavaThread "jar transforms Thread 3"           [_thread_blocked, id=41808, stack(0x000000322cd00000,0x000000322ce00000) (1024K)]
  0x000001d4c32ae240 JavaThread "jar transforms Thread 4"           [_thread_blocked, id=49720, stack(0x000000322ce00000,0x000000322cf00000) (1024K)]
  0x000001d4c32adbb0 JavaThread "jar transforms Thread 5"           [_thread_blocked, id=50928, stack(0x000000322cf00000,0x000000322d000000) (1024K)]
  0x000001d4c32ae8d0 JavaThread "jar transforms Thread 6"           [_thread_blocked, id=50576, stack(0x000000322d000000,0x000000322d100000) (1024K)]
  0x000001d4c32ac170 JavaThread "jar transforms Thread 7"           [_thread_blocked, id=52420, stack(0x000000322d100000,0x000000322d200000) (1024K)]
  0x000001d4c32aef60 JavaThread "jar transforms Thread 8"           [_thread_blocked, id=4988, stack(0x000000322d200000,0x000000322d300000) (1024K)]
  0x000001d4c32ace90 JavaThread "Cache worker for checksums cache (D:\V-A\Deakin\T1_25\SIT708\Completed\Task 3.1C\.gradle\8.11.1\checksums)"        [_thread_blocked, id=52632, stack(0x000000322d300000,0x000000322d400000) (1024K)]
  0x000001d4c5241dd0 JavaThread "Cache worker for cache directory md-rule (C:\Users\User\.gradle\caches\8.11.1\md-rule)"        [_thread_blocked, id=47724, stack(0x000000322d400000,0x000000322d500000) (1024K)]
  0x000001d4c5244bc0 JavaThread "Cache worker for cache directory md-supplier (C:\Users\User\.gradle\caches\8.11.1\md-supplier)"        [_thread_blocked, id=49700, stack(0x000000322d500000,0x000000322d600000) (1024K)]
  0x000001d4c5241740 JavaThread "Unconstrained build operations"        [_thread_blocked, id=36572, stack(0x000000322d600000,0x000000322d700000) (1024K)]
  0x000001d4c5244530 JavaThread "Unconstrained build operations Thread 2"        [_thread_blocked, id=22596, stack(0x000000322d700000,0x000000322d800000) (1024K)]
  0x000001d4c2008330 JavaThread "Unconstrained build operations Thread 3"        [_thread_blocked, id=52816, stack(0x000000322d800000,0x000000322d900000) (1024K)]
  0x000001d4c2009050 JavaThread "Unconstrained build operations Thread 4"        [_thread_blocked, id=38424, stack(0x000000322d900000,0x000000322da00000) (1024K)]
  0x000001d4c200a400 JavaThread "Unconstrained build operations Thread 5"        [_thread_blocked, id=45228, stack(0x000000322da00000,0x000000322db00000) (1024K)]
  0x000001d4c20089c0 JavaThread "Unconstrained build operations Thread 6"        [_thread_blocked, id=23024, stack(0x000000322db00000,0x000000322dc00000) (1024K)]
  0x000001d4c2009d70 JavaThread "Unconstrained build operations Thread 7"        [_thread_blocked, id=672, stack(0x000000322dc00000,0x000000322dd00000) (1024K)]
  0x000001d4c200b7b0 JavaThread "Unconstrained build operations Thread 8"        [_thread_blocked, id=50720, stack(0x000000322dd00000,0x000000322de00000) (1024K)]
  0x000001d4c200aa90 JavaThread "Unconstrained build operations Thread 9"        [_thread_blocked, id=52608, stack(0x000000322de00000,0x000000322df00000) (1024K)]
  0x000001d4c200b120 JavaThread "Unconstrained build operations Thread 10"        [_thread_blocked, id=45648, stack(0x000000322df00000,0x000000322e000000) (1024K)]
  0x000001d4c3d4a230 JavaThread "Unconstrained build operations Thread 11"        [_thread_blocked, id=54880, stack(0x000000322e000000,0x000000322e100000) (1024K)]
  0x000001d4c3d44ce0 JavaThread "Unconstrained build operations Thread 12"        [_thread_blocked, id=40404, stack(0x000000322e100000,0x000000322e200000) (1024K)]
  0x000001d4c3d4a8c0 JavaThread "Unconstrained build operations Thread 13"        [_thread_blocked, id=51376, stack(0x000000322e200000,0x000000322e300000) (1024K)]
  0x000001d4c3d48e80 JavaThread "Unconstrained build operations Thread 14"        [_thread_blocked, id=34380, stack(0x000000322e300000,0x000000322e400000) (1024K)]
  0x000001d4c3d47440 JavaThread "Unconstrained build operations Thread 15"        [_thread_blocked, id=28200, stack(0x000000322e400000,0x000000322e500000) (1024K)]
  0x000001d4c3d4c300 JavaThread "Unconstrained build operations Thread 16"        [_thread_blocked, id=41600, stack(0x000000322e500000,0x000000322e600000) (1024K)]
  0x000001d4c3d4af50 JavaThread "Unconstrained build operations Thread 17"        [_thread_blocked, id=7924, stack(0x000000322e600000,0x000000322e700000) (1024K)]
  0x000001d4c3d49510 JavaThread "Unconstrained build operations Thread 18"        [_thread_blocked, id=24040, stack(0x000000322e700000,0x000000322e800000) (1024K)]
Total: 60

Other Threads:
=>0x000001d4bb9bc2d0 VMThread "VM Thread"                           [id=19428, stack(0x000000322a400000,0x000000322a500000) (1024K)]
  0x000001d4bb831560 WatcherThread "VM Periodic Task Thread"        [id=27452, stack(0x000000322a300000,0x000000322a400000) (1024K)]
  0x000001d4a41692d0 WorkerThread "GC Thread#0"                     [id=44568, stack(0x0000003229e00000,0x0000003229f00000) (1024K)]
  0x000001d4c01190e0 WorkerThread "GC Thread#1"                     [id=46632, stack(0x000000322b100000,0x000000322b200000) (1024K)]
  0x000001d4c0119480 WorkerThread "GC Thread#2"                     [id=53552, stack(0x000000322b200000,0x000000322b300000) (1024K)]
  0x000001d4c0119820 WorkerThread "GC Thread#3"                     [id=21720, stack(0x000000322b300000,0x000000322b400000) (1024K)]
  0x000001d4c0599e30 WorkerThread "GC Thread#4"                     [id=49960, stack(0x000000322b400000,0x000000322b500000) (1024K)]
  0x000001d4c059a1d0 WorkerThread "GC Thread#5"                     [id=4880, stack(0x000000322b500000,0x000000322b600000) (1024K)]
  0x000001d4c19d1280 WorkerThread "GC Thread#6"                     [id=29864, stack(0x000000322b600000,0x000000322b700000) (1024K)]
  0x000001d4c1bfded0 WorkerThread "GC Thread#7"                     [id=34832, stack(0x000000322c100000,0x000000322c200000) (1024K)]
  0x000001d4a417a1c0 ConcurrentGCThread "G1 Main Marker"            [id=43404, stack(0x0000003229f00000,0x000000322a000000) (1024K)]
  0x000001d4a417ad40 WorkerThread "G1 Conc#0"                       [id=45672, stack(0x000000322a000000,0x000000322a100000) (1024K)]
  0x000001d4c1bfe9b0 WorkerThread "G1 Conc#1"                       [id=29616, stack(0x000000322c200000,0x000000322c300000) (1024K)]
  0x000001d4bb704ea0 ConcurrentGCThread "G1 Refine#0"               [id=22272, stack(0x000000322a100000,0x000000322a200000) (1024K)]
  0x000001d4bb7056c0 ConcurrentGCThread "G1 Service"                [id=27328, stack(0x000000322a200000,0x000000322a300000) (1024K)]
Total: 15

Threads with active compile tasks:
C2 CompilerThread0  3687 5776   !   4       java.net.URLClassLoader$1::run (81 bytes)
C2 CompilerThread1  3687 5923       4       java.util.jar.JarFile::getEntry (35 bytes)
C2 CompilerThread2  3687 5775       4       java.net.URLClassLoader$1::run (5 bytes)
Total: 3

VM state: at safepoint (normal execution)

VM Mutex/Monitor currently owned by a thread:  ([mutex/lock_event])
[0x00007ffcf3abd360] Threads_lock - owner thread: 0x000001d4bb9bc2d0
[0x00007ffcf3abd460] Heap_lock - owner thread: 0x000001d4c1affb30

Heap address: 0x0000000080000000, size: 2048 MB, Compressed Oops mode: 32-bit

CDS archive(s) not mapped
Compressed class space mapped at: 0x0000000100000000-0x0000000140000000, reserved size: 1073741824
Narrow klass base: 0x0000000000000000, Narrow klass shift: 3, Narrow klass range: 0x140000000

GC Precious Log:
 CardTable entry size: 512
 Card Set container configuration: InlinePtr #cards 5 size 8 Array Of Cards #cards 12 size 40 Howl #buckets 4 coarsen threshold 1843 Howl Bitmap #cards 512 size 80 coarsen threshold 460 Card regions per heap region 1 cards per card region 2048
 CPUs: 8 total, 8 available
 Memory: 16302M
 Large Page Support: Disabled
 NUMA Support: Disabled
 Compressed Oops: Enabled (32-bit)
 Heap Region Size: 1M
 Heap Min Capacity: 8M
 Heap Initial Capacity: 256M
 Heap Max Capacity: 2G
 Pre-touch: Disabled
 Parallel Workers: 8
 Concurrent Workers: 2
 Concurrent Refinement Workers: 8
 Periodic GC: Disabled

Heap:
 garbage-first heap   total 115712K, used 75837K [0x0000000080000000, 0x0000000100000000)
  region size 1024K, 2 young (2048K), 2 survivors (2048K)
 Metaspace       used 61495K, committed 63104K, reserved 1114112K
  class space    used 8268K, committed 9088K, reserved 1048576K

Heap Regions: E=young(eden), S=young(survivor), O=old, HS=humongous(starts), HC=humongous(continues), CS=collection set, F=free, TAMS=top-at-mark-start, PB=parsable bottom
|   0|0x0000000080000000, 0x0000000080100000, 0x0000000080100000|100%| O|  |TAMS 0x0000000080000000| PB 0x0000000080000000| Untracked 
|   1|0x0000000080100000, 0x0000000080200000, 0x0000000080200000|100%|HS|  |TAMS 0x0000000080100000| PB 0x0000000080100000| Complete 
|   2|0x0000000080200000, 0x0000000080300000, 0x0000000080300000|100%|HC|  |TAMS 0x0000000080200000| PB 0x0000000080200000| Complete 
|   3|0x0000000080300000, 0x0000000080400000, 0x0000000080400000|100%|HC|  |TAMS 0x0000000080300000| PB 0x0000000080300000| Complete 
|   4|0x0000000080400000, 0x0000000080500000, 0x0000000080500000|100%| O|  |TAMS 0x0000000080400000| PB 0x0000000080400000| Untracked 
|   5|0x0000000080500000, 0x0000000080600000, 0x0000000080600000|100%| O|  |TAMS 0x0000000080500000| PB 0x0000000080500000| Untracked 
|   6|0x0000000080600000, 0x0000000080700000, 0x0000000080700000|100%| O|  |TAMS 0x0000000080600000| PB 0x0000000080600000| Untracked 
|   7|0x0000000080700000, 0x0000000080800000, 0x0000000080800000|100%|HS|  |TAMS 0x0000000080700000| PB 0x0000000080700000| Complete 
|   8|0x0000000080800000, 0x0000000080900000, 0x0000000080900000|100%| O|  |TAMS 0x0000000080800000| PB 0x0000000080800000| Untracked 
|   9|0x0000000080900000, 0x0000000080a00000, 0x0000000080a00000|100%| O|  |TAMS 0x0000000080900000| PB 0x0000000080900000| Untracked 
|  10|0x0000000080a00000, 0x0000000080b00000, 0x0000000080b00000|100%| O|  |TAMS 0x0000000080a00000| PB 0x0000000080a00000| Untracked 
|  11|0x0000000080b00000, 0x0000000080c00000, 0x0000000080c00000|100%| O|  |TAMS 0x0000000080b00000| PB 0x0000000080b00000| Untracked 
|  12|0x0000000080c00000, 0x0000000080d00000, 0x0000000080d00000|100%| O|  |TAMS 0x0000000080c00000| PB 0x0000000080c00000| Untracked 
|  13|0x0000000080d00000, 0x0000000080e00000, 0x0000000080e00000|100%| O|  |TAMS 0x0000000080d00000| PB 0x0000000080d00000| Untracked 
|  14|0x0000000080e00000, 0x0000000080f00000, 0x0000000080f00000|100%| O|  |TAMS 0x0000000080e00000| PB 0x0000000080e00000| Untracked 
|  15|0x0000000080f00000, 0x0000000081000000, 0x0000000081000000|100%| O|  |TAMS 0x0000000080f00000| PB 0x0000000080f00000| Untracked 
|  16|0x0000000081000000, 0x0000000081100000, 0x0000000081100000|100%| O|  |TAMS 0x0000000081000000| PB 0x0000000081000000| Untracked 
|  17|0x0000000081100000, 0x0000000081200000, 0x0000000081200000|100%| O|  |TAMS 0x0000000081100000| PB 0x0000000081100000| Untracked 
|  18|0x0000000081200000, 0x0000000081300000, 0x0000000081300000|100%| O|  |TAMS 0x0000000081200000| PB 0x0000000081200000| Untracked 
|  19|0x0000000081300000, 0x0000000081400000, 0x0000000081400000|100%| O|  |TAMS 0x0000000081300000| PB 0x0000000081300000| Untracked 
|  20|0x0000000081400000, 0x0000000081500000, 0x0000000081500000|100%| O|  |TAMS 0x0000000081400000| PB 0x0000000081400000| Untracked 
|  21|0x0000000081500000, 0x0000000081600000, 0x0000000081600000|100%|HS|  |TAMS 0x0000000081500000| PB 0x0000000081500000| Complete 
|  22|0x0000000081600000, 0x0000000081700000, 0x0000000081700000|100%|HC|  |TAMS 0x0000000081600000| PB 0x0000000081600000| Complete 
|  23|0x0000000081700000, 0x0000000081800000, 0x0000000081800000|100%|HC|  |TAMS 0x0000000081700000| PB 0x0000000081700000| Complete 
|  24|0x0000000081800000, 0x0000000081900000, 0x0000000081900000|100%|HC|  |TAMS 0x0000000081800000| PB 0x0000000081800000| Complete 
|  25|0x0000000081900000, 0x0000000081a00000, 0x0000000081a00000|100%|HC|  |TAMS 0x0000000081900000| PB 0x0000000081900000| Complete 
|  26|0x0000000081a00000, 0x0000000081b00000, 0x0000000081b00000|100%|HC|  |TAMS 0x0000000081a00000| PB 0x0000000081a00000| Complete 
|  27|0x0000000081b00000, 0x0000000081c00000, 0x0000000081c00000|100%|HS|  |TAMS 0x0000000081b00000| PB 0x0000000081b00000| Complete 
|  28|0x0000000081c00000, 0x0000000081d00000, 0x0000000081d00000|100%| O|  |TAMS 0x0000000081c00000| PB 0x0000000081c00000| Untracked 
|  29|0x0000000081d00000, 0x0000000081e00000, 0x0000000081e00000|100%| O|  |TAMS 0x0000000081d00000| PB 0x0000000081d00000| Untracked 
|  30|0x0000000081e00000, 0x0000000081f00000, 0x0000000081f00000|100%| O|  |TAMS 0x0000000081e00000| PB 0x0000000081e00000| Untracked 
|  31|0x0000000081f00000, 0x0000000082000000, 0x0000000082000000|100%| O|  |TAMS 0x0000000081f00000| PB 0x0000000081f00000| Untracked 
|  32|0x0000000082000000, 0x0000000082100000, 0x0000000082100000|100%| O|  |TAMS 0x0000000082000000| PB 0x0000000082000000| Untracked 
|  33|0x0000000082100000, 0x0000000082200000, 0x0000000082200000|100%|HS|  |TAMS 0x0000000082100000| PB 0x0000000082100000| Complete 
|  34|0x0000000082200000, 0x0000000082300000, 0x0000000082300000|100%|HC|  |TAMS 0x0000000082200000| PB 0x0000000082200000| Complete 
|  35|0x0000000082300000, 0x0000000082400000, 0x0000000082400000|100%|HC|  |TAMS 0x0000000082300000| PB 0x0000000082300000| Complete 
|  36|0x0000000082400000, 0x0000000082500000, 0x0000000082500000|100%|HC|  |TAMS 0x0000000082400000| PB 0x0000000082400000| Complete 
|  37|0x0000000082500000, 0x0000000082600000, 0x0000000082600000|100%|HS|  |TAMS 0x0000000082500000| PB 0x0000000082500000| Complete 
|  38|0x0000000082600000, 0x0000000082700000, 0x0000000082700000|100%|HC|  |TAMS 0x0000000082600000| PB 0x0000000082600000| Complete 
|  39|0x0000000082700000, 0x0000000082700000, 0x0000000082800000|  0%| F|  |TAMS 0x0000000082700000| PB 0x0000000082700000| Untracked 
|  40|0x0000000082800000, 0x0000000082900000, 0x0000000082900000|100%| O|  |TAMS 0x0000000082800000| PB 0x0000000082800000| Untracked 
|  41|0x0000000082900000, 0x0000000082a00000, 0x0000000082a00000|100%| O|  |TAMS 0x0000000082900000| PB 0x0000000082900000| Untracked 
|  42|0x0000000082a00000, 0x0000000082b00000, 0x0000000082b00000|100%| O|  |TAMS 0x0000000082a00000| PB 0x0000000082a00000| Untracked 
|  43|0x0000000082b00000, 0x0000000082c00000, 0x0000000082c00000|100%| O|  |TAMS 0x0000000082b00000| PB 0x0000000082b00000| Untracked 
|  44|0x0000000082c00000, 0x0000000082d00000, 0x0000000082d00000|100%| O|  |TAMS 0x0000000082c00000| PB 0x0000000082c00000| Untracked 
|  45|0x0000000082d00000, 0x0000000082e00000, 0x0000000082e00000|100%| O|  |TAMS 0x0000000082d00000| PB 0x0000000082d00000| Untracked 
|  46|0x0000000082e00000, 0x0000000082f00000, 0x0000000082f00000|100%| O|  |TAMS 0x0000000082e00000| PB 0x0000000082e00000| Untracked 
|  47|0x0000000082f00000, 0x0000000083000000, 0x0000000083000000|100%|HS|  |TAMS 0x0000000082f00000| PB 0x0000000082f00000| Complete 
|  48|0x0000000083000000, 0x0000000083100000, 0x0000000083100000|100%|HC|  |TAMS 0x0000000083000000| PB 0x0000000083000000| Complete 
|  49|0x0000000083100000, 0x0000000083200000, 0x0000000083200000|100%| O|  |TAMS 0x0000000083100000| PB 0x0000000083100000| Untracked 
|  50|0x0000000083200000, 0x0000000083300000, 0x0000000083300000|100%| O|  |TAMS 0x0000000083200000| PB 0x0000000083200000| Untracked 
|  51|0x0000000083300000, 0x0000000083400000, 0x0000000083400000|100%| O|  |TAMS 0x0000000083300000| PB 0x0000000083300000| Untracked 
|  52|0x0000000083400000, 0x0000000083500000, 0x0000000083500000|100%| O|  |TAMS 0x0000000083400000| PB 0x0000000083400000| Untracked 
|  53|0x0000000083500000, 0x0000000083600000, 0x0000000083600000|100%| O|  |TAMS 0x0000000083500000| PB 0x0000000083500000| Untracked 
|  54|0x0000000083600000, 0x0000000083600000, 0x0000000083700000|  0%| F|  |TAMS 0x0000000083600000| PB 0x0000000083600000| Untracked 
|  55|0x0000000083700000, 0x0000000083800000, 0x0000000083800000|100%| O|  |TAMS 0x0000000083700000| PB 0x0000000083700000| Untracked 
|  56|0x0000000083800000, 0x0000000083900000, 0x0000000083900000|100%|HS|  |TAMS 0x0000000083800000| PB 0x0000000083800000| Complete 
|  57|0x0000000083900000, 0x0000000083a00000, 0x0000000083a00000|100%|HC|  |TAMS 0x0000000083900000| PB 0x0000000083900000| Complete 
|  58|0x0000000083a00000, 0x0000000083b00000, 0x0000000083b00000|100%|HC|  |TAMS 0x0000000083a00000| PB 0x0000000083a00000| Complete 
|  59|0x0000000083b00000, 0x0000000083c00000, 0x0000000083c00000|100%|HC|  |TAMS 0x0000000083b00000| PB 0x0000000083b00000| Complete 
|  60|0x0000000083c00000, 0x0000000083d00000, 0x0000000083d00000|100%|HC|  |TAMS 0x0000000083c00000| PB 0x0000000083c00000| Complete 
|  61|0x0000000083d00000, 0x0000000083e00000, 0x0000000083e00000|100%|HC|  |TAMS 0x0000000083d00000| PB 0x0000000083d00000| Complete 
|  62|0x0000000083e00000, 0x0000000083f00000, 0x0000000083f00000|100%|HS|  |TAMS 0x0000000083e00000| PB 0x0000000083e00000| Complete 
|  63|0x0000000083f00000, 0x0000000084000000, 0x0000000084000000|100%|HC|  |TAMS 0x0000000083f00000| PB 0x0000000083f00000| Complete 
|  64|0x0000000084000000, 0x0000000084100000, 0x0000000084100000|100%|HC|  |TAMS 0x0000000084000000| PB 0x0000000084000000| Complete 
|  65|0x0000000084100000, 0x0000000084200000, 0x0000000084200000|100%|HC|  |TAMS 0x0000000084100000| PB 0x0000000084100000| Complete 
|  66|0x0000000084200000, 0x0000000084300000, 0x0000000084300000|100%|HC|  |TAMS 0x0000000084200000| PB 0x0000000084200000| Complete 
|  67|0x0000000084300000, 0x0000000084400000, 0x0000000084400000|100%|HC|  |TAMS 0x0000000084300000| PB 0x0000000084300000| Complete 
|  68|0x0000000084400000, 0x0000000084500000, 0x0000000084500000|100%| O|  |TAMS 0x0000000084400000| PB 0x0000000084400000| Untracked 
|  69|0x0000000084500000, 0x0000000084600000, 0x0000000084600000|100%| O|  |TAMS 0x0000000084500000| PB 0x0000000084500000| Untracked 
|  70|0x0000000084600000, 0x0000000084700000, 0x0000000084700000|100%| O|  |TAMS 0x0000000084600000| PB 0x0000000084600000| Untracked 
|  71|0x0000000084700000, 0x0000000084800000, 0x0000000084800000|100%| O|  |TAMS 0x0000000084700000| PB 0x0000000084700000| Untracked 
|  72|0x0000000084800000, 0x0000000084900000, 0x0000000084900000|100%| O|  |TAMS 0x0000000084800000| PB 0x0000000084800000| Untracked 
|  73|0x0000000084900000, 0x00000000849c3c10, 0x0000000084a00000| 76%| O|  |TAMS 0x0000000084900000| PB 0x0000000084900000| Untracked 
|  74|0x0000000084a00000, 0x0000000084a00000, 0x0000000084b00000|  0%| F|  |TAMS 0x0000000084a00000| PB 0x0000000084a00000| Untracked 
|  75|0x0000000084b00000, 0x0000000084b00000, 0x0000000084c00000|  0%| F|  |TAMS 0x0000000084b00000| PB 0x0000000084b00000| Untracked 
|  76|0x0000000084c00000, 0x0000000084c00000, 0x0000000084d00000|  0%| F|  |TAMS 0x0000000084c00000| PB 0x0000000084c00000| Untracked 
|  77|0x0000000084d00000, 0x0000000084d00000, 0x0000000084e00000|  0%| F|  |TAMS 0x0000000084d00000| PB 0x0000000084d00000| Untracked 
|  78|0x0000000084e00000, 0x0000000084e4ba98, 0x0000000084f00000| 29%| S|CS|TAMS 0x0000000084e00000| PB 0x0000000084e00000| Complete 
|  79|0x0000000084f00000, 0x0000000085000000, 0x0000000085000000|100%| S|CS|TAMS 0x0000000084f00000| PB 0x0000000084f00000| Complete 
|  80|0x0000000085000000, 0x0000000085000000, 0x0000000085100000|  0%| F|  |TAMS 0x0000000085000000| PB 0x0000000085000000| Untracked 
|  81|0x0000000085100000, 0x0000000085100000, 0x0000000085200000|  0%| F|  |TAMS 0x0000000085100000| PB 0x0000000085100000| Untracked 
|  82|0x0000000085200000, 0x0000000085200000, 0x0000000085300000|  0%| F|  |TAMS 0x0000000085200000| PB 0x0000000085200000| Untracked 
|  83|0x0000000085300000, 0x0000000085300000, 0x0000000085400000|  0%| F|  |TAMS 0x0000000085300000| PB 0x0000000085300000| Untracked 
|  84|0x0000000085400000, 0x0000000085400000, 0x0000000085500000|  0%| F|  |TAMS 0x0000000085400000| PB 0x0000000085400000| Untracked 
|  85|0x0000000085500000, 0x0000000085500000, 0x0000000085600000|  0%| F|  |TAMS 0x0000000085500000| PB 0x0000000085500000| Untracked 
|  86|0x0000000085600000, 0x0000000085600000, 0x0000000085700000|  0%| F|  |TAMS 0x0000000085600000| PB 0x0000000085600000| Untracked 
|  87|0x0000000085700000, 0x0000000085700000, 0x0000000085800000|  0%| F|  |TAMS 0x0000000085700000| PB 0x0000000085700000| Untracked 
|  88|0x0000000085800000, 0x0000000085800000, 0x0000000085900000|  0%| F|  |TAMS 0x0000000085800000| PB 0x0000000085800000| Untracked 
|  89|0x0000000085900000, 0x0000000085900000, 0x0000000085a00000|  0%| F|  |TAMS 0x0000000085900000| PB 0x0000000085900000| Untracked 
|  90|0x0000000085a00000, 0x0000000085a00000, 0x0000000085b00000|  0%| F|  |TAMS 0x0000000085a00000| PB 0x0000000085a00000| Untracked 
|  91|0x0000000085b00000, 0x0000000085b00000, 0x0000000085c00000|  0%| F|  |TAMS 0x0000000085b00000| PB 0x0000000085b00000| Untracked 
|  92|0x0000000085c00000, 0x0000000085c00000, 0x0000000085d00000|  0%| F|  |TAMS 0x0000000085c00000| PB 0x0000000085c00000| Untracked 
|  93|0x0000000085d00000, 0x0000000085d00000, 0x0000000085e00000|  0%| F|  |TAMS 0x0000000085d00000| PB 0x0000000085d00000| Untracked 
|  94|0x0000000085e00000, 0x0000000085e00000, 0x0000000085f00000|  0%| F|  |TAMS 0x0000000085e00000| PB 0x0000000085e00000| Untracked 
|  95|0x0000000085f00000, 0x0000000085f00000, 0x0000000086000000|  0%| F|  |TAMS 0x0000000085f00000| PB 0x0000000085f00000| Untracked 
|  96|0x0000000086000000, 0x0000000086000000, 0x0000000086100000|  0%| F|  |TAMS 0x0000000086000000| PB 0x0000000086000000| Untracked 
|  97|0x0000000086100000, 0x0000000086100000, 0x0000000086200000|  0%| F|  |TAMS 0x0000000086100000| PB 0x0000000086100000| Untracked 
|  98|0x0000000086200000, 0x0000000086200000, 0x0000000086300000|  0%| F|  |TAMS 0x0000000086200000| PB 0x0000000086200000| Untracked 
|  99|0x0000000086300000, 0x0000000086300000, 0x0000000086400000|  0%| F|  |TAMS 0x0000000086300000| PB 0x0000000086300000| Untracked 
| 100|0x0000000086400000, 0x0000000086400000, 0x0000000086500000|  0%| F|  |TAMS 0x0000000086400000| PB 0x0000000086400000| Untracked 
| 101|0x0000000086500000, 0x0000000086500000, 0x0000000086600000|  0%| F|  |TAMS 0x0000000086500000| PB 0x0000000086500000| Untracked 
| 224|0x000000008e000000, 0x000000008e000000, 0x000000008e100000|  0%| F|  |TAMS 0x000000008e000000| PB 0x000000008e000000| Untracked 
| 225|0x000000008e100000, 0x000000008e100000, 0x000000008e200000|  0%| F|  |TAMS 0x000000008e100000| PB 0x000000008e100000| Untracked 
| 226|0x000000008e200000, 0x000000008e200000, 0x000000008e300000|  0%| F|  |TAMS 0x000000008e200000| PB 0x000000008e200000| Untracked 
| 227|0x000000008e300000, 0x000000008e300000, 0x000000008e400000|  0%| F|  |TAMS 0x000000008e300000| PB 0x000000008e300000| Untracked 
| 228|0x000000008e400000, 0x000000008e400000, 0x000000008e500000|  0%| F|  |TAMS 0x000000008e400000| PB 0x000000008e400000| Untracked 
| 229|0x000000008e500000, 0x000000008e500000, 0x000000008e600000|  0%| F|  |TAMS 0x000000008e500000| PB 0x000000008e500000| Untracked 
| 230|0x000000008e600000, 0x000000008e600000, 0x000000008e700000|  0%| F|  |TAMS 0x000000008e600000| PB 0x000000008e600000| Untracked 
| 231|0x000000008e700000, 0x000000008e700000, 0x000000008e800000|  0%| F|  |TAMS 0x000000008e700000| PB 0x000000008e700000| Untracked 
| 232|0x000000008e800000, 0x000000008e800000, 0x000000008e900000|  0%| F|  |TAMS 0x000000008e800000| PB 0x000000008e800000| Untracked 
| 255|0x000000008ff00000, 0x000000008ff00000, 0x0000000090000000|  0%| F|  |TAMS 0x000000008ff00000| PB 0x000000008ff00000| Untracked 
|2047|0x00000000fff00000, 0x0000000100000000, 0x0000000100000000|100%| O|  |TAMS 0x00000000fff00000| PB 0x00000000fff00000| Untracked 

Card table byte_map: [0x000001d4b69c0000,0x000001d4b6dc0000] _byte_map_base: 0x000001d4b65c0000

Marking Bits: (CMBitMap*) 0x000001d4a41698e0
 Bits: [0x000001d4b6dc0000, 0x000001d4b8dc0000)

Polling page: 0x000001d4a38e0000

Metaspace:

Usage:
  Non-class:     51.98 MB used.
      Class:      8.07 MB used.
       Both:     60.05 MB used.

Virtual space:
  Non-class space:       64.00 MB reserved,      52.75 MB ( 82%) committed,  1 nodes.
      Class space:        1.00 GB reserved,       8.88 MB ( <1%) committed,  1 nodes.
             Both:        1.06 GB reserved,      61.62 MB (  6%) committed. 

Chunk freelists:
   Non-Class:  10.44 MB
       Class:  7.09 MB
        Both:  17.53 MB

MaxMetaspaceSize: unlimited
CompressedClassSpaceSize: 1.00 GB
Initial GC threshold: 21.00 MB
Current GC threshold: 94.81 MB
CDS: off
 - commit_granule_bytes: 65536.
 - commit_granule_words: 8192.
 - virtual_space_node_default_size: 8388608.
 - enlarge_chunks_in_place: 1.
 - use_allocation_guard: 0.


Internal statistics:

num_allocs_failed_limit: 6.
num_arena_births: 2970.
num_arena_deaths: 0.
num_vsnodes_births: 2.
num_vsnodes_deaths: 0.
num_space_committed: 986.
num_space_uncommitted: 0.
num_chunks_returned_to_freelist: 6.
num_chunks_taken_from_freelist: 5499.
num_chunk_merges: 6.
num_chunk_splits: 3512.
num_chunks_enlarged: 2148.
num_inconsistent_stats: 0.

CodeHeap 'non-profiled nmethods': size=120000Kb used=2878Kb max_used=2909Kb free=117121Kb
 bounds [0x000001d4aed40000, 0x000001d4af020000, 0x000001d4b6270000]
CodeHeap 'profiled nmethods': size=120000Kb used=9777Kb max_used=9777Kb free=110222Kb
 bounds [0x000001d4a7270000, 0x000001d4a7c00000, 0x000001d4ae7a0000]
CodeHeap 'non-nmethods': size=5760Kb used=2716Kb max_used=2795Kb free=3043Kb
 bounds [0x000001d4ae7a0000, 0x000001d4aea70000, 0x000001d4aed40000]
 total_blobs=6034 nmethods=5163 adapters=774
 compilation: enabled
              stopped_count=0, restarted_count=0
 full_count=0

Compilation events (20 events):
Event: 3.623 Thread 0x000001d4bba53630 5919       3       kotlin.reflect.jvm.internal.impl.name.FqName::asString (16 bytes)
Event: 3.623 Thread 0x000001d4bba53630 nmethod 5919 0x000001d4a7bf9010 code [0x000001d4a7bf91e0, 0x000001d4a7bf9430]
Event: 3.623 Thread 0x000001d4bba53630 5920       3       kotlin.reflect.jvm.internal.impl.name.FqName::<init> (18 bytes)
Event: 3.623 Thread 0x000001d4bba53630 nmethod 5920 0x000001d4a7bf9510 code [0x000001d4a7bf96c0, 0x000001d4a7bf98f0]
Event: 3.625 Thread 0x000001d4bba53630 5921       3       java.util.jar.JarFile::getEntry (35 bytes)
Event: 3.625 Thread 0x000001d4bba53630 nmethod 5921 0x000001d4a7bf9a10 code [0x000001d4a7bf9c20, 0x000001d4a7bfa090]
Event: 3.626 Thread 0x000001d4bba53630 5922       2       java.util.jar.JarFile::getVersionedEntry (133 bytes)
Event: 3.627 Thread 0x000001d4bba53630 nmethod 5922 0x000001d4a7bfa210 code [0x000001d4a7bfa460, 0x000001d4a7bfaab8]
Event: 3.655 Thread 0x000001d4bba53630 5924       3       jdk.internal.jimage.BasicImageReader::getLocationIndex (52 bytes)
Event: 3.656 Thread 0x000001d4bba53630 nmethod 5924 0x000001d4a7bfaf10 code [0x000001d4a7bfb120, 0x000001d4a7bfb5a8]
Event: 3.656 Thread 0x000001d4bba53630 5925   !   3       java.util.ServiceLoader$LazyClassPathLookupIterator::hasNextService (144 bytes)
Event: 3.657 Thread 0x000001d4bba53630 nmethod 5925 0x000001d4a7bfb810 code [0x000001d4a7bfbbc0, 0x000001d4a7bfcff8]
Event: 3.660 Thread 0x000001d4c0018a90 nmethod 5719 0x000001d4aef43510 code [0x000001d4aef43fa0, 0x000001d4aef4ef70]
Event: 3.660 Thread 0x000001d4c0018a90 5784       4       java.util.regex.Matcher::match (154 bytes)
Event: 3.665 Thread 0x000001d4c0018a90 nmethod 5784 0x000001d4aedb2f10 code [0x000001d4aedb3100, 0x000001d4aedb3700]
Event: 3.665 Thread 0x000001d4c0018a90 5786       4       java.util.AbstractList$Itr::hasNext (20 bytes)
Event: 3.666 Thread 0x000001d4c0018a90 nmethod 5786 0x000001d4aedb2b90 code [0x000001d4aedb2d20, 0x000001d4aedb2e10]
Event: 3.666 Thread 0x000001d4c0018a90 5787   !   4       java.util.AbstractList$Itr::next (46 bytes)
Event: 3.667 Thread 0x000001d4c0018a90 nmethod 5787 0x000001d4aedb2590 code [0x000001d4aedb2740, 0x000001d4aedb2970]
Event: 3.667 Thread 0x000001d4c0018a90 5923       4       java.util.jar.JarFile::getEntry (35 bytes)

GC Heap History (20 events):
Event: 1.661 GC heap after
{Heap after GC invocations=6 (full 0):
 garbage-first heap   total 82944K, used 23337K [0x0000000080000000, 0x0000000100000000)
  region size 1024K, 11 young (11264K), 11 survivors (11264K)
 Metaspace       used 29358K, committed 29888K, reserved 1114112K
  class space    used 3731K, committed 3968K, reserved 1048576K
}
Event: 1.975 GC heap before
{Heap before GC invocations=6 (full 0):
 garbage-first heap   total 82944K, used 60201K [0x0000000080000000, 0x0000000100000000)
  region size 1024K, 48 young (49152K), 11 survivors (11264K)
 Metaspace       used 34467K, committed 35264K, reserved 1114112K
  class space    used 4610K, committed 4992K, reserved 1048576K
}
Event: 1.979 GC heap after
{Heap after GC invocations=7 (full 0):
 garbage-first heap   total 82944K, used 25737K [0x0000000080000000, 0x0000000100000000)
  region size 1024K, 6 young (6144K), 6 survivors (6144K)
 Metaspace       used 34467K, committed 35264K, reserved 1114112K
  class space    used 4610K, committed 4992K, reserved 1048576K
}
Event: 2.029 GC heap before
{Heap before GC invocations=7 (full 0):
 garbage-first heap   total 82944K, used 44169K [0x0000000080000000, 0x0000000100000000)
  region size 1024K, 13 young (13312K), 6 survivors (6144K)
 Metaspace       used 35060K, committed 35968K, reserved 1114112K
  class space    used 4706K, committed 5184K, reserved 1048576K
}
Event: 2.031 GC heap after
{Heap after GC invocations=8 (full 0):
 garbage-first heap   total 82944K, used 40727K [0x0000000080000000, 0x0000000100000000)
  region size 1024K, 6 young (6144K), 6 survivors (6144K)
 Metaspace       used 35060K, committed 35968K, reserved 1114112K
  class space    used 4706K, committed 5184K, reserved 1048576K
}
Event: 2.278 GC heap before
{Heap before GC invocations=9 (full 0):
 garbage-first heap   total 82944K, used 71447K [0x0000000080000000, 0x0000000100000000)
  region size 1024K, 35 young (35840K), 6 survivors (6144K)
 Metaspace       used 38573K, committed 39616K, reserved 1114112K
  class space    used 5253K, committed 5760K, reserved 1048576K
}
Event: 2.280 GC heap after
{Heap after GC invocations=10 (full 0):
 garbage-first heap   total 82944K, used 44007K [0x0000000080000000, 0x0000000100000000)
  region size 1024K, 5 young (5120K), 5 survivors (5120K)
 Metaspace       used 38573K, committed 39616K, reserved 1114112K
  class space    used 5253K, committed 5760K, reserved 1048576K
}
Event: 2.491 GC heap before
{Heap before GC invocations=10 (full 0):
 garbage-first heap   total 82944K, used 72679K [0x0000000080000000, 0x0000000100000000)
  region size 1024K, 33 young (33792K), 5 survivors (5120K)
 Metaspace       used 42468K, committed 43712K, reserved 1114112K
  class space    used 5885K, committed 6528K, reserved 1048576K
}
Event: 2.494 GC heap after
{Heap after GC invocations=11 (full 0):
 garbage-first heap   total 82944K, used 45220K [0x0000000080000000, 0x0000000100000000)
  region size 1024K, 4 young (4096K), 4 survivors (4096K)
 Metaspace       used 42468K, committed 43712K, reserved 1114112K
  class space    used 5885K, committed 6528K, reserved 1048576K
}
Event: 2.706 GC heap before
{Heap before GC invocations=11 (full 0):
 garbage-first heap   total 82944K, used 71844K [0x0000000080000000, 0x0000000100000000)
  region size 1024K, 31 young (31744K), 4 survivors (4096K)
 Metaspace       used 48288K, committed 49600K, reserved 1114112K
  class space    used 6583K, committed 7232K, reserved 1048576K
}
Event: 2.709 GC heap after
{Heap after GC invocations=12 (full 0):
 garbage-first heap   total 108544K, used 48737K [0x0000000080000000, 0x0000000100000000)
  region size 1024K, 4 young (4096K), 4 survivors (4096K)
 Metaspace       used 48288K, committed 49600K, reserved 1114112K
  class space    used 6583K, committed 7232K, reserved 1048576K
}
Event: 2.982 GC heap before
{Heap before GC invocations=13 (full 0):
 garbage-first heap   total 108544K, used 95841K [0x0000000080000000, 0x0000000100000000)
  region size 1024K, 46 young (47104K), 4 survivors (4096K)
 Metaspace       used 51961K, committed 53376K, reserved 1114112K
  class space    used 6934K, committed 7616K, reserved 1048576K
}
Event: 2.985 GC heap after
{Heap after GC invocations=14 (full 0):
 garbage-first heap   total 108544K, used 52813K [0x0000000080000000, 0x0000000100000000)
  region size 1024K, 6 young (6144K), 6 survivors (6144K)
 Metaspace       used 51961K, committed 53376K, reserved 1114112K
  class space    used 6934K, committed 7616K, reserved 1048576K
}
Event: 3.301 GC heap before
{Heap before GC invocations=14 (full 0):
 garbage-first heap   total 108544K, used 95821K [0x0000000080000000, 0x0000000100000000)
  region size 1024K, 46 young (47104K), 6 survivors (6144K)
 Metaspace       used 56463K, committed 58048K, reserved 1114112K
  class space    used 7680K, committed 8448K, reserved 1048576K
}
Event: 3.304 GC heap after
{Heap after GC invocations=15 (full 0):
 garbage-first heap   total 108544K, used 57877K [0x0000000080000000, 0x0000000100000000)
  region size 1024K, 4 young (4096K), 4 survivors (4096K)
 Metaspace       used 56463K, committed 58048K, reserved 1114112K
  class space    used 7680K, committed 8448K, reserved 1048576K
}
Event: 3.343 GC heap before
{Heap before GC invocations=15 (full 0):
 garbage-first heap   total 108544K, used 66069K [0x0000000080000000, 0x0000000100000000)
  region size 1024K, 13 young (13312K), 4 survivors (4096K)
 Metaspace       used 56599K, committed 58176K, reserved 1114112K
  class space    used 7683K, committed 8448K, reserved 1048576K
}
Event: 3.344 GC heap after
{Heap after GC invocations=16 (full 0):
 garbage-first heap   total 108544K, used 59208K [0x0000000080000000, 0x0000000100000000)
  region size 1024K, 2 young (2048K), 2 survivors (2048K)
 Metaspace       used 56599K, committed 58176K, reserved 1114112K
  class space    used 7683K, committed 8448K, reserved 1048576K
}
Event: 3.497 GC heap before
{Heap before GC invocations=17 (full 0):
 garbage-first heap   total 109568K, used 108360K [0x0000000080000000, 0x0000000100000000)
  region size 1024K, 37 young (37888K), 2 survivors (2048K)
 Metaspace       used 58951K, committed 60608K, reserved 1114112K
  class space    used 7893K, committed 8704K, reserved 1048576K
}
Event: 3.499 GC heap after
{Heap after GC invocations=18 (full 0):
 garbage-first heap   total 115712K, used 75146K [0x0000000080000000, 0x0000000100000000)
  region size 1024K, 5 young (5120K), 5 survivors (5120K)
 Metaspace       used 58951K, committed 60608K, reserved 1114112K
  class space    used 7893K, committed 8704K, reserved 1048576K
}
Event: 3.669 GC heap before
{Heap before GC invocations=18 (full 0):
 garbage-first heap   total 115712K, used 102794K [0x0000000080000000, 0x0000000100000000)
  region size 1024K, 32 young (32768K), 5 survivors (5120K)
 Metaspace       used 61495K, committed 63104K, reserved 1114112K
  class space    used 8268K, committed 9088K, reserved 1048576K
}

Dll operation events (3 events):
Event: 0.005 Loaded shared library D:\V-A\AndroidStudio\jbr\bin\java.dll
Event: 0.008 Loaded shared library D:\V-A\AndroidStudio\jbr\bin\zip.dll
Event: 0.317 Loaded shared library D:\V-A\AndroidStudio\jbr\bin\verify.dll

Deoptimization events (20 events):
Event: 3.481 Thread 0x000001d4c1affb30 DEOPT PACKING pc=0x000001d4a798b9de sp=0x000000322bdf81a0
Event: 3.481 Thread 0x000001d4c1affb30 DEOPT UNPACKING pc=0x000001d4ae7f4e42 sp=0x000000322bdf7688 mode 0
Event: 3.481 Thread 0x000001d4c1affb30 DEOPT PACKING pc=0x000001d4a797fe89 sp=0x000000322bdf8190
Event: 3.481 Thread 0x000001d4c1affb30 DEOPT UNPACKING pc=0x000001d4ae7f4e42 sp=0x000000322bdf7680 mode 0
Event: 3.483 Thread 0x000001d4c1affb30 DEOPT PACKING pc=0x000001d4a798b9de sp=0x000000322bdf81a0
Event: 3.483 Thread 0x000001d4c1affb30 DEOPT UNPACKING pc=0x000001d4ae7f4e42 sp=0x000000322bdf7688 mode 0
Event: 3.483 Thread 0x000001d4c1affb30 DEOPT PACKING pc=0x000001d4a797fe89 sp=0x000000322bdf8190
Event: 3.483 Thread 0x000001d4c1affb30 DEOPT UNPACKING pc=0x000001d4ae7f4e42 sp=0x000000322bdf7680 mode 0
Event: 3.532 Thread 0x000001d4c1affb30 Uncommon trap: trap_request=0xffffffcc fr.pc=0x000001d4aee962fc relative=0x00000000000002bc
Event: 3.532 Thread 0x000001d4c1affb30 Uncommon trap: reason=intrinsic_or_type_checked_inlining action=make_not_entrant pc=0x000001d4aee962fc method=java.util.Arrays.copyOfRange([Ljava/lang/Object;IILjava/lang/Class;)[Ljava/lang/Object; @ 84 c2
Event: 3.532 Thread 0x000001d4c1affb30 DEOPT PACKING pc=0x000001d4aee962fc sp=0x000000322bdf7d20
Event: 3.532 Thread 0x000001d4c1affb30 DEOPT UNPACKING pc=0x000001d4ae7f46a2 sp=0x000000322bdf7cc0 mode 2
Event: 3.624 Thread 0x000001d4c1affb30 Uncommon trap: trap_request=0xffffff54 fr.pc=0x000001d4aee035c4 relative=0x0000000000001644
Event: 3.624 Thread 0x000001d4c1affb30 Uncommon trap: reason=speculate_null_assert action=make_not_entrant pc=0x000001d4aee035c4 method=java.util.jar.JarFile.getVersionedEntry(Ljava/lang/String;Ljava/util/jar/JarEntry;)Ljava/util/jar/JarEntry; @ 115 c2
Event: 3.624 Thread 0x000001d4c1affb30 DEOPT PACKING pc=0x000001d4aee035c4 sp=0x000000322bdf7670
Event: 3.624 Thread 0x000001d4c1affb30 DEOPT UNPACKING pc=0x000001d4ae7f46a2 sp=0x000000322bdf7678 mode 2
Event: 3.624 Thread 0x000001d4c1affb30 Uncommon trap: trap_request=0xffffff45 fr.pc=0x000001d4aeda11e4 relative=0x00000000000007c4
Event: 3.624 Thread 0x000001d4c1affb30 Uncommon trap: reason=unstable_if action=reinterpret pc=0x000001d4aeda11e4 method=java.util.jar.JarFile.getEntry(Ljava/lang/String;)Ljava/util/zip/ZipEntry; @ 15 c2
Event: 3.624 Thread 0x000001d4c1affb30 DEOPT PACKING pc=0x000001d4aeda11e4 sp=0x000000322bdf7740
Event: 3.624 Thread 0x000001d4c1affb30 DEOPT UNPACKING pc=0x000001d4ae7f46a2 sp=0x000000322bdf7738 mode 2

Classes loaded (20 events):
Event: 3.371 Loading class java/lang/ClassCustomizer
Event: 3.371 Loading class java/lang/ClassCustomizer done
Event: 3.372 Loading class sun/reflect/generics/tree/BooleanSignature
Event: 3.372 Loading class sun/reflect/generics/tree/BooleanSignature done
Event: 3.372 Loading class sun/reflect/generics/reflectiveObjects/GenericArrayTypeImpl
Event: 3.372 Loading class sun/reflect/generics/reflectiveObjects/GenericArrayTypeImpl done
Event: 3.374 Loading class jdk/internal/vm/annotation/ForceInline
Event: 3.374 Loading class jdk/internal/vm/annotation/ForceInline done
Event: 3.452 Loading class java/util/BitSet$1BitSetSpliterator
Event: 3.452 Loading class java/util/BitSet$1BitSetSpliterator done
Event: 3.461 Loading class java/util/Collections$SynchronizedRandomAccessList
Event: 3.461 Loading class java/util/Collections$SynchronizedList
Event: 3.462 Loading class java/util/Collections$SynchronizedList done
Event: 3.462 Loading class java/util/Collections$SynchronizedRandomAccessList done
Event: 3.550 Loading class java/util/concurrent/atomic/AtomicReferenceFieldUpdater
Event: 3.551 Loading class java/util/concurrent/atomic/AtomicReferenceFieldUpdater done
Event: 3.551 Loading class java/util/concurrent/atomic/AtomicReferenceFieldUpdater$AtomicReferenceFieldUpdaterImpl
Event: 3.551 Loading class java/util/concurrent/atomic/AtomicReferenceFieldUpdater$AtomicReferenceFieldUpdaterImpl done
Event: 3.551 Loading class java/util/concurrent/atomic/AtomicReferenceFieldUpdater$AtomicReferenceFieldUpdaterImpl$1
Event: 3.551 Loading class java/util/concurrent/atomic/AtomicReferenceFieldUpdater$AtomicReferenceFieldUpdaterImpl$1 done

Classes unloaded (0 events):
No events

Classes redefined (0 events):
No events

Internal exceptions (20 events):
Event: 3.376 Thread 0x000001d4c1affb30 Implicit null exception at 0x000001d4aef81d44 to 0x000001d4aef82734
Event: 3.378 Thread 0x000001d4c1affb30 Exception <a 'java/lang/ClassNotFoundException'{0x000000008e6c8a78}: org/gradle/tooling/provider/model/internal/DefaultToolingModelBuilderRegistryBeanInfo> (0x000000008e6c8a78) 
thrown [s\src\hotspot\share\classfile\systemDictionary.cpp, line 312]
Event: 3.378 Thread 0x000001d4c1affb30 Exception <a 'java/lang/ClassNotFoundException'{0x000000008e6dd7d0}: org/gradle/tooling/provider/model/internal/DefaultToolingModelBuilderRegistryCustomizer> (0x000000008e6dd7d0) 
thrown [s\src\hotspot\share\classfile\systemDictionary.cpp, line 312]
Event: 3.382 Thread 0x000001d4c1affb30 Exception <a 'java/lang/ClassNotFoundException'{0x000000008e53bc90}: org/gradle/internal/service/ScopedServiceRegistryBeanInfo> (0x000000008e53bc90) 
thrown [s\src\hotspot\share\classfile\systemDictionary.cpp, line 312]
Event: 3.382 Thread 0x000001d4c1affb30 Exception <a 'java/lang/ClassNotFoundException'{0x000000008e550088}: org/gradle/internal/service/DefaultServiceRegistryBeanInfo> (0x000000008e550088) 
thrown [s\src\hotspot\share\classfile\systemDictionary.cpp, line 312]
Event: 3.383 Thread 0x000001d4c1affb30 Exception <a 'java/lang/ClassNotFoundException'{0x000000008e564498}: org/gradle/internal/service/DefaultServiceRegistryCustomizer> (0x000000008e564498) 
thrown [s\src\hotspot\share\classfile\systemDictionary.cpp, line 312]
Event: 3.384 Thread 0x000001d4c1affb30 Exception <a 'java/lang/ClassNotFoundException'{0x000000008e587140}: org/gradle/internal/service/ScopedServiceRegistryCustomizer> (0x000000008e587140) 
thrown [s\src\hotspot\share\classfile\systemDictionary.cpp, line 312]
Event: 3.386 Thread 0x000001d4c1affb30 Exception <a 'java/lang/ClassNotFoundException'{0x000000008e5d1388}: org/gradle/internal/extensibility/DefaultConventionBeanInfo> (0x000000008e5d1388) 
thrown [s\src\hotspot\share\classfile\systemDictionary.cpp, line 312]
Event: 3.386 Thread 0x000001d4c1affb30 Exception <a 'java/lang/ClassNotFoundException'{0x000000008e5e57b8}: org/gradle/internal/extensibility/DefaultConventionCustomizer> (0x000000008e5e57b8) 
thrown [s\src\hotspot\share\classfile\systemDictionary.cpp, line 312]
Event: 3.390 Thread 0x000001d4c1affb30 Exception <a 'java/lang/ClassNotFoundException'{0x000000008e47c570}: com/intellij/gradle/toolingExtension/impl/modelBuilder/ExtraModelBuilderBeanInfo> (0x000000008e47c570) 
thrown [s\src\hotspot\share\classfile\systemDictionary.cpp, line 312]
Event: 3.390 Thread 0x000001d4c1affb30 Exception <a 'java/lang/ClassNotFoundException'{0x000000008e488270}: com/intellij/gradle/toolingExtension/impl/modelBuilder/ExtraModelBuilderCustomizer> (0x000000008e488270) 
thrown [s\src\hotspot\share\classfile\systemDictionary.cpp, line 312]
Event: 3.454 Thread 0x000001d4c1affb30 Exception <a 'java/lang/IncompatibleClassChangeError'{0x0000000085847d28}: Found class java.lang.Object, but interface was expected> (0x0000000085847d28) 
thrown [s\src\hotspot\share\interpreter\linkResolver.cpp, line 851]
Event: 3.456 Thread 0x000001d4c1affb30 Exception <a 'sun/nio/fs/WindowsException'{0x00000000858707b0}> (0x00000000858707b0) 
thrown [s\src\hotspot\share\prims\jni.cpp, line 535]
Event: 3.457 Thread 0x000001d4c1affb30 Exception <a 'sun/nio/fs/WindowsException'{0x0000000085871f58}> (0x0000000085871f58) 
thrown [s\src\hotspot\share\prims\jni.cpp, line 535]
Event: 3.457 Thread 0x000001d4c1affb30 Exception <a 'sun/nio/fs/WindowsException'{0x00000000858736c8}> (0x00000000858736c8) 
thrown [s\src\hotspot\share\prims\jni.cpp, line 535]
Event: 3.457 Thread 0x000001d4c1affb30 Exception <a 'sun/nio/fs/WindowsException'{0x0000000085874a70}> (0x0000000085874a70) 
thrown [s\src\hotspot\share\prims\jni.cpp, line 535]
Event: 3.458 Thread 0x000001d4c1affb30 Exception <a 'java/lang/NoSuchMethodError'{0x0000000085885980}: 'java.lang.Object java.lang.invoke.Invokers$Holder.invoker(java.lang.Object, java.lang.Object, java.lang.Object, java.lang.Object, java.lang.Object, java.lang.Object)'> (0x0000000085885980) 
thrown [s\src\hotspot\share\interpreter\linkResolver.cpp, line 784]
Event: 3.466 Thread 0x000001d4c1affb30 Exception <a 'java/lang/NoSuchMethodError'{0x00000000857806c8}: 'java.lang.Object java.lang.invoke.Invokers$Holder.invoker(java.lang.Object, java.lang.Object, java.lang.Object, java.lang.Object, java.lang.Object, java.lang.Object, java.lang.Object, java.lang.Object, java.lang.Object, java.lang.Object, java.lang.Object, java.lang.Object, java.lang.Object, java.lang.Object, java.lang.Object, java.lang.Object, java.lang.Object, java.lang.Object, java.lang.Object, java.lang.Object, java.lang.Object, java.lang.
Event: 3.466 Thread 0x000001d4c1affb30 Exception <a 'java/lang/NoSuchMethodError'{0x0000000085787290}: 'java.lang.Object java.lang.invoke.DelegatingMethodHandle$Holder.delegate(java.lang.Object, java.lang.Object, java.lang.Object, java.lang.Object, java.lang.Object, java.lang.Object, java.lang.Object, java.lang.Object, java.lang.Object, java.lang.Object, java.lang.Object, java.lang.Object, java.lang.Object, java.lang.Object, java.lang.Object, java.lang.Object, java.lang.Object, java.lang.Object, java.lang.Object, java.lang.Object, java.lang.Obj
Event: 3.585 Thread 0x000001d4c1affb30 Exception <a 'java/lang/IncompatibleClassChangeError'{0x0000000085b05568}: Found class java.lang.Object, but interface was expected> (0x0000000085b05568) 
thrown [s\src\hotspot\share\interpreter\linkResolver.cpp, line 851]

ZGC Phase Switch (0 events):
No events

VM Operations (20 events):
Event: 2.985 Executing VM operation: G1CollectForAllocation (G1 Evacuation Pause) done
Event: 3.013 Executing VM operation: HandshakeAllThreads (Deoptimize)
Event: 3.013 Executing VM operation: HandshakeAllThreads (Deoptimize) done
Event: 3.189 Executing VM operation: HandshakeAllThreads (Deoptimize)
Event: 3.189 Executing VM operation: HandshakeAllThreads (Deoptimize) done
Event: 3.258 Executing VM operation: ICBufferFull
Event: 3.258 Executing VM operation: ICBufferFull done
Event: 3.300 Executing VM operation: G1CollectForAllocation (G1 Evacuation Pause)
Event: 3.304 Executing VM operation: G1CollectForAllocation (G1 Evacuation Pause) done
Event: 3.343 Executing VM operation: G1TryInitiateConcMark (G1 Humongous Allocation)
Event: 3.344 Executing VM operation: G1TryInitiateConcMark (G1 Humongous Allocation) done
Event: 3.361 Executing VM operation: G1PauseRemark
Event: 3.362 Executing VM operation: G1PauseRemark done
Event: 3.373 Executing VM operation: G1PauseCleanup
Event: 3.373 Executing VM operation: G1PauseCleanup done
Event: 3.380 Executing VM operation: HandshakeAllThreads (Deoptimize)
Event: 3.380 Executing VM operation: HandshakeAllThreads (Deoptimize) done
Event: 3.497 Executing VM operation: G1CollectForAllocation (G1 Evacuation Pause)
Event: 3.499 Executing VM operation: G1CollectForAllocation (G1 Evacuation Pause) done
Event: 3.669 Executing VM operation: G1CollectForAllocation (G1 Evacuation Pause)

Memory protections (0 events):
No events

Nmethod flushes (20 events):
Event: 3.362 Thread 0x000001d4bb9bc2d0 flushing  nmethod 0x000001d4a74a2610
Event: 3.362 Thread 0x000001d4bb9bc2d0 flushing  nmethod 0x000001d4a75f4310
Event: 3.362 Thread 0x000001d4bb9bc2d0 flushing  nmethod 0x000001d4a75f8490
Event: 3.362 Thread 0x000001d4bb9bc2d0 flushing  nmethod 0x000001d4a7618890
Event: 3.362 Thread 0x000001d4bb9bc2d0 flushing  nmethod 0x000001d4a7625890
Event: 3.362 Thread 0x000001d4bb9bc2d0 flushing  nmethod 0x000001d4a76d5e10
Event: 3.362 Thread 0x000001d4bb9bc2d0 flushing  nmethod 0x000001d4a76d6c10
Event: 3.362 Thread 0x000001d4bb9bc2d0 flushing  nmethod 0x000001d4a76d8010
Event: 3.362 Thread 0x000001d4bb9bc2d0 flushing  nmethod 0x000001d4a76daf90
Event: 3.362 Thread 0x000001d4bb9bc2d0 flushing  nmethod 0x000001d4a76dc690
Event: 3.362 Thread 0x000001d4bb9bc2d0 flushing  nmethod 0x000001d4a7722e90
Event: 3.362 Thread 0x000001d4bb9bc2d0 flushing  nmethod 0x000001d4a7723710
Event: 3.362 Thread 0x000001d4bb9bc2d0 flushing  nmethod 0x000001d4a7723f10
Event: 3.362 Thread 0x000001d4bb9bc2d0 flushing  nmethod 0x000001d4a7726b90
Event: 3.362 Thread 0x000001d4bb9bc2d0 flushing  nmethod 0x000001d4a7727b90
Event: 3.362 Thread 0x000001d4bb9bc2d0 flushing  nmethod 0x000001d4a77ca290
Event: 3.362 Thread 0x000001d4bb9bc2d0 flushing  nmethod 0x000001d4a77cd310
Event: 3.362 Thread 0x000001d4bb9bc2d0 flushing  nmethod 0x000001d4a780b390
Event: 3.362 Thread 0x000001d4bb9bc2d0 flushing  nmethod 0x000001d4a787f090
Event: 3.362 Thread 0x000001d4bb9bc2d0 flushing  nmethod 0x000001d4a796b390

Events (20 events):
Event: 2.382 Thread 0x000001d4c1affb30 Thread added: 0x000001d4c5241dd0
Event: 2.426 Thread 0x000001d4c1affb30 Thread added: 0x000001d4c5244bc0
Event: 3.208 Thread 0x000001d4c1affb30 Thread added: 0x000001d4c5241740
Event: 3.209 Thread 0x000001d4c1affb30 Thread added: 0x000001d4c5244530
Event: 3.227 Thread 0x000001d4c1affb30 Thread added: 0x000001d4c2008330
Event: 3.228 Thread 0x000001d4c1affb30 Thread added: 0x000001d4c2009050
Event: 3.299 Thread 0x000001d4c1affb30 Thread added: 0x000001d4c200a400
Event: 3.300 Thread 0x000001d4c1affb30 Thread added: 0x000001d4c20089c0
Event: 3.300 Thread 0x000001d4c1affb30 Thread added: 0x000001d4c2009d70
Event: 3.300 Thread 0x000001d4c1affb30 Thread added: 0x000001d4c200b7b0
Event: 3.305 Thread 0x000001d4c1affb30 Thread added: 0x000001d4c200aa90
Event: 3.305 Thread 0x000001d4c1affb30 Thread added: 0x000001d4c200b120
Event: 3.306 Thread 0x000001d4c1affb30 Thread added: 0x000001d4c3d4a230
Event: 3.311 Thread 0x000001d4c1affb30 Thread added: 0x000001d4c3d44ce0
Event: 3.312 Thread 0x000001d4c1affb30 Thread added: 0x000001d4c3d4a8c0
Event: 3.312 Thread 0x000001d4c1affb30 Thread added: 0x000001d4c3d48e80
Event: 3.312 Thread 0x000001d4c1affb30 Thread added: 0x000001d4c3d47440
Event: 3.312 Thread 0x000001d4c1affb30 Thread added: 0x000001d4c3d4c300
Event: 3.312 Thread 0x000001d4c1affb30 Thread added: 0x000001d4c3d4af50
Event: 3.313 Thread 0x000001d4c1affb30 Thread added: 0x000001d4c3d49510


Dynamic libraries:
0x00007ff678ee0000 - 0x00007ff678eea000 	D:\V-A\AndroidStudio\jbr\bin\java.exe
0x00007ffd34fb0000 - 0x00007ffd351a8000 	C:\WINDOWS\SYSTEM32\ntdll.dll
0x00007ffd33250000 - 0x00007ffd33312000 	C:\WINDOWS\System32\KERNEL32.DLL
0x00007ffd32ac0000 - 0x00007ffd32dbf000 	C:\WINDOWS\System32\KERNELBASE.dll
0x00007ffd32860000 - 0x00007ffd32960000 	C:\WINDOWS\System32\ucrtbase.dll
0x00007ffd19fb0000 - 0x00007ffd19fcb000 	D:\V-A\AndroidStudio\jbr\bin\VCRUNTIME140.dll
0x00007ffd25da0000 - 0x00007ffd25db8000 	D:\V-A\AndroidStudio\jbr\bin\jli.dll
0x00007ffd33400000 - 0x00007ffd3359d000 	C:\WINDOWS\System32\USER32.dll
0x00007ffd32770000 - 0x00007ffd32792000 	C:\WINDOWS\System32\win32u.dll
0x00007ffd1a770000 - 0x00007ffd1aa0a000 	C:\WINDOWS\WinSxS\amd64_microsoft.windows.common-controls_6595b64144ccf1df_6.0.19041.4355_none_60b8b9eb71f62e16\COMCTL32.dll
0x00007ffd34a50000 - 0x00007ffd34a7b000 	C:\WINDOWS\System32\GDI32.dll
0x00007ffd34a80000 - 0x00007ffd34b1e000 	C:\WINDOWS\System32\msvcrt.dll
0x00007ffd32650000 - 0x00007ffd3276a000 	C:\WINDOWS\System32\gdi32full.dll
0x00007ffd329b0000 - 0x00007ffd32a4d000 	C:\WINDOWS\System32\msvcp_win.dll
0x00007ffd33320000 - 0x00007ffd3334f000 	C:\WINDOWS\System32\IMM32.DLL
0x00007ffd25b00000 - 0x00007ffd25b0c000 	D:\V-A\AndroidStudio\jbr\bin\vcruntime140_1.dll
0x00007ffd1bcc0000 - 0x00007ffd1bd4d000 	D:\V-A\AndroidStudio\jbr\bin\msvcp140.dll
0x00007ffcf2f10000 - 0x00007ffcf3b9a000 	D:\V-A\AndroidStudio\jbr\bin\server\jvm.dll
0x00007ffd331a0000 - 0x00007ffd3324f000 	C:\WINDOWS\System32\ADVAPI32.dll
0x00007ffd33600000 - 0x00007ffd3369f000 	C:\WINDOWS\System32\sechost.dll
0x00007ffd33fe0000 - 0x00007ffd34103000 	C:\WINDOWS\System32\RPCRT4.dll
0x00007ffd32830000 - 0x00007ffd32857000 	C:\WINDOWS\System32\bcrypt.dll
0x00007ffd34590000 - 0x00007ffd345fb000 	C:\WINDOWS\System32\WS2_32.dll
0x00007ffd31ba0000 - 0x00007ffd31beb000 	C:\WINDOWS\SYSTEM32\POWRPROF.dll
0x00007ffd2b090000 - 0x00007ffd2b09a000 	C:\WINDOWS\SYSTEM32\VERSION.dll
0x00007ffd200f0000 - 0x00007ffd20117000 	C:\WINDOWS\SYSTEM32\WINMM.dll
0x00007ffd31a10000 - 0x00007ffd31a22000 	C:\WINDOWS\SYSTEM32\UMPDC.dll
0x00007ffd30e80000 - 0x00007ffd30e92000 	C:\WINDOWS\SYSTEM32\kernel.appcore.dll
0x00007ffd25ad0000 - 0x00007ffd25ada000 	D:\V-A\AndroidStudio\jbr\bin\jimage.dll
0x00007ffd30480000 - 0x00007ffd30664000 	C:\WINDOWS\SYSTEM32\DBGHELP.DLL
0x00007ffd16c20000 - 0x00007ffd16c54000 	C:\WINDOWS\SYSTEM32\dbgcore.DLL
0x00007ffd327a0000 - 0x00007ffd32822000 	C:\WINDOWS\System32\bcryptPrimitives.dll
0x00007ffd2f2c0000 - 0x00007ffd2f2ce000 	D:\V-A\AndroidStudio\jbr\bin\instrument.dll
0x00007ffd17c80000 - 0x00007ffd17ca0000 	D:\V-A\AndroidStudio\jbr\bin\java.dll
0x00007ffd16a10000 - 0x00007ffd16a28000 	D:\V-A\AndroidStudio\jbr\bin\zip.dll
0x00007ffd33730000 - 0x00007ffd33e9d000 	C:\WINDOWS\System32\SHELL32.dll
0x00007ffd30690000 - 0x00007ffd30e34000 	C:\WINDOWS\SYSTEM32\windows.storage.dll
0x00007ffd34c10000 - 0x00007ffd34f65000 	C:\WINDOWS\System32\combase.dll
0x00007ffd31fa0000 - 0x00007ffd31fcb000 	C:\WINDOWS\SYSTEM32\Wldp.dll
0x00007ffd34900000 - 0x00007ffd349cd000 	C:\WINDOWS\System32\OLEAUT32.dll
0x00007ffd33350000 - 0x00007ffd333fd000 	C:\WINDOWS\System32\SHCORE.dll
0x00007ffd335a0000 - 0x00007ffd335f5000 	C:\WINDOWS\System32\shlwapi.dll
0x00007ffd32580000 - 0x00007ffd325a5000 	C:\WINDOWS\SYSTEM32\profapi.dll
0x00007ffd253a0000 - 0x00007ffd253b0000 	D:\V-A\AndroidStudio\jbr\bin\net.dll
0x00007ffd2ccb0000 - 0x00007ffd2cdba000 	C:\WINDOWS\SYSTEM32\WINHTTP.dll
0x00007ffd31d80000 - 0x00007ffd31dec000 	C:\WINDOWS\system32\mswsock.dll
0x00007ffd15ec0000 - 0x00007ffd15ed6000 	D:\V-A\AndroidStudio\jbr\bin\nio.dll
0x00007ffd1b350000 - 0x00007ffd1b360000 	D:\V-A\AndroidStudio\jbr\bin\verify.dll
0x00007ffd0e490000 - 0x00007ffd0e4b7000 	C:\Users\User\.gradle\native\c067742578af261105cb4f569cf0c3c89f3d7b1fecec35dd04571415982c5e48\windows-amd64\native-platform.dll
0x00007ffcfc650000 - 0x00007ffcfc794000 	C:\Users\User\.gradle\native\100fb08df4bc3b14c8652ba06237920a3bd2aa13389f12d3474272988ae205f9\windows-amd64\native-platform-file-events.dll
0x00007ffd20040000 - 0x00007ffd20049000 	D:\V-A\AndroidStudio\jbr\bin\management.dll
0x00007ffd1c4a0000 - 0x00007ffd1c4ab000 	D:\V-A\AndroidStudio\jbr\bin\management_ext.dll
0x00007ffd34740000 - 0x00007ffd34748000 	C:\WINDOWS\System32\PSAPI.DLL
0x00007ffd31fe0000 - 0x00007ffd31ff8000 	C:\WINDOWS\SYSTEM32\CRYPTSP.dll
0x00007ffd31650000 - 0x00007ffd31688000 	C:\WINDOWS\system32\rsaenh.dll
0x00007ffd32500000 - 0x00007ffd3252e000 	C:\WINDOWS\SYSTEM32\USERENV.dll
0x00007ffd31f10000 - 0x00007ffd31f1c000 	C:\WINDOWS\SYSTEM32\CRYPTBASE.dll
0x00007ffd31a30000 - 0x00007ffd31a6b000 	C:\WINDOWS\SYSTEM32\IPHLPAPI.DLL
0x00007ffd34c00000 - 0x00007ffd34c08000 	C:\WINDOWS\System32\NSI.dll
0x00007ffd24940000 - 0x00007ffd24949000 	D:\V-A\AndroidStudio\jbr\bin\extnet.dll
0x00007ffd16640000 - 0x00007ffd16647000 	C:\WINDOWS\system32\wshunix.dll

dbghelp: loaded successfully - version: 4.0.5 - missing functions: none
symbol engine: initialized successfully - sym options: 0x614 - pdb path: .;D:\V-A\AndroidStudio\jbr\bin;C:\WINDOWS\SYSTEM32;C:\WINDOWS\WinSxS\amd64_microsoft.windows.common-controls_6595b64144ccf1df_6.0.19041.4355_none_60b8b9eb71f62e16;D:\V-A\AndroidStudio\jbr\bin\server;C:\Users\User\.gradle\native\c067742578af261105cb4f569cf0c3c89f3d7b1fecec35dd04571415982c5e48\windows-amd64;C:\Users\User\.gradle\native\100fb08df4bc3b14c8652ba06237920a3bd2aa13389f12d3474272988ae205f9\windows-amd64

VM Arguments:
jvm_args: --add-opens=java.base/java.lang=ALL-UNNAMED --add-opens=java.base/java.lang.invoke=ALL-UNNAMED --add-opens=java.base/java.util=ALL-UNNAMED --add-opens=java.prefs/java.util.prefs=ALL-UNNAMED --add-exports=jdk.compiler/com.sun.tools.javac.api=ALL-UNNAMED --add-exports=jdk.compiler/com.sun.tools.javac.util=ALL-UNNAMED --add-opens=java.base/java.util=ALL-UNNAMED --add-opens=java.prefs/java.util.prefs=ALL-UNNAMED --add-opens=java.base/java.nio.charset=ALL-UNNAMED --add-opens=java.base/java.net=ALL-UNNAMED --add-opens=java.base/java.util.concurrent.atomic=ALL-UNNAMED --add-opens=java.xml/javax.xml.namespace=ALL-UNNAMED -Xmx2048m -Dfile.encoding=UTF-8 -Duser.country=AU -Duser.language=en -Duser.variant -javaagent:C:\Users\User\.gradle\wrapper\dists\gradle-8.11.1-bin\bpt9gzteqjrbo1mjrsomdt32c\gradle-8.11.1\lib\agents\gradle-instrumentation-agent-8.11.1.jar 
java_command: org.gradle.launcher.daemon.bootstrap.GradleDaemon 8.11.1
java_class_path (initial): C:\Users\User\.gradle\wrapper\dists\gradle-8.11.1-bin\bpt9gzteqjrbo1mjrsomdt32c\gradle-8.11.1\lib\gradle-daemon-main-8.11.1.jar
Launcher Type: SUN_STANDARD

[Global flags]
     intx CICompilerCount                          = 4                                         {product} {ergonomic}
     uint ConcGCThreads                            = 2                                         {product} {ergonomic}
     uint G1ConcRefinementThreads                  = 8                                         {product} {ergonomic}
   size_t G1HeapRegionSize                         = 1048576                                   {product} {ergonomic}
    uintx GCDrainStackTargetSize                   = 64                                        {product} {ergonomic}
   size_t InitialHeapSize                          = 268435456                                 {product} {ergonomic}
   size_t MarkStackSize                            = 4194304                                   {product} {ergonomic}
   size_t MaxHeapSize                              = 2147483648                                {product} {command line}
   size_t MaxNewSize                               = 1287651328                                {product} {ergonomic}
   size_t MinHeapDeltaBytes                        = 1048576                                   {product} {ergonomic}
   size_t MinHeapSize                              = 8388608                                   {product} {ergonomic}
    uintx NonNMethodCodeHeapSize                   = 5839372                                {pd product} {ergonomic}
    uintx NonProfiledCodeHeapSize                  = 122909434                              {pd product} {ergonomic}
    uintx ProfiledCodeHeapSize                     = 122909434                              {pd product} {ergonomic}
    uintx ReservedCodeCacheSize                    = 251658240                              {pd product} {ergonomic}
     bool SegmentedCodeCache                       = true                                      {product} {ergonomic}
   size_t SoftMaxHeapSize                          = 2147483648                             {manageable} {ergonomic}
     bool UseCompressedOops                        = true                           {product lp64_product} {ergonomic}
     bool UseG1GC                                  = true                                      {product} {ergonomic}
     bool UseLargePagesIndividualAllocation        = false                                  {pd product} {ergonomic}

Logging:
Log output configuration:
 #0: stdout all=warning uptime,level,tags foldmultilines=false
 #1: stderr all=off uptime,level,tags foldmultilines=false

Environment Variables:
PATH=C:\Program Files\Common Files\Oracle\Java\javapath;C:\Ruby32-x64\bin;C:\Program Files\Microsoft SDKs\Azure\CLI2\wbin;C:\WINDOWS\system32;C:\WINDOWS;C:\WINDOWS\System32\Wbem;C:\WINDOWS\System32\WindowsPowerShell\v1.0\;C:\WINDOWS\System32\OpenSSH\;C:\Program Files\nodejs\;C:\Program Files\Git\cmd;C:\Program Files\Docker\Docker\resources\bin;D:\V-A\Terraform;D:\V-A\Kubectl;C:\Program Files (x86)\Google\Cloud SDK\google-cloud-sdk\bin;C:\Program Files\Pandoc\;C:\Program Files\MiKTeX\miktex\bin\x64\;C:\Program Files\sqlite;C:\minikube;C:\kubectl;C:\Program Files\Graphviz\bin;D:\V-A\Git LFS;C:\Program Files\dotnet\;D:\V-A\PostgreSQL\17\bin;D:\V-A\;C:\Users\User\AppData\Local\Programs\Python\Python38-32\Scripts\;C:\Users\User\AppData\Local\Programs\Python\Python38-32\;C:\Users\User\AppData\Local\Programs\Python\Python311\Scripts\;C:\Users\User\AppData\Local\Programs\Python\Python311\;C:\Users\User\AppData\Local\Microsoft\WindowsApps;D:\V-A\Microsoft VS Code\bin;C:\Users\User\AppData\Roaming\npm;C:\Ruby-on-Windows\rbenv\bin\;C:\Program Files\sqlite;
USERNAME=User
OS=Windows_NT
PROCESSOR_IDENTIFIER=Intel64 Family 6 Model 158 Stepping 13, GenuineIntel
TMP=C:\Users\User\AppData\Local\Temp
TEMP=C:\Users\User\AppData\Local\Temp




Periodic native trim disabled

JNI global refs:
JNI global refs: 26, weak refs: 1

JNI global refs memory usage: 835, weak refs: 833

Process memory usage:
Resident Set Size: 357080K (2% of 16693620K total physical memory with 876820K free physical memory)

OOME stack traces (most recent first):
Classloader memory used:
Loader org.gradle.internal.classloader.VisitableURLClassLoader                         : 29923K
Loader bootstrap                                                                       : 22513K
Loader org.gradle.initialization.MixInLegacyTypesClassLoader                           : 6718K
Loader org.gradle.internal.classloader.VisitableURLClassLoader                         : 726K
Loader org.gradle.internal.classloader.VisitableURLClassLoader$InstrumentingVisitableURLClassLoader: 565K
Loader jdk.internal.loader.ClassLoaders$PlatformClassLoader                            : 512K
Loader jdk.internal.loader.ClassLoaders$AppClassLoader                                 : 235K
Loader jdk.internal.reflect.DelegatingClassLoader                                      : 164K
Loader org.gradle.groovy.scripts.internal.DefaultScriptCompilationHandler$ScriptClassLoader: 88848B
Loader org.codehaus.groovy.runtime.callsite.CallSiteClassLoader                        : 49592B

Classes loaded by more than one classloader:
Class org.gradle.api.GradleException                                                  : loaded 3 times (x 78B)
Class org.gradle.internal.classloader.FilteringClassLoader                            : loaded 2 times (x 101B)
Class org.gradle.internal.classloader.ClassLoaderHierarchy                            : loaded 2 times (x 66B)
Class org.gradle.api.internal.classpath.ManifestUtil                                  : loaded 2 times (x 67B)
Class org.gradle.internal.operations.MultipleBuildOperationFailures                   : loaded 2 times (x 91B)
Class org.gradle.internal.classloader.DefaultClassLoaderFactory                       : loaded 2 times (x 78B)
Class kotlin.collections.AbstractList$Companion                                       : loaded 2 times (x 67B)
Class org.gradle.internal.classloader.ClassLoaderVisitor                              : loaded 2 times (x 72B)
Class org.gradle.api.internal.classpath.EffectiveClassPath                            : loaded 2 times (x 86B)
Class org.gradle.api.internal.DefaultClassPathProvider                                : loaded 2 times (x 72B)
Class [Lorg.gradle.api.internal.ClassPathProvider;                                    : loaded 2 times (x 65B)
Class org.gradle.api.internal.ClassPathProvider                                       : loaded 2 times (x 66B)
Class org.gradle.internal.service.UnknownServiceException                             : loaded 2 times (x 79B)
Class org.gradle.internal.classpath.TransformedClassPath                              : loaded 2 times (x 92B)
Class org.gradle.internal.classloader.InstrumentingClassLoader                        : loaded 2 times (x 66B)
Class kotlin.enums.EnumEntriesList                                                    : loaded 2 times (x 219B)
Class sync_studio_tooling5_9lmq2g2zvgc2zzmliok8etk69                                  : loaded 2 times (x 175B)
Class org.gradle.internal.service.ServiceLocator                                      : loaded 2 times (x 66B)
Class org.gradle.internal.InternalTransformer                                         : loaded 2 times (x 66B)
Class org.gradle.internal.time.DefaultTimer                                           : loaded 2 times (x 76B)
Class org.gradle.internal.classloader.ClasspathUtil$1                                 : loaded 2 times (x 72B)
Class org.gradle.api.internal.classpath.DefaultModuleRegistry$DefaultModule           : loaded 2 times (x 82B)
Class org.gradle.internal.time.DefaultCountdownTimer                                  : loaded 2 times (x 84B)
Class kotlin.Function                                                                 : loaded 2 times (x 66B)
Class org.gradle.api.internal.classpath.Module                                        : loaded 2 times (x 66B)
Class org.gradle.api.internal.classpath.UnknownModuleException                        : loaded 2 times (x 78B)
Class org.gradle.api.internal.DefaultClassPathRegistry                                : loaded 2 times (x 72B)
Class org.gradle.api.internal.ClassPathRegistry                                       : loaded 2 times (x 66B)
Class org.gradle.internal.classpath.DefaultClassPath$ImmutableUniqueList              : loaded 2 times (x 195B)
Class ijInit1_35dm7hl684e41ngwa7vmcdovq                                               : loaded 2 times (x 175B)
Class org.gradle.internal.classpath.ClassPath                                         : loaded 2 times (x 66B)
Class org.gradle.api.UncheckedIOException                                             : loaded 2 times (x 78B)
Class kotlin.UninitializedPropertyAccessException                                     : loaded 2 times (x 78B)
Class org.gradle.internal.installation.GradleInstallation$1                           : loaded 2 times (x 71B)
Class org.gradle.api.internal.classpath.ModuleRegistry                                : loaded 2 times (x 66B)
Class org.gradle.api.internal.classpath.DefaultModuleRegistry                         : loaded 2 times (x 82B)
Class org.gradle.internal.time.MonotonicClock                                         : loaded 2 times (x 73B)
Class org.gradle.internal.service.ServiceLookupException                              : loaded 2 times (x 78B)
Class org.gradle.internal.classloader.ClassLoaderFactory                              : loaded 2 times (x 66B)
Class org.gradle.internal.service.CachingServiceLocator                               : loaded 2 times (x 78B)
Class org.gradle.internal.time.TimeSource                                             : loaded 2 times (x 66B)
Class kotlin.enums.EnumEntries                                                        : loaded 2 times (x 66B)
Class org.gradle.internal.exceptions.ResolutionProvider                               : loaded 2 times (x 66B)
Class org.gradle.internal.classloader.ClasspathUtil                                   : loaded 2 times (x 67B)
Class org.gradle.internal.time.TimeSource$1                                           : loaded 2 times (x 73B)
Class kotlin.jvm.internal.DefaultConstructorMarker                                    : loaded 2 times (x 67B)
Class org.gradle.api.specs.Spec                                                       : loaded 2 times (x 66B)
Class org.gradle.internal.time.Clock                                                  : loaded 2 times (x 66B)
Class kotlin.collections.AbstractList                                                 : loaded 2 times (x 193B)
Class kotlin.collections.AbstractCollection                                           : loaded 2 times (x 113B)
Class org.gradle.internal.classloader.VisitableURLClassLoader$InstrumentingVisitableURLClassLoader: loaded 2 times (x 119B)
Class org.gradle.internal.classloader.VisitableURLClassLoader$Spec                    : loaded 2 times (x 70B)
Class org.gradle.internal.classpath.DefaultClassPath                                  : loaded 2 times (x 86B)
Class org.gradle.internal.classloader.ClassLoaderSpec                                 : loaded 2 times (x 67B)
Class kotlin.Unit                                                                     : loaded 2 times (x 67B)
Class org.gradle.internal.classloader.VisitableURLClassLoader                         : loaded 2 times (x 113B)
Class org.gradle.internal.Cast                                                        : loaded 2 times (x 67B)
Class org.gradle.api.Action                                                           : loaded 2 times (x 66B)
Class kotlin.jvm.functions.Function1                                                  : loaded 2 times (x 66B)
Class org.gradle.internal.classpath.DefaultClassPath$ImmutableUniqueList$Builder      : loaded 2 times (x 71B)
Class kotlin.NotImplementedError                                                      : loaded 2 times (x 78B)
Class org.gradle.internal.exceptions.NonGradleCauseExceptionsHolder                   : loaded 2 times (x 66B)
Class org.jetbrains.plugins.gradle.tooling.ModelBuilderService$Parameter              : loaded 2 times (x 66B)
Class kotlin.enums.EnumEntriesKt                                                      : loaded 2 times (x 67B)
Class org.gradle.internal.IoActions                                                   : loaded 2 times (x 67B)
Class org.gradle.internal.classloader.SystemClassLoaderSpec                           : loaded 2 times (x 67B)
Class org.gradle.internal.exceptions.MultiCauseException                              : loaded 2 times (x 66B)
Class org.gradle.internal.time.CountdownTimer                                         : loaded 2 times (x 66B)
Class kotlin.jvm.internal.Intrinsics                                                  : loaded 2 times (x 67B)
Class org.gradle.tooling.model.ProjectModel                                           : loaded 2 times (x 66B)
Class kotlin.KotlinNullPointerException                                               : loaded 2 times (x 79B)
Class org.gradle.internal.exceptions.DefaultMultiCauseException                       : loaded 2 times (x 91B)
Class org.gradle.internal.time.Time                                                   : loaded 2 times (x 67B)
Class org.gradle.api.internal.classpath.GlobalCacheRootsProvider                      : loaded 2 times (x 66B)
Class org.gradle.internal.time.Timer                                                  : loaded 2 times (x 66B)
Class kotlin.jvm.internal.markers.KMappedMarker                                       : loaded 2 times (x 66B)
Class org.gradle.internal.installation.CurrentGradleInstallationLocator               : loaded 2 times (x 67B)
Class org.gradle.internal.service.DefaultServiceLocator                               : loaded 2 times (x 79B)
Class org.gradle.util.GradleVersion                                                   : loaded 2 times (x 79B)
Class org.gradle.internal.installation.CurrentGradleInstallation                      : loaded 2 times (x 69B)
Class org.gradle.util.internal.GUtil                                                  : loaded 2 times (x 67B)
Class org.gradle.internal.installation.GradleInstallation                             : loaded 2 times (x 71B)

---------------  S Y S T E M  ---------------

OS:
 Windows 10 , 64 bit Build 19041 (10.0.19041.5438)
OS uptime: 24 days 6:30 hours
Hyper-V role detected

CPU: total 8 (initial active 8) (8 cores per cpu, 1 threads per core) family 6 model 158 stepping 13 microcode 0xb4, cx8, cmov, fxsr, mmx, 3dnowpref, sse, sse2, sse3, ssse3, sse4.1, sse4.2, popcnt, lzcnt, tsc, tscinvbit, avx, avx2, aes, erms, clmul, bmi1, bmi2, rtm, adx, fma, vzeroupper, clflush, clflushopt, hv, rdtscp, f16c
Processor Information for all 8 processors :
  Max Mhz: 3601, Current Mhz: 3601, Mhz Limit: 3601

Memory: 4k page, system-wide physical 16302M (856M free)
TotalPageFile size 28721M (AvailPageFile size 18M)
current process WorkingSet (physical memory assigned to process): 341M, peak: 351M
current process commit charge ("private bytes"): 378M, peak: 409M

vm_info: OpenJDK 64-Bit Server VM (21.0.5+-12932927-b750.29) for windows-amd64 JRE (21.0.5+-12932927-b750.29), built on 2025-01-17T02:01:10Z by "builder" with MS VC++ 16.10 / 16.11 (VS2019)

END.
