#
# There is insufficient memory for the Java Runtime Environment to continue.
# Native memory allocation (malloc) failed to allocate 1048496 bytes. Error detail: Chunk::new
# Possible reasons:
#   The system is out of physical RAM or swap space
#   This process is running with CompressedOops enabled, and the Java Heap may be blocking the growth of the native heap
# Possible solutions:
#   Reduce memory load on the system
#   Increase physical memory or swap space
#   Check if swap backing store is full
#   Decrease Java heap size (-Xmx/-Xms)
#   Decrease number of Java threads
#   Decrease Java thread stack sizes (-Xss)
#   Set larger code cache with -XX:ReservedCodeCacheSize=
#   JVM is running with Unscaled Compressed Oops mode in which the Java heap is
#     placed in the first 4GB address space. The Java Heap base address is the
#     maximum limit for the native heap growth. Please use -XX:HeapBaseMinAddress
#     to set the Java Heap base and to place the Java Heap above 4GB virtual address.
# This output file may be truncated or incomplete.
#
#  Out of Memory Error (arena.cpp:168), pid=45796, tid=36640
#
# JRE version: OpenJDK Runtime Environment (21.0.5) (build 21.0.5+-12932927-b750.29)
# Java VM: OpenJDK 64-Bit Server VM (21.0.5+-12932927-b750.29, mixed mode, tiered, compressed oops, compressed class ptrs, g1 gc, windows-amd64)
# No core dump will be written. Minidumps are not enabled by default on client versions of Windows
#

---------------  S U M M A R Y ------------

Command Line: --add-opens=java.base/java.lang=ALL-UNNAMED --add-opens=java.base/java.lang.invoke=ALL-UNNAMED --add-opens=java.base/java.util=ALL-UNNAMED --add-opens=java.prefs/java.util.prefs=ALL-UNNAMED --add-exports=jdk.compiler/com.sun.tools.javac.api=ALL-UNNAMED --add-exports=jdk.compiler/com.sun.tools.javac.util=ALL-UNNAMED --add-opens=java.base/java.util=ALL-UNNAMED --add-opens=java.prefs/java.util.prefs=ALL-UNNAMED --add-opens=java.base/java.nio.charset=ALL-UNNAMED --add-opens=java.base/java.net=ALL-UNNAMED --add-opens=java.base/java.util.concurrent.atomic=ALL-UNNAMED --add-opens=java.xml/javax.xml.namespace=ALL-UNNAMED -Xmx2048m -Dfile.encoding=UTF-8 -Duser.country=AU -Duser.language=en -Duser.variant -javaagent:C:\Users\User\.gradle\wrapper\dists\gradle-8.11.1-bin\bpt9gzteqjrbo1mjrsomdt32c\gradle-8.11.1\lib\agents\gradle-instrumentation-agent-8.11.1.jar org.gradle.launcher.daemon.bootstrap.GradleDaemon 8.11.1

Host: Intel(R) Core(TM) i7-9700KF CPU @ 3.60GHz, 8 cores, 15G,  Windows 10 , 64 bit Build 19041 (10.0.19041.5438)
Time: Sun Apr  6 23:26:31 2025 AUS Eastern Standard Time elapsed time: 7.540848 seconds (0d 0h 0m 7s)

---------------  T H R E A D  ---------------

Current thread (0x0000019f1ac40a60):  JavaThread "C2 CompilerThread0" daemon [_thread_in_native, id=36640, stack(0x000000306fe00000,0x000000306ff00000) (1024K)]


Current CompileTask:
C2:7540 6562   !   4       java.net.URLClassLoader::findClass (47 bytes)

Stack: [0x000000306fe00000,0x000000306ff00000]
Native frames: (J=compiled Java code, j=interpreted, Vv=VM code, C=native code)
V  [jvm.dll+0x6cfb29]
V  [jvm.dll+0x85ded3]
V  [jvm.dll+0x86042e]
V  [jvm.dll+0x860b13]
V  [jvm.dll+0x27e6b6]
V  [jvm.dll+0xbff6d]
V  [jvm.dll+0xc04a3]
V  [jvm.dll+0x2f2750]
V  [jvm.dll+0x5fa0c9]
V  [jvm.dll+0x250d62]
V  [jvm.dll+0x25111f]
V  [jvm.dll+0x2498d5]
V  [jvm.dll+0x24712e]
V  [jvm.dll+0x1c5ee4]
V  [jvm.dll+0x25697c]
V  [jvm.dll+0x254ec6]
V  [jvm.dll+0x3f0ce6]
V  [jvm.dll+0x806368]
V  [jvm.dll+0x6ce3fd]
C  [ucrtbase.dll+0x21bb2]
C  [KERNEL32.DLL+0x17374]
C  [ntdll.dll+0x4cc91]


---------------  P R O C E S S  ---------------

Threads class SMR info:
_java_thread_list=0x0000019f214cd360, length=59, elements={
0x0000019f032f1260, 0x0000019f1ac2fd20, 0x0000019f1ac32b40, 0x0000019f1ac1deb0,
0x0000019f1ac1e900, 0x0000019f1ac3d280, 0x0000019f1ac3dcd0, 0x0000019f1ac40a60,
0x0000019f1ac414f0, 0x0000019f1ad5ddb0, 0x0000019f1f19e9c0, 0x0000019f20c07720,
0x0000019f20c0b7b0, 0x0000019f20deac70, 0x0000019f1ffa4b80, 0x0000019f20c9b6c0,
0x0000019f20ccba20, 0x0000019f20e8e3c0, 0x0000019f20e8ea20, 0x0000019f20eda210,
0x0000019f20eda870, 0x0000019f20ca9a30, 0x0000019f20cab470, 0x0000019f20caade0,
0x0000019f20cac190, 0x0000019f20cabb00, 0x0000019f20cac820, 0x0000019f20caceb0,
0x0000019f20caa0c0, 0x0000019f20caa750, 0x0000019f223be900, 0x0000019f223bef90,
0x0000019f223ba760, 0x0000019f223c1060, 0x0000019f223be270, 0x0000019f223bd550,
0x0000019f223bdbe0, 0x0000019f223bf620, 0x0000019f223bb480, 0x0000019f223bc1a0,
0x0000019f223badf0, 0x0000019f223c09d0, 0x0000019f223c1d80, 0x0000019f223bcec0,
0x0000019f223bfcb0, 0x0000019f24fc2000, 0x0000019f24fc12e0, 0x0000019f24fc05c0,
0x0000019f24fbde60, 0x0000019f24fc1970, 0x0000019f24fbd7d0, 0x0000019f24fbb070,
0x0000019f24fbb700, 0x0000019f24fbd140, 0x0000019f24fbeb80, 0x0000019f24fc2690,
0x0000019f24fbbd90, 0x0000019f24fbe4f0, 0x0000019f1f3a2fc0
}

Java Threads: ( => current thread )
  0x0000019f032f1260 JavaThread "main"                              [_thread_blocked, id=48628, stack(0x000000306f000000,0x000000306f100000) (1024K)]
  0x0000019f1ac2fd20 JavaThread "Reference Handler"          daemon [_thread_blocked, id=50136, stack(0x000000306f800000,0x000000306f900000) (1024K)]
  0x0000019f1ac32b40 JavaThread "Finalizer"                  daemon [_thread_blocked, id=38924, stack(0x000000306f900000,0x000000306fa00000) (1024K)]
  0x0000019f1ac1deb0 JavaThread "Signal Dispatcher"          daemon [_thread_blocked, id=43136, stack(0x000000306fa00000,0x000000306fb00000) (1024K)]
  0x0000019f1ac1e900 JavaThread "Attach Listener"            daemon [_thread_blocked, id=44908, stack(0x000000306fb00000,0x000000306fc00000) (1024K)]
  0x0000019f1ac3d280 JavaThread "Service Thread"             daemon [_thread_blocked, id=36460, stack(0x000000306fc00000,0x000000306fd00000) (1024K)]
  0x0000019f1ac3dcd0 JavaThread "Monitor Deflation Thread"   daemon [_thread_blocked, id=5560, stack(0x000000306fd00000,0x000000306fe00000) (1024K)]
=>0x0000019f1ac40a60 JavaThread "C2 CompilerThread0"         daemon [_thread_in_native, id=36640, stack(0x000000306fe00000,0x000000306ff00000) (1024K)]
  0x0000019f1ac414f0 JavaThread "C1 CompilerThread0"         daemon [_thread_blocked, id=41316, stack(0x000000306ff00000,0x0000003070000000) (1024K)]
  0x0000019f1ad5ddb0 JavaThread "Common-Cleaner"             daemon [_thread_blocked, id=46832, stack(0x0000003070000000,0x0000003070100000) (1024K)]
  0x0000019f1f19e9c0 JavaThread "Notification Thread"        daemon [_thread_blocked, id=40500, stack(0x0000003070100000,0x0000003070200000) (1024K)]
  0x0000019f20c07720 JavaThread "Daemon health stats"               [_thread_blocked, id=35996, stack(0x0000003070a00000,0x0000003070b00000) (1024K)]
  0x0000019f20c0b7b0 JavaThread "Incoming local TCP Connector on port 56367"        [_thread_in_native, id=5308, stack(0x0000003070b00000,0x0000003070c00000) (1024K)]
  0x0000019f20deac70 JavaThread "Daemon periodic checks"            [_thread_blocked, id=53056, stack(0x0000003070c00000,0x0000003070d00000) (1024K)]
  0x0000019f1ffa4b80 JavaThread "Daemon"                            [_thread_blocked, id=44936, stack(0x0000003070d00000,0x0000003070e00000) (1024K)]
  0x0000019f20c9b6c0 JavaThread "Handler for socket connection from /127.0.0.1:56367 to /127.0.0.1:56368"        [_thread_in_native, id=48624, stack(0x0000003070e00000,0x0000003070f00000) (1024K)]
  0x0000019f20ccba20 JavaThread "Cancel handler"                    [_thread_blocked, id=3388, stack(0x0000003070f00000,0x0000003071000000) (1024K)]
  0x0000019f20e8e3c0 JavaThread "Daemon worker"                     [_thread_in_Java, id=45212, stack(0x0000003071000000,0x0000003071100000) (1024K)]
  0x0000019f20e8ea20 JavaThread "Asynchronous log dispatcher for DefaultDaemonConnection: socket connection from /127.0.0.1:56367 to /127.0.0.1:56368"        [_thread_blocked, id=34492, stack(0x0000003071100000,0x0000003071200000) (1024K)]
  0x0000019f20eda210 JavaThread "Stdin handler"                     [_thread_blocked, id=53500, stack(0x0000003071200000,0x0000003071300000) (1024K)]
  0x0000019f20eda870 JavaThread "Daemon client event forwarder"        [_thread_blocked, id=36912, stack(0x0000003071300000,0x0000003071400000) (1024K)]
  0x0000019f20ca9a30 JavaThread "Cache worker for journal cache (C:\Users\User\.gradle\caches\journal-1)"        [_thread_blocked, id=3268, stack(0x0000003071600000,0x0000003071700000) (1024K)]
  0x0000019f20cab470 JavaThread "File lock request listener"        [_thread_in_native, id=23540, stack(0x0000003071700000,0x0000003071800000) (1024K)]
  0x0000019f20caade0 JavaThread "Cache worker for file hash cache (C:\Users\User\.gradle\caches\8.11.1\fileHashes)"        [_thread_blocked, id=43180, stack(0x0000003071800000,0x0000003071900000) (1024K)]
  0x0000019f20cac190 JavaThread "Cache worker for file content cache (C:\Users\User\.gradle\caches\8.11.1\fileContent)"        [_thread_blocked, id=45948, stack(0x0000003071900000,0x0000003071a00000) (1024K)]
  0x0000019f20cabb00 JavaThread "Cache worker for file hash cache (D:\V-A\Deakin\T1_25\SIT708\Completed\Task 3.1C\.gradle\8.11.1\fileHashes)"        [_thread_blocked, id=25044, stack(0x0000003071a00000,0x0000003071b00000) (1024K)]
  0x0000019f20cac820 JavaThread "Cache worker for Build Output Cleanup Cache (D:\V-A\Deakin\T1_25\SIT708\Completed\Task 3.1C\.gradle\buildOutputCleanup)"        [_thread_blocked, id=37956, stack(0x0000003071b00000,0x0000003071c00000) (1024K)]
  0x0000019f20caceb0 JavaThread "File watcher server"        daemon [_thread_in_native, id=796, stack(0x0000003071c00000,0x0000003071d00000) (1024K)]
  0x0000019f20caa0c0 JavaThread "File watcher consumer"      daemon [_thread_blocked, id=43268, stack(0x0000003071d00000,0x0000003071e00000) (1024K)]
  0x0000019f20caa750 JavaThread "jar transforms"                    [_thread_blocked, id=9584, stack(0x0000003071e00000,0x0000003071f00000) (1024K)]
  0x0000019f223be900 JavaThread "jar transforms Thread 2"           [_thread_blocked, id=30116, stack(0x0000003071f00000,0x0000003072000000) (1024K)]
  0x0000019f223bef90 JavaThread "jar transforms Thread 3"           [_thread_blocked, id=22292, stack(0x0000003072000000,0x0000003072100000) (1024K)]
  0x0000019f223ba760 JavaThread "jar transforms Thread 4"           [_thread_blocked, id=54764, stack(0x0000003072100000,0x0000003072200000) (1024K)]
  0x0000019f223c1060 JavaThread "jar transforms Thread 5"           [_thread_blocked, id=27652, stack(0x0000003072200000,0x0000003072300000) (1024K)]
  0x0000019f223be270 JavaThread "jar transforms Thread 6"           [_thread_blocked, id=48484, stack(0x0000003072300000,0x0000003072400000) (1024K)]
  0x0000019f223bd550 JavaThread "jar transforms Thread 7"           [_thread_blocked, id=29356, stack(0x0000003072400000,0x0000003072500000) (1024K)]
  0x0000019f223bdbe0 JavaThread "jar transforms Thread 8"           [_thread_blocked, id=52868, stack(0x0000003072500000,0x0000003072600000) (1024K)]
  0x0000019f223bf620 JavaThread "Cache worker for checksums cache (D:\V-A\Deakin\T1_25\SIT708\Completed\Task 3.1C\.gradle\8.11.1\checksums)"        [_thread_blocked, id=53700, stack(0x0000003072600000,0x0000003072700000) (1024K)]
  0x0000019f223bb480 JavaThread "Cache worker for cache directory md-rule (C:\Users\User\.gradle\caches\8.11.1\md-rule)"        [_thread_blocked, id=54056, stack(0x0000003072700000,0x0000003072800000) (1024K)]
  0x0000019f223bc1a0 JavaThread "Cache worker for cache directory md-supplier (C:\Users\User\.gradle\caches\8.11.1\md-supplier)"        [_thread_blocked, id=52232, stack(0x0000003072800000,0x0000003072900000) (1024K)]
  0x0000019f223badf0 JavaThread "Unconstrained build operations"        [_thread_blocked, id=44140, stack(0x0000003072900000,0x0000003072a00000) (1024K)]
  0x0000019f223c09d0 JavaThread "Unconstrained build operations Thread 2"        [_thread_blocked, id=11308, stack(0x0000003072a00000,0x0000003072b00000) (1024K)]
  0x0000019f223c1d80 JavaThread "Unconstrained build operations Thread 3"        [_thread_blocked, id=52928, stack(0x0000003072b00000,0x0000003072c00000) (1024K)]
  0x0000019f223bcec0 JavaThread "Unconstrained build operations Thread 4"        [_thread_blocked, id=40812, stack(0x0000003072c00000,0x0000003072d00000) (1024K)]
  0x0000019f223bfcb0 JavaThread "Unconstrained build operations Thread 5"        [_thread_blocked, id=45404, stack(0x0000003070300000,0x0000003070400000) (1024K)]
  0x0000019f24fc2000 JavaThread "Unconstrained build operations Thread 6"        [_thread_blocked, id=43880, stack(0x0000003072d00000,0x0000003072e00000) (1024K)]
  0x0000019f24fc12e0 JavaThread "Unconstrained build operations Thread 7"        [_thread_blocked, id=25068, stack(0x0000003072e00000,0x0000003072f00000) (1024K)]
  0x0000019f24fc05c0 JavaThread "Unconstrained build operations Thread 8"        [_thread_blocked, id=49240, stack(0x0000003072f00000,0x0000003073000000) (1024K)]
  0x0000019f24fbde60 JavaThread "Unconstrained build operations Thread 9"        [_thread_blocked, id=32536, stack(0x0000003073000000,0x0000003073100000) (1024K)]
  0x0000019f24fc1970 JavaThread "Unconstrained build operations Thread 10"        [_thread_blocked, id=45960, stack(0x0000003073100000,0x0000003073200000) (1024K)]
  0x0000019f24fbd7d0 JavaThread "Unconstrained build operations Thread 11"        [_thread_blocked, id=30480, stack(0x0000003073200000,0x0000003073300000) (1024K)]
  0x0000019f24fbb070 JavaThread "Unconstrained build operations Thread 12"        [_thread_blocked, id=49688, stack(0x0000003073300000,0x0000003073400000) (1024K)]
  0x0000019f24fbb700 JavaThread "Unconstrained build operations Thread 13"        [_thread_blocked, id=41320, stack(0x0000003073400000,0x0000003073500000) (1024K)]
  0x0000019f24fbd140 JavaThread "Unconstrained build operations Thread 14"        [_thread_blocked, id=38668, stack(0x0000003073500000,0x0000003073600000) (1024K)]
  0x0000019f24fbeb80 JavaThread "Unconstrained build operations Thread 15"        [_thread_blocked, id=15780, stack(0x0000003073600000,0x0000003073700000) (1024K)]
  0x0000019f24fc2690 JavaThread "Unconstrained build operations Thread 16"        [_thread_blocked, id=30280, stack(0x0000003073700000,0x0000003073800000) (1024K)]
  0x0000019f24fbbd90 JavaThread "Unconstrained build operations Thread 17"        [_thread_blocked, id=42256, stack(0x0000003073800000,0x0000003073900000) (1024K)]
  0x0000019f24fbe4f0 JavaThread "Unconstrained build operations Thread 18"        [_thread_blocked, id=53244, stack(0x0000003073900000,0x0000003073a00000) (1024K)]
  0x0000019f1f3a2fc0 JavaThread "C2 CompilerThread1"         daemon [_thread_in_native, id=40036, stack(0x0000003070200000,0x0000003070300000) (1024K)]
Total: 59

Other Threads:
  0x0000019f1ab79080 VMThread "VM Thread"                           [id=43344, stack(0x000000306f700000,0x000000306f800000) (1024K)]
  0x0000019f1aa006a0 WatcherThread "VM Periodic Task Thread"        [id=14184, stack(0x000000306f600000,0x000000306f700000) (1024K)]
  0x0000019f033483c0 WorkerThread "GC Thread#0"                     [id=21824, stack(0x000000306f100000,0x000000306f200000) (1024K)]
  0x0000019f1f507470 WorkerThread "GC Thread#1"                     [id=38660, stack(0x0000003070400000,0x0000003070500000) (1024K)]
  0x0000019f1f507810 WorkerThread "GC Thread#2"                     [id=44604, stack(0x0000003070500000,0x0000003070600000) (1024K)]
  0x0000019f1f643b10 WorkerThread "GC Thread#3"                     [id=47520, stack(0x0000003070600000,0x0000003070700000) (1024K)]
  0x0000019f1f643eb0 WorkerThread "GC Thread#4"                     [id=43704, stack(0x0000003070700000,0x0000003070800000) (1024K)]
  0x0000019f1f3facc0 WorkerThread "GC Thread#5"                     [id=7676, stack(0x0000003070800000,0x0000003070900000) (1024K)]
  0x0000019f20b3eaf0 WorkerThread "GC Thread#6"                     [id=54092, stack(0x0000003070900000,0x0000003070a00000) (1024K)]
  0x0000019f20ed1ac0 WorkerThread "GC Thread#7"                     [id=15320, stack(0x0000003071400000,0x0000003071500000) (1024K)]
  0x0000019f033592b0 ConcurrentGCThread "G1 Main Marker"            [id=53688, stack(0x000000306f200000,0x000000306f300000) (1024K)]
  0x0000019f03359e30 WorkerThread "G1 Conc#0"                       [id=52596, stack(0x000000306f300000,0x000000306f400000) (1024K)]
  0x0000019f20ed1e60 WorkerThread "G1 Conc#1"                       [id=52020, stack(0x0000003071500000,0x0000003071600000) (1024K)]
  0x0000019f033bea00 ConcurrentGCThread "G1 Refine#0"               [id=38044, stack(0x000000306f400000,0x000000306f500000) (1024K)]
  0x0000019f1a8ce7b0 ConcurrentGCThread "G1 Service"                [id=19196, stack(0x000000306f500000,0x000000306f600000) (1024K)]
Total: 15

Threads with active compile tasks:
C2 CompilerThread0  7563 6562   !   4       java.net.URLClassLoader::findClass (47 bytes)
C1 CompilerThread0  7563 6658       3       java.lang.AbstractStringBuilder::append (60 bytes)
C2 CompilerThread1  7563 6561       4       java.net.URLClassLoader$1::run (5 bytes)
Total: 3

VM state: not at safepoint (normal execution)

VM Mutex/Monitor currently owned by a thread: None

Heap address: 0x0000000080000000, size: 2048 MB, Compressed Oops mode: 32-bit

CDS archive(s) not mapped
Compressed class space mapped at: 0x0000000100000000-0x0000000140000000, reserved size: 1073741824
Narrow klass base: 0x0000000000000000, Narrow klass shift: 3, Narrow klass range: 0x140000000

GC Precious Log:
 CardTable entry size: 512
 Card Set container configuration: InlinePtr #cards 5 size 8 Array Of Cards #cards 12 size 40 Howl #buckets 4 coarsen threshold 1843 Howl Bitmap #cards 512 size 80 coarsen threshold 460 Card regions per heap region 1 cards per card region 2048
 CPUs: 8 total, 8 available
 Memory: 16302M
 Large Page Support: Disabled
 NUMA Support: Disabled
 Compressed Oops: Enabled (32-bit)
 Heap Region Size: 1M
 Heap Min Capacity: 8M
 Heap Initial Capacity: 256M
 Heap Max Capacity: 2G
 Pre-touch: Disabled
 Parallel Workers: 8
 Concurrent Workers: 2
 Concurrent Refinement Workers: 8
 Periodic GC: Disabled

Heap:
 garbage-first heap   total 134144K, used 83710K [0x0000000080000000, 0x0000000100000000)
  region size 1024K, 10 young (10240K), 5 survivors (5120K)
 Metaspace       used 70883K, committed 72640K, reserved 1114112K
  class space    used 9700K, committed 10560K, reserved 1048576K

Heap Regions: E=young(eden), S=young(survivor), O=old, HS=humongous(starts), HC=humongous(continues), CS=collection set, F=free, TAMS=top-at-mark-start, PB=parsable bottom
|   0|0x0000000080000000, 0x0000000080100000, 0x0000000080100000|100%| O|  |TAMS 0x0000000080000000| PB 0x0000000080000000| Untracked 
|   1|0x0000000080100000, 0x0000000080200000, 0x0000000080200000|100%|HS|  |TAMS 0x0000000080100000| PB 0x0000000080100000| Complete 
|   2|0x0000000080200000, 0x0000000080300000, 0x0000000080300000|100%|HC|  |TAMS 0x0000000080200000| PB 0x0000000080200000| Complete 
|   3|0x0000000080300000, 0x0000000080400000, 0x0000000080400000|100%|HC|  |TAMS 0x0000000080300000| PB 0x0000000080300000| Complete 
|   4|0x0000000080400000, 0x0000000080500000, 0x0000000080500000|100%| O|  |TAMS 0x0000000080400000| PB 0x0000000080400000| Untracked 
|   5|0x0000000080500000, 0x0000000080600000, 0x0000000080600000|100%| O|  |TAMS 0x0000000080500000| PB 0x0000000080500000| Untracked 
|   6|0x0000000080600000, 0x0000000080700000, 0x0000000080700000|100%| O|  |TAMS 0x0000000080600000| PB 0x0000000080600000| Untracked 
|   7|0x0000000080700000, 0x0000000080800000, 0x0000000080800000|100%|HS|  |TAMS 0x0000000080700000| PB 0x0000000080700000| Complete 
|   8|0x0000000080800000, 0x0000000080900000, 0x0000000080900000|100%| O|  |TAMS 0x0000000080800000| PB 0x0000000080800000| Untracked 
|   9|0x0000000080900000, 0x0000000080a00000, 0x0000000080a00000|100%| O|  |TAMS 0x0000000080900000| PB 0x0000000080900000| Untracked 
|  10|0x0000000080a00000, 0x0000000080b00000, 0x0000000080b00000|100%| O|  |TAMS 0x0000000080a00000| PB 0x0000000080a00000| Untracked 
|  11|0x0000000080b00000, 0x0000000080c00000, 0x0000000080c00000|100%| O|  |TAMS 0x0000000080b00000| PB 0x0000000080b00000| Untracked 
|  12|0x0000000080c00000, 0x0000000080d00000, 0x0000000080d00000|100%| O|  |TAMS 0x0000000080c00000| PB 0x0000000080c00000| Untracked 
|  13|0x0000000080d00000, 0x0000000080e00000, 0x0000000080e00000|100%| O|  |TAMS 0x0000000080d00000| PB 0x0000000080d00000| Untracked 
|  14|0x0000000080e00000, 0x0000000080f00000, 0x0000000080f00000|100%|HS|  |TAMS 0x0000000080e00000| PB 0x0000000080e00000| Complete 
|  15|0x0000000080f00000, 0x0000000081000000, 0x0000000081000000|100%|HC|  |TAMS 0x0000000080f00000| PB 0x0000000080f00000| Complete 
|  16|0x0000000081000000, 0x0000000081100000, 0x0000000081100000|100%|HC|  |TAMS 0x0000000081000000| PB 0x0000000081000000| Complete 
|  17|0x0000000081100000, 0x0000000081200000, 0x0000000081200000|100%|HC|  |TAMS 0x0000000081100000| PB 0x0000000081100000| Complete 
|  18|0x0000000081200000, 0x0000000081300000, 0x0000000081300000|100%|HC|  |TAMS 0x0000000081200000| PB 0x0000000081200000| Complete 
|  19|0x0000000081300000, 0x0000000081400000, 0x0000000081400000|100%|HC|  |TAMS 0x0000000081300000| PB 0x0000000081300000| Complete 
|  20|0x0000000081400000, 0x0000000081500000, 0x0000000081500000|100%|HS|  |TAMS 0x0000000081400000| PB 0x0000000081400000| Complete 
|  21|0x0000000081500000, 0x0000000081600000, 0x0000000081600000|100%|HC|  |TAMS 0x0000000081500000| PB 0x0000000081500000| Complete 
|  22|0x0000000081600000, 0x0000000081700000, 0x0000000081700000|100%|HC|  |TAMS 0x0000000081600000| PB 0x0000000081600000| Complete 
|  23|0x0000000081700000, 0x0000000081800000, 0x0000000081800000|100%|HC|  |TAMS 0x0000000081700000| PB 0x0000000081700000| Complete 
|  24|0x0000000081800000, 0x0000000081900000, 0x0000000081900000|100%|HS|  |TAMS 0x0000000081800000| PB 0x0000000081800000| Complete 
|  25|0x0000000081900000, 0x0000000081a00000, 0x0000000081a00000|100%|HC|  |TAMS 0x0000000081900000| PB 0x0000000081900000| Complete 
|  26|0x0000000081a00000, 0x0000000081b00000, 0x0000000081b00000|100%| O|  |TAMS 0x0000000081a00000| PB 0x0000000081a00000| Untracked 
|  27|0x0000000081b00000, 0x0000000081c00000, 0x0000000081c00000|100%| O|  |TAMS 0x0000000081b00000| PB 0x0000000081b00000| Untracked 
|  28|0x0000000081c00000, 0x0000000081d00000, 0x0000000081d00000|100%| O|  |TAMS 0x0000000081c00000| PB 0x0000000081c00000| Untracked 
|  29|0x0000000081d00000, 0x0000000081e00000, 0x0000000081e00000|100%| O|  |TAMS 0x0000000081d00000| PB 0x0000000081d00000| Untracked 
|  30|0x0000000081e00000, 0x0000000081f00000, 0x0000000081f00000|100%|HS|  |TAMS 0x0000000081e00000| PB 0x0000000081e00000| Complete 
|  31|0x0000000081f00000, 0x0000000082000000, 0x0000000082000000|100%| O|  |TAMS 0x0000000081f00000| PB 0x0000000081f00000| Untracked 
|  32|0x0000000082000000, 0x0000000082100000, 0x0000000082100000|100%| O|  |TAMS 0x0000000082000000| PB 0x0000000082000000| Untracked 
|  33|0x0000000082100000, 0x0000000082200000, 0x0000000082200000|100%| O|  |TAMS 0x0000000082100000| PB 0x0000000082100000| Untracked 
|  34|0x0000000082200000, 0x0000000082300000, 0x0000000082300000|100%| O|  |TAMS 0x0000000082200000| PB 0x0000000082200000| Untracked 
|  35|0x0000000082300000, 0x0000000082400000, 0x0000000082400000|100%| O|  |TAMS 0x0000000082300000| PB 0x0000000082300000| Untracked 
|  36|0x0000000082400000, 0x0000000082500000, 0x0000000082500000|100%| O|  |TAMS 0x0000000082400000| PB 0x0000000082400000| Untracked 
|  37|0x0000000082500000, 0x0000000082600000, 0x0000000082600000|100%| O|  |TAMS 0x0000000082500000| PB 0x0000000082500000| Untracked 
|  38|0x0000000082600000, 0x0000000082700000, 0x0000000082700000|100%| O|  |TAMS 0x0000000082600000| PB 0x0000000082600000| Untracked 
|  39|0x0000000082700000, 0x0000000082800000, 0x0000000082800000|100%| O|  |TAMS 0x0000000082700000| PB 0x0000000082700000| Untracked 
|  40|0x0000000082800000, 0x0000000082900000, 0x0000000082900000|100%| O|  |TAMS 0x0000000082800000| PB 0x0000000082800000| Untracked 
|  41|0x0000000082900000, 0x0000000082a00000, 0x0000000082a00000|100%| O|  |TAMS 0x0000000082900000| PB 0x0000000082900000| Untracked 
|  42|0x0000000082a00000, 0x0000000082b00000, 0x0000000082b00000|100%| O|  |TAMS 0x0000000082a00000| PB 0x0000000082a00000| Untracked 
|  43|0x0000000082b00000, 0x0000000082c00000, 0x0000000082c00000|100%|HS|  |TAMS 0x0000000082b00000| PB 0x0000000082b00000| Complete 
|  44|0x0000000082c00000, 0x0000000082d00000, 0x0000000082d00000|100%|HC|  |TAMS 0x0000000082c00000| PB 0x0000000082c00000| Complete 
|  45|0x0000000082d00000, 0x0000000082e00000, 0x0000000082e00000|100%| O|Cm|TAMS 0x0000000082d00000| PB 0x0000000082d00000| Complete 
|  46|0x0000000082e00000, 0x0000000082f00000, 0x0000000082f00000|100%| O|  |TAMS 0x0000000082e00000| PB 0x0000000082e00000| Untracked 
|  47|0x0000000082f00000, 0x0000000083000000, 0x0000000083000000|100%| O|  |TAMS 0x0000000082f00000| PB 0x0000000082f00000| Untracked 
|  48|0x0000000083000000, 0x0000000083100000, 0x0000000083100000|100%| O|  |TAMS 0x0000000083000000| PB 0x0000000083000000| Untracked 
|  49|0x0000000083100000, 0x0000000083200000, 0x0000000083200000|100%| O|  |TAMS 0x0000000083100000| PB 0x0000000083100000| Untracked 
|  50|0x0000000083200000, 0x0000000083300000, 0x0000000083300000|100%| O|  |TAMS 0x0000000083200000| PB 0x0000000083200000| Untracked 
|  51|0x0000000083300000, 0x0000000083400000, 0x0000000083400000|100%| O|  |TAMS 0x0000000083300000| PB 0x0000000083300000| Untracked 
|  52|0x0000000083400000, 0x0000000083500000, 0x0000000083500000|100%| O|  |TAMS 0x0000000083400000| PB 0x0000000083400000| Untracked 
|  53|0x0000000083500000, 0x00000000835c99c0, 0x0000000083600000| 78%| O|  |TAMS 0x0000000083500000| PB 0x0000000083500000| Untracked 
|  54|0x0000000083600000, 0x0000000083700000, 0x0000000083700000|100%| O|  |TAMS 0x0000000083600000| PB 0x0000000083600000| Untracked 
|  55|0x0000000083700000, 0x0000000083800000, 0x0000000083800000|100%| O|  |TAMS 0x0000000083700000| PB 0x0000000083700000| Untracked 
|  56|0x0000000083800000, 0x0000000083900000, 0x0000000083900000|100%| O|Cm|TAMS 0x0000000083800000| PB 0x0000000083800000| Complete 
|  57|0x0000000083900000, 0x0000000083a00000, 0x0000000083a00000|100%|HS|  |TAMS 0x0000000083900000| PB 0x0000000083900000| Complete 
|  58|0x0000000083a00000, 0x0000000083b00000, 0x0000000083b00000|100%|HC|  |TAMS 0x0000000083a00000| PB 0x0000000083a00000| Complete 
|  59|0x0000000083b00000, 0x0000000083c00000, 0x0000000083c00000|100%|HC|  |TAMS 0x0000000083b00000| PB 0x0000000083b00000| Complete 
|  60|0x0000000083c00000, 0x0000000083d00000, 0x0000000083d00000|100%|HC|  |TAMS 0x0000000083c00000| PB 0x0000000083c00000| Complete 
|  61|0x0000000083d00000, 0x0000000083e00000, 0x0000000083e00000|100%|HC|  |TAMS 0x0000000083d00000| PB 0x0000000083d00000| Complete 
|  62|0x0000000083e00000, 0x0000000083f00000, 0x0000000083f00000|100%|HC|  |TAMS 0x0000000083e00000| PB 0x0000000083e00000| Complete 
|  63|0x0000000083f00000, 0x0000000084000000, 0x0000000084000000|100%|HS|  |TAMS 0x0000000083f00000| PB 0x0000000083f00000| Complete 
|  64|0x0000000084000000, 0x0000000084100000, 0x0000000084100000|100%|HC|  |TAMS 0x0000000084000000| PB 0x0000000084000000| Complete 
|  65|0x0000000084100000, 0x0000000084200000, 0x0000000084200000|100%|HC|  |TAMS 0x0000000084100000| PB 0x0000000084100000| Complete 
|  66|0x0000000084200000, 0x0000000084300000, 0x0000000084300000|100%|HC|  |TAMS 0x0000000084200000| PB 0x0000000084200000| Complete 
|  67|0x0000000084300000, 0x0000000084400000, 0x0000000084400000|100%|HC|  |TAMS 0x0000000084300000| PB 0x0000000084300000| Complete 
|  68|0x0000000084400000, 0x0000000084500000, 0x0000000084500000|100%|HC|  |TAMS 0x0000000084400000| PB 0x0000000084400000| Complete 
|  69|0x0000000084500000, 0x0000000084500000, 0x0000000084600000|  0%| F|  |TAMS 0x0000000084500000| PB 0x0000000084500000| Untracked 
|  70|0x0000000084600000, 0x0000000084600000, 0x0000000084700000|  0%| F|  |TAMS 0x0000000084600000| PB 0x0000000084600000| Untracked 
|  71|0x0000000084700000, 0x0000000084700000, 0x0000000084800000|  0%| F|  |TAMS 0x0000000084700000| PB 0x0000000084700000| Untracked 
|  72|0x0000000084800000, 0x0000000084800000, 0x0000000084900000|  0%| F|  |TAMS 0x0000000084800000| PB 0x0000000084800000| Untracked 
|  73|0x0000000084900000, 0x0000000084900000, 0x0000000084a00000|  0%| F|  |TAMS 0x0000000084900000| PB 0x0000000084900000| Untracked 
|  74|0x0000000084a00000, 0x0000000084a00000, 0x0000000084b00000|  0%| F|  |TAMS 0x0000000084a00000| PB 0x0000000084a00000| Untracked 
|  75|0x0000000084b00000, 0x0000000084b00000, 0x0000000084c00000|  0%| F|  |TAMS 0x0000000084b00000| PB 0x0000000084b00000| Untracked 
|  76|0x0000000084c00000, 0x0000000084c00000, 0x0000000084d00000|  0%| F|  |TAMS 0x0000000084c00000| PB 0x0000000084c00000| Untracked 
|  77|0x0000000084d00000, 0x0000000084d00000, 0x0000000084e00000|  0%| F|  |TAMS 0x0000000084d00000| PB 0x0000000084d00000| Untracked 
|  78|0x0000000084e00000, 0x0000000084e00000, 0x0000000084f00000|  0%| F|  |TAMS 0x0000000084e00000| PB 0x0000000084e00000| Untracked 
|  79|0x0000000084f00000, 0x0000000084f00000, 0x0000000085000000|  0%| F|  |TAMS 0x0000000084f00000| PB 0x0000000084f00000| Untracked 
|  80|0x0000000085000000, 0x0000000085000000, 0x0000000085100000|  0%| F|  |TAMS 0x0000000085000000| PB 0x0000000085000000| Untracked 
|  81|0x0000000085100000, 0x0000000085100000, 0x0000000085200000|  0%| F|  |TAMS 0x0000000085100000| PB 0x0000000085100000| Untracked 
|  82|0x0000000085200000, 0x00000000852f6180, 0x0000000085300000| 96%| S|CS|TAMS 0x0000000085200000| PB 0x0000000085200000| Complete 
|  83|0x0000000085300000, 0x0000000085400000, 0x0000000085400000|100%| S|CS|TAMS 0x0000000085300000| PB 0x0000000085300000| Complete 
|  84|0x0000000085400000, 0x0000000085500000, 0x0000000085500000|100%| S|CS|TAMS 0x0000000085400000| PB 0x0000000085400000| Complete 
|  85|0x0000000085500000, 0x0000000085600000, 0x0000000085600000|100%| S|CS|TAMS 0x0000000085500000| PB 0x0000000085500000| Complete 
|  86|0x0000000085600000, 0x0000000085600000, 0x0000000085700000|  0%| F|  |TAMS 0x0000000085600000| PB 0x0000000085600000| Untracked 
|  87|0x0000000085700000, 0x0000000085700000, 0x0000000085800000|  0%| F|  |TAMS 0x0000000085700000| PB 0x0000000085700000| Untracked 
|  88|0x0000000085800000, 0x0000000085800000, 0x0000000085900000|  0%| F|  |TAMS 0x0000000085800000| PB 0x0000000085800000| Untracked 
|  89|0x0000000085900000, 0x0000000085a00000, 0x0000000085a00000|100%| S|CS|TAMS 0x0000000085900000| PB 0x0000000085900000| Complete 
|  90|0x0000000085a00000, 0x0000000085a00000, 0x0000000085b00000|  0%| F|  |TAMS 0x0000000085a00000| PB 0x0000000085a00000| Untracked 
|  91|0x0000000085b00000, 0x0000000085b00000, 0x0000000085c00000|  0%| F|  |TAMS 0x0000000085b00000| PB 0x0000000085b00000| Untracked 
|  92|0x0000000085c00000, 0x0000000085c00000, 0x0000000085d00000|  0%| F|  |TAMS 0x0000000085c00000| PB 0x0000000085c00000| Untracked 
|  93|0x0000000085d00000, 0x0000000085d00000, 0x0000000085e00000|  0%| F|  |TAMS 0x0000000085d00000| PB 0x0000000085d00000| Untracked 
|  94|0x0000000085e00000, 0x0000000085e00000, 0x0000000085f00000|  0%| F|  |TAMS 0x0000000085e00000| PB 0x0000000085e00000| Untracked 
|  95|0x0000000085f00000, 0x0000000085f00000, 0x0000000086000000|  0%| F|  |TAMS 0x0000000085f00000| PB 0x0000000085f00000| Untracked 
|  96|0x0000000086000000, 0x0000000086000000, 0x0000000086100000|  0%| F|  |TAMS 0x0000000086000000| PB 0x0000000086000000| Untracked 
|  97|0x0000000086100000, 0x0000000086100000, 0x0000000086200000|  0%| F|  |TAMS 0x0000000086100000| PB 0x0000000086100000| Untracked 
|  98|0x0000000086200000, 0x0000000086200000, 0x0000000086300000|  0%| F|  |TAMS 0x0000000086200000| PB 0x0000000086200000| Untracked 
|  99|0x0000000086300000, 0x0000000086300000, 0x0000000086400000|  0%| F|  |TAMS 0x0000000086300000| PB 0x0000000086300000| Untracked 
| 100|0x0000000086400000, 0x0000000086400000, 0x0000000086500000|  0%| F|  |TAMS 0x0000000086400000| PB 0x0000000086400000| Untracked 
| 101|0x0000000086500000, 0x0000000086500000, 0x0000000086600000|  0%| F|  |TAMS 0x0000000086500000| PB 0x0000000086500000| Untracked 
| 102|0x0000000086600000, 0x0000000086600000, 0x0000000086700000|  0%| F|  |TAMS 0x0000000086600000| PB 0x0000000086600000| Untracked 
| 103|0x0000000086700000, 0x0000000086700000, 0x0000000086800000|  0%| F|  |TAMS 0x0000000086700000| PB 0x0000000086700000| Untracked 
| 104|0x0000000086800000, 0x0000000086800000, 0x0000000086900000|  0%| F|  |TAMS 0x0000000086800000| PB 0x0000000086800000| Untracked 
| 105|0x0000000086900000, 0x0000000086900000, 0x0000000086a00000|  0%| F|  |TAMS 0x0000000086900000| PB 0x0000000086900000| Untracked 
| 106|0x0000000086a00000, 0x0000000086a00000, 0x0000000086b00000|  0%| F|  |TAMS 0x0000000086a00000| PB 0x0000000086a00000| Untracked 
| 107|0x0000000086b00000, 0x0000000086b00000, 0x0000000086c00000|  0%| F|  |TAMS 0x0000000086b00000| PB 0x0000000086b00000| Untracked 
| 108|0x0000000086c00000, 0x0000000086c00000, 0x0000000086d00000|  0%| F|  |TAMS 0x0000000086c00000| PB 0x0000000086c00000| Untracked 
| 109|0x0000000086d00000, 0x0000000086d00000, 0x0000000086e00000|  0%| F|  |TAMS 0x0000000086d00000| PB 0x0000000086d00000| Untracked 
| 110|0x0000000086e00000, 0x0000000086e00000, 0x0000000086f00000|  0%| F|  |TAMS 0x0000000086e00000| PB 0x0000000086e00000| Untracked 
| 111|0x0000000086f00000, 0x0000000086f00000, 0x0000000087000000|  0%| F|  |TAMS 0x0000000086f00000| PB 0x0000000086f00000| Untracked 
| 112|0x0000000087000000, 0x0000000087000000, 0x0000000087100000|  0%| F|  |TAMS 0x0000000087000000| PB 0x0000000087000000| Untracked 
| 113|0x0000000087100000, 0x0000000087100000, 0x0000000087200000|  0%| F|  |TAMS 0x0000000087100000| PB 0x0000000087100000| Untracked 
| 114|0x0000000087200000, 0x0000000087200000, 0x0000000087300000|  0%| F|  |TAMS 0x0000000087200000| PB 0x0000000087200000| Untracked 
| 223|0x000000008df00000, 0x000000008df00000, 0x000000008e000000|  0%| F|  |TAMS 0x000000008df00000| PB 0x000000008df00000| Untracked 
| 224|0x000000008e000000, 0x000000008e000000, 0x000000008e100000|  0%| F|  |TAMS 0x000000008e000000| PB 0x000000008e000000| Untracked 
| 225|0x000000008e100000, 0x000000008e100000, 0x000000008e200000|  0%| F|  |TAMS 0x000000008e100000| PB 0x000000008e100000| Untracked 
| 226|0x000000008e200000, 0x000000008e200000, 0x000000008e300000|  0%| F|  |TAMS 0x000000008e200000| PB 0x000000008e200000| Untracked 
| 227|0x000000008e300000, 0x000000008e300000, 0x000000008e400000|  0%| F|  |TAMS 0x000000008e300000| PB 0x000000008e300000| Untracked 
| 228|0x000000008e400000, 0x000000008e400000, 0x000000008e500000|  0%| F|  |TAMS 0x000000008e400000| PB 0x000000008e400000| Untracked 
| 229|0x000000008e500000, 0x000000008e500000, 0x000000008e600000|  0%| F|  |TAMS 0x000000008e500000| PB 0x000000008e500000| Untracked 
| 230|0x000000008e600000, 0x000000008e680ab0, 0x000000008e700000| 50%| E|  |TAMS 0x000000008e600000| PB 0x000000008e600000| Complete 
| 231|0x000000008e700000, 0x000000008e800000, 0x000000008e800000|100%| E|CS|TAMS 0x000000008e700000| PB 0x000000008e700000| Complete 
| 254|0x000000008fe00000, 0x000000008ff00000, 0x000000008ff00000|100%| E|CS|TAMS 0x000000008fe00000| PB 0x000000008fe00000| Complete 
| 255|0x000000008ff00000, 0x0000000090000000, 0x0000000090000000|100%| E|CS|TAMS 0x000000008ff00000| PB 0x000000008ff00000| Complete 
|2043|0x00000000ffb00000, 0x00000000ffc00000, 0x00000000ffc00000|100%| E|CS|TAMS 0x00000000ffb00000| PB 0x00000000ffb00000| Complete 
|2044|0x00000000ffc00000, 0x00000000ffd00000, 0x00000000ffd00000|100%| O|  |TAMS 0x00000000ffc00000| PB 0x00000000ffc00000| Untracked 
|2045|0x00000000ffd00000, 0x00000000ffe00000, 0x00000000ffe00000|100%| O|  |TAMS 0x00000000ffd00000| PB 0x00000000ffd00000| Untracked 
|2046|0x00000000ffe00000, 0x00000000fff00000, 0x00000000fff00000|100%| O|  |TAMS 0x00000000ffe00000| PB 0x00000000ffe00000| Untracked 
|2047|0x00000000fff00000, 0x0000000100000000, 0x0000000100000000|100%| O|  |TAMS 0x00000000fff00000| PB 0x00000000fff00000| Untracked 

Card table byte_map: [0x0000019f15b90000,0x0000019f15f90000] _byte_map_base: 0x0000019f15790000

Marking Bits: (CMBitMap*) 0x0000019f033489d0
 Bits: [0x0000019f15f90000, 0x0000019f17f90000)

Polling page: 0x0000019f01220000

Metaspace:

Usage:
  Non-class:     59.78 MB used.
      Class:      9.48 MB used.
       Both:     69.25 MB used.

Virtual space:
  Non-class space:       64.00 MB reserved,      60.69 MB ( 95%) committed,  1 nodes.
      Class space:        1.00 GB reserved,      10.31 MB (  1%) committed,  1 nodes.
             Both:        1.06 GB reserved,      71.00 MB (  7%) committed. 

Chunk freelists:
   Non-Class:  2.75 MB
       Class:  5.69 MB
        Both:  8.44 MB

MaxMetaspaceSize: unlimited
CompressedClassSpaceSize: 1.00 GB
Initial GC threshold: 21.00 MB
Current GC threshold: 111.50 MB
CDS: off
 - commit_granule_bytes: 65536.
 - commit_granule_words: 8192.
 - virtual_space_node_default_size: 8388608.
 - enlarge_chunks_in_place: 1.
 - use_allocation_guard: 0.


Internal statistics:

num_allocs_failed_limit: 6.
num_arena_births: 3290.
num_arena_deaths: 0.
num_vsnodes_births: 2.
num_vsnodes_deaths: 0.
num_space_committed: 1136.
num_space_uncommitted: 0.
num_chunks_returned_to_freelist: 6.
num_chunks_taken_from_freelist: 6274.
num_chunk_merges: 3.
num_chunk_splits: 4044.
num_chunks_enlarged: 2476.
num_inconsistent_stats: 0.

CodeHeap 'non-profiled nmethods': size=120000Kb used=3156Kb max_used=3156Kb free=116843Kb
 bounds [0x0000019f0df20000, 0x0000019f0e240000, 0x0000019f15450000]
CodeHeap 'profiled nmethods': size=120000Kb used=10663Kb max_used=10663Kb free=109336Kb
 bounds [0x0000019f06450000, 0x0000019f06ec0000, 0x0000019f0d980000]
CodeHeap 'non-nmethods': size=5760Kb used=2746Kb max_used=2828Kb free=3013Kb
 bounds [0x0000019f0d980000, 0x0000019f0dc50000, 0x0000019f0df20000]
 total_blobs=6560 nmethods=5669 adapters=794
 compilation: enabled
              stopped_count=0, restarted_count=0
 full_count=0

Compilation events (20 events):
Event: 7.535 Thread 0x0000019f1ac414f0 6623       3       java.util.Spliterators::emptySpliterator (4 bytes)
Event: 7.535 Thread 0x0000019f1ac414f0 nmethod 6623 0x0000019f0682b010 code [0x0000019f0682b1a0, 0x0000019f0682b298]
Event: 7.536 Thread 0x0000019f1ac414f0 6624       3       org.gradle.internal.serialize.kryo.KryoBackedEncoder::writeBytes (11 bytes)
Event: 7.536 Thread 0x0000019f1ac414f0 nmethod 6624 0x0000019f06ca0310 code [0x0000019f06ca04c0, 0x0000019f06ca0618]
Event: 7.536 Thread 0x0000019f1ac414f0 6625       3       com.esotericsoftware.kryo.io.Output::writeBytes (90 bytes)
Event: 7.537 Thread 0x0000019f1ac414f0 nmethod 6625 0x0000019f067cf910 code [0x0000019f067cfb00, 0x0000019f067d0080]
Event: 7.537 Thread 0x0000019f1ac414f0 6626       3       sun.nio.fs.WindowsFileSystemProvider::newDirectoryStream (31 bytes)
Event: 7.537 Thread 0x0000019f1ac414f0 nmethod 6626 0x0000019f06b04e90 code [0x0000019f06b050c0, 0x0000019f06b05938]
Event: 7.537 Thread 0x0000019f1ac414f0 6627   !   3       sun.nio.fs.WindowsDirectoryStream::<init> (175 bytes)
Event: 7.537 Thread 0x0000019f1ac414f0 nmethod 6627 0x0000019f06af2810 code [0x0000019f06af2c00, 0x0000019f06af4518]
Event: 7.538 Thread 0x0000019f1ac414f0 6628       3       org.gradle.internal.snapshot.impl.DirectorySnapshotterStatistics$CollectingFileVisitor::preVisitDirectory (10 bytes)
Event: 7.538 Thread 0x0000019f1ac414f0 nmethod 6628 0x0000019f06c52c90 code [0x0000019f06c52e60, 0x0000019f06c531f0]
Event: 7.538 Thread 0x0000019f1ac414f0 6629       3       org.gradle.internal.snapshot.impl.DirectorySnapshotterStatistics$CollectingFileVisitor::preVisitDirectory (14 bytes)
Event: 7.538 Thread 0x0000019f1ac414f0 nmethod 6629 0x0000019f06b04910 code [0x0000019f06b04ae0, 0x0000019f06b04cf0]
Event: 7.539 Thread 0x0000019f1ac414f0 6630   !   3       sun.nio.fs.WindowsDirectoryStream::close (59 bytes)
Event: 7.539 Thread 0x0000019f1ac414f0 nmethod 6630 0x0000019f06b04090 code [0x0000019f06b042a0, 0x0000019f06b04740]
Event: 7.539 Thread 0x0000019f1ac414f0 6631       3       org.gradle.internal.snapshot.impl.DirectorySnapshotterStatistics$CollectingFileVisitor::postVisitDirectory (10 bytes)
Event: 7.539 Thread 0x0000019f1ac414f0 nmethod 6631 0x0000019f06af2290 code [0x0000019f06af2460, 0x0000019f06af2708]
Event: 7.539 Thread 0x0000019f1ac414f0 6632       3       org.gradle.internal.snapshot.impl.DirectorySnapshotterStatistics$CollectingFileVisitor::postVisitDirectory (7 bytes)
Event: 7.539 Thread 0x0000019f1ac414f0 nmethod 6632 0x0000019f067cf510 code [0x0000019f067cf6c0, 0x0000019f067cf800]

GC Heap History (20 events):
Event: 2.950 GC heap before
{Heap before GC invocations=9 (full 0):
 garbage-first heap   total 94208K, used 78930K [0x0000000080000000, 0x0000000100000000)
  region size 1024K, 38 young (38912K), 3 survivors (3072K)
 Metaspace       used 39786K, committed 40896K, reserved 1114112K
  class space    used 5462K, committed 6016K, reserved 1048576K
}
Event: 2.951 GC heap after
{Heap after GC invocations=10 (full 0):
 garbage-first heap   total 94208K, used 45106K [0x0000000080000000, 0x0000000100000000)
  region size 1024K, 4 young (4096K), 4 survivors (4096K)
 Metaspace       used 39786K, committed 40896K, reserved 1114112K
  class space    used 5462K, committed 6016K, reserved 1048576K
}
Event: 3.252 GC heap before
{Heap before GC invocations=10 (full 0):
 garbage-first heap   total 94208K, used 79922K [0x0000000080000000, 0x0000000100000000)
  region size 1024K, 39 young (39936K), 4 survivors (4096K)
 Metaspace       used 45247K, committed 46528K, reserved 1114112K
  class space    used 6246K, committed 6848K, reserved 1048576K
}
Event: 3.254 GC heap after
{Heap after GC invocations=11 (full 0):
 garbage-first heap   total 94208K, used 47589K [0x0000000080000000, 0x0000000100000000)
  region size 1024K, 5 young (5120K), 5 survivors (5120K)
 Metaspace       used 45247K, committed 46528K, reserved 1114112K
  class space    used 6246K, committed 6848K, reserved 1048576K
}
Event: 3.446 GC heap before
{Heap before GC invocations=11 (full 0):
 garbage-first heap   total 94208K, used 81381K [0x0000000080000000, 0x0000000100000000)
  region size 1024K, 39 young (39936K), 5 survivors (5120K)
 Metaspace       used 49321K, committed 50624K, reserved 1114112K
  class space    used 6663K, committed 7296K, reserved 1048576K
}
Event: 3.449 GC heap after
{Heap after GC invocations=12 (full 0):
 garbage-first heap   total 94208K, used 51316K [0x0000000080000000, 0x0000000100000000)
  region size 1024K, 4 young (4096K), 4 survivors (4096K)
 Metaspace       used 49321K, committed 50624K, reserved 1114112K
  class space    used 6663K, committed 7296K, reserved 1048576K
}
Event: 3.712 GC heap before
{Heap before GC invocations=13 (full 0):
 garbage-first heap   total 94208K, used 87156K [0x0000000080000000, 0x0000000100000000)
  region size 1024K, 35 young (35840K), 4 survivors (4096K)
 Metaspace       used 53496K, committed 54976K, reserved 1114112K
  class space    used 7193K, committed 7872K, reserved 1048576K
}
Event: 3.714 GC heap after
{Heap after GC invocations=14 (full 0):
 garbage-first heap   total 95232K, used 53288K [0x0000000080000000, 0x0000000100000000)
  region size 1024K, 3 young (3072K), 3 survivors (3072K)
 Metaspace       used 53496K, committed 54976K, reserved 1114112K
  class space    used 7193K, committed 7872K, reserved 1048576K
}
Event: 4.815 GC heap before
{Heap before GC invocations=14 (full 0):
 garbage-first heap   total 95232K, used 87080K [0x0000000080000000, 0x0000000100000000)
  region size 1024K, 34 young (34816K), 3 survivors (3072K)
 Metaspace       used 56528K, committed 58048K, reserved 1114112K
  class space    used 7679K, committed 8448K, reserved 1048576K
}
Event: 4.818 GC heap after
{Heap after GC invocations=15 (full 0):
 garbage-first heap   total 95232K, used 58081K [0x0000000080000000, 0x0000000100000000)
  region size 1024K, 5 young (5120K), 5 survivors (5120K)
 Metaspace       used 56528K, committed 58048K, reserved 1114112K
  class space    used 7679K, committed 8448K, reserved 1048576K
}
Event: 6.598 GC heap before
{Heap before GC invocations=15 (full 0):
 garbage-first heap   total 95232K, used 62177K [0x0000000080000000, 0x0000000100000000)
  region size 1024K, 11 young (11264K), 5 survivors (5120K)
 Metaspace       used 56710K, committed 58304K, reserved 1114112K
  class space    used 7682K, committed 8448K, reserved 1048576K
}
Event: 6.600 GC heap after
{Heap after GC invocations=16 (full 0):
 garbage-first heap   total 95232K, used 59498K [0x0000000080000000, 0x0000000100000000)
  region size 1024K, 2 young (2048K), 2 survivors (2048K)
 Metaspace       used 56710K, committed 58304K, reserved 1114112K
  class space    used 7682K, committed 8448K, reserved 1048576K
}
Event: 6.750 GC heap before
{Heap before GC invocations=17 (full 0):
 garbage-first heap   total 111616K, used 98410K [0x0000000080000000, 0x0000000100000000)
  region size 1024K, 27 young (27648K), 2 survivors (2048K)
 Metaspace       used 59075K, committed 60736K, reserved 1114112K
  class space    used 7893K, committed 8704K, reserved 1048576K
}
Event: 6.752 GC heap after
{Heap after GC invocations=18 (full 0):
 garbage-first heap   total 134144K, used 75596K [0x0000000080000000, 0x0000000100000000)
  region size 1024K, 4 young (4096K), 4 survivors (4096K)
 Metaspace       used 59075K, committed 60736K, reserved 1114112K
  class space    used 7893K, committed 8704K, reserved 1048576K
}
Event: 6.933 GC heap before
{Heap before GC invocations=18 (full 0):
 garbage-first heap   total 134144K, used 110412K [0x0000000080000000, 0x0000000100000000)
  region size 1024K, 38 young (38912K), 4 survivors (4096K)
 Metaspace       used 61260K, committed 62912K, reserved 1114112K
  class space    used 8220K, committed 9024K, reserved 1048576K
}
Event: 6.934 GC heap after
{Heap after GC invocations=19 (full 0):
 garbage-first heap   total 134144K, used 75583K [0x0000000080000000, 0x0000000100000000)
  region size 1024K, 2 young (2048K), 2 survivors (2048K)
 Metaspace       used 61260K, committed 62912K, reserved 1114112K
  class space    used 8220K, committed 9024K, reserved 1048576K
}
Event: 7.238 GC heap before
{Heap before GC invocations=19 (full 0):
 garbage-first heap   total 134144K, used 112447K [0x0000000080000000, 0x0000000100000000)
  region size 1024K, 38 young (38912K), 2 survivors (2048K)
 Metaspace       used 66492K, committed 68160K, reserved 1114112K
  class space    used 8976K, committed 9792K, reserved 1048576K
}
Event: 7.240 GC heap after
{Heap after GC invocations=20 (full 0):
 garbage-first heap   total 134144K, used 77215K [0x0000000080000000, 0x0000000100000000)
  region size 1024K, 3 young (3072K), 3 survivors (3072K)
 Metaspace       used 66492K, committed 68160K, reserved 1114112K
  class space    used 8976K, committed 9792K, reserved 1048576K
}
Event: 7.512 GC heap before
{Heap before GC invocations=21 (full 0):
 garbage-first heap   total 134144K, used 115103K [0x0000000080000000, 0x0000000100000000)
  region size 1024K, 40 young (40960K), 3 survivors (3072K)
 Metaspace       used 70517K, committed 72256K, reserved 1114112K
  class space    used 9640K, committed 10496K, reserved 1048576K
}
Event: 7.515 GC heap after
{Heap after GC invocations=22 (full 0):
 garbage-first heap   total 134144K, used 79614K [0x0000000080000000, 0x0000000100000000)
  region size 1024K, 5 young (5120K), 5 survivors (5120K)
 Metaspace       used 70517K, committed 72256K, reserved 1114112K
  class space    used 9640K, committed 10496K, reserved 1048576K
}

Dll operation events (3 events):
Event: 0.005 Loaded shared library D:\V-A\AndroidStudio\jbr\bin\java.dll
Event: 0.008 Loaded shared library D:\V-A\AndroidStudio\jbr\bin\zip.dll
Event: 0.430 Loaded shared library D:\V-A\AndroidStudio\jbr\bin\verify.dll

Deoptimization events (20 events):
Event: 7.456 Thread 0x0000019f20e8e3c0 Uncommon trap: trap_request=0xffffffde fr.pc=0x0000019f0e146a50 relative=0x0000000000005990
Event: 7.456 Thread 0x0000019f20e8e3c0 Uncommon trap: reason=class_check action=maybe_recompile pc=0x0000019f0e146a50 method=java.net.URLClassLoader.defineClass(Ljava/lang/String;Ljdk/internal/loader/Resource;)Ljava/lang/Class; @ 34 c2
Event: 7.456 Thread 0x0000019f20e8e3c0 DEOPT PACKING pc=0x0000019f0e146a50 sp=0x00000030710f77c0
Event: 7.456 Thread 0x0000019f20e8e3c0 DEOPT UNPACKING pc=0x0000019f0d9d46a2 sp=0x00000030710f75c8 mode 2
Event: 7.457 Thread 0x0000019f20e8e3c0 Uncommon trap: trap_request=0xffffffde fr.pc=0x0000019f0e2054f4 relative=0x0000000000005554
Event: 7.457 Thread 0x0000019f20e8e3c0 Uncommon trap: reason=class_check action=maybe_recompile pc=0x0000019f0e2054f4 method=java.net.URLClassLoader.defineClass(Ljava/lang/String;Ljdk/internal/loader/Resource;)Ljava/lang/Class; @ 34 c2
Event: 7.457 Thread 0x0000019f20e8e3c0 DEOPT PACKING pc=0x0000019f0e2054f4 sp=0x00000030710f7710
Event: 7.457 Thread 0x0000019f20e8e3c0 DEOPT UNPACKING pc=0x0000019f0d9d46a2 sp=0x00000030710f7670 mode 2
Event: 7.457 Thread 0x0000019f20e8e3c0 Uncommon trap: trap_request=0xffffffde fr.pc=0x0000019f0e221554 relative=0x0000000000005534
Event: 7.457 Thread 0x0000019f20e8e3c0 Uncommon trap: reason=class_check action=maybe_recompile pc=0x0000019f0e221554 method=java.net.URLClassLoader.defineClass(Ljava/lang/String;Ljdk/internal/loader/Resource;)Ljava/lang/Class; @ 34 c2
Event: 7.457 Thread 0x0000019f20e8e3c0 DEOPT PACKING pc=0x0000019f0e221554 sp=0x00000030710f76a0
Event: 7.457 Thread 0x0000019f20e8e3c0 DEOPT UNPACKING pc=0x0000019f0d9d46a2 sp=0x00000030710f7668 mode 2
Event: 7.485 Thread 0x0000019f20e8e3c0 Uncommon trap: trap_request=0xffffff45 fr.pc=0x0000019f0df92534 relative=0x00000000000003f4
Event: 7.485 Thread 0x0000019f20e8e3c0 Uncommon trap: reason=unstable_if action=reinterpret pc=0x0000019f0df92534 method=org.gradle.internal.reflect.PropertyAccessorType.isGetGetterName(Ljava/lang/String;)Z @ 14 c2
Event: 7.485 Thread 0x0000019f20e8e3c0 DEOPT PACKING pc=0x0000019f0df92534 sp=0x00000030710f8150
Event: 7.485 Thread 0x0000019f20e8e3c0 DEOPT UNPACKING pc=0x0000019f0d9d46a2 sp=0x00000030710f80a8 mode 2
Event: 7.506 Thread 0x0000019f20e8e3c0 Uncommon trap: trap_request=0xffffff45 fr.pc=0x0000019f0e22e0c4 relative=0x0000000000001784
Event: 7.506 Thread 0x0000019f20e8e3c0 Uncommon trap: reason=unstable_if action=reinterpret pc=0x0000019f0e22e0c4 method=java.util.concurrent.ConcurrentHashMap.computeIfAbsent(Ljava/lang/Object;Ljava/util/function/Function;)Ljava/lang/Object; @ 123 c2
Event: 7.506 Thread 0x0000019f20e8e3c0 DEOPT PACKING pc=0x0000019f0e22e0c4 sp=0x00000030710f8fd0
Event: 7.506 Thread 0x0000019f20e8e3c0 DEOPT UNPACKING pc=0x0000019f0d9d46a2 sp=0x00000030710f8f60 mode 2

Classes loaded (20 events):
Event: 7.378 Loading class java/util/IdentityHashMap$EntrySet
Event: 7.378 Loading class java/util/IdentityHashMap$EntrySet done
Event: 7.378 Loading class java/util/IdentityHashMap$EntryIterator
Event: 7.378 Loading class java/util/IdentityHashMap$IdentityHashMapIterator
Event: 7.378 Loading class java/util/IdentityHashMap$IdentityHashMapIterator done
Event: 7.378 Loading class java/util/IdentityHashMap$EntryIterator done
Event: 7.378 Loading class java/util/IdentityHashMap$EntryIterator$Entry
Event: 7.378 Loading class java/util/IdentityHashMap$EntryIterator$Entry done
Event: 7.404 Loading class java/lang/invoke/SerializedLambda$1
Event: 7.404 Loading class java/lang/invoke/SerializedLambda$1 done
Event: 7.414 Loading class org/xml/sax/Locator
Event: 7.415 Loading class org/xml/sax/Locator done
Event: 7.415 Loading class org/xml/sax/SAXParseException
Event: 7.415 Loading class org/xml/sax/SAXParseException done
Event: 7.415 Loading class org/xml/sax/Attributes
Event: 7.415 Loading class org/xml/sax/Attributes done
Event: 7.447 Loading class java/util/DualPivotQuicksort
Event: 7.447 Loading class java/util/DualPivotQuicksort done
Event: 7.482 Loading class java/util/function/LongUnaryOperator
Event: 7.482 Loading class java/util/function/LongUnaryOperator done

Classes unloaded (0 events):
No events

Classes redefined (0 events):
No events

Internal exceptions (20 events):
Event: 7.375 Thread 0x0000019f20e8e3c0 Exception <a 'java/lang/NoSuchMethodError'{0x0000000086c99f40}: 'int java.lang.invoke.Invokers$Holder.invokeExact_MT(java.lang.Object, java.lang.Object, java.lang.Object)'> (0x0000000086c99f40) 
thrown [s\src\hotspot\share\interpreter\linkResolver.cpp, line 784]
Event: 7.376 Thread 0x0000019f20e8e3c0 Exception <a 'java/lang/NoSuchMethodError'{0x0000000086caa1a0}: 'long java.lang.invoke.DelegatingMethodHandle$Holder.reinvoke_L(java.lang.Object, java.lang.Object)'> (0x0000000086caa1a0) 
thrown [s\src\hotspot\share\interpreter\linkResolver.cpp, line 784]
Event: 7.377 Thread 0x0000019f20e8e3c0 Exception <a 'java/lang/NoSuchMethodError'{0x0000000086cb4ac8}: 'void java.lang.invoke.DelegatingMethodHandle$Holder.reinvoke_L(java.lang.Object, java.lang.Object, long)'> (0x0000000086cb4ac8) 
thrown [s\src\hotspot\share\interpreter\linkResolver.cpp, line 784]
Event: 7.377 Thread 0x0000019f20e8e3c0 Exception <a 'java/lang/NoSuchMethodError'{0x0000000086cbc2f8}: 'long java.lang.invoke.Invokers$Holder.invokeExact_MT(java.lang.Object, java.lang.Object, java.lang.Object)'> (0x0000000086cbc2f8) 
thrown [s\src\hotspot\share\interpreter\linkResolver.cpp, line 784]
Event: 7.397 Thread 0x0000019f20e8e3c0 Exception <a 'java/lang/NoSuchMethodError'{0x000000008694d788}: 'void java.lang.invoke.Invokers$Holder.invokeExact_MT(java.lang.Object, java.lang.Object, java.lang.Object, java.lang.Object)'> (0x000000008694d788) 
thrown [s\src\hotspot\share\interpreter\linkResolver.cpp, line 784]
Event: 7.401 Thread 0x0000019f20e8e3c0 Exception <a 'java/lang/ClassNotFoundException'{0x00000000869bdff8}: org/gradle/internal/serialize/codecs/core/ClosureCodec$BrokenScriptBeanInfo> (0x00000000869bdff8) 
thrown [s\src\hotspot\share\classfile\systemDictionary.cpp, line 312]
Event: 7.401 Thread 0x0000019f20e8e3c0 Exception <a 'java/lang/ClassNotFoundException'{0x00000000869cca90}: org/gradle/internal/serialize/codecs/core/ClosureCodec$BrokenScriptCustomizer> (0x00000000869cca90) 
thrown [s\src\hotspot\share\classfile\systemDictionary.cpp, line 312]
Event: 7.402 Thread 0x0000019f20e8e3c0 Exception <a 'java/lang/ClassNotFoundException'{0x00000000869e6da8}: org/gradle/api/invocation/GradleBeanInfo> (0x00000000869e6da8) 
thrown [s\src\hotspot\share\classfile\systemDictionary.cpp, line 312]
Event: 7.402 Thread 0x0000019f20e8e3c0 Exception <a 'java/lang/ClassNotFoundException'{0x00000000869f2a38}: org/gradle/api/invocation/GradleCustomizer> (0x00000000869f2a38) 
thrown [s\src\hotspot\share\classfile\systemDictionary.cpp, line 312]
Event: 7.403 Thread 0x0000019f20e8e3c0 Exception <a 'java/lang/NoSuchMethodError'{0x0000000086814ff8}: 'void java.lang.invoke.Invokers$Holder.invokeExact_MT(java.lang.Object, java.lang.Object, int, java.lang.Object)'> (0x0000000086814ff8) 
thrown [s\src\hotspot\share\interpreter\linkResolver.cpp, line 784]
Event: 7.405 Thread 0x0000019f20e8e3c0 Exception <a 'java/lang/NoSuchMethodError'{0x0000000086836ff0}: 'void java.lang.invoke.Invokers$Holder.invokeExact_MT(java.lang.Object, java.lang.Object, long, java.lang.Object)'> (0x0000000086836ff0) 
thrown [s\src\hotspot\share\interpreter\linkResolver.cpp, line 784]
Event: 7.410 Thread 0x0000019f20e8e3c0 Exception <a 'java/lang/ClassNotFoundException'{0x0000000086765d78}: org/gradle/api/internal/project/DefaultProject_DecoratedBeanInfo> (0x0000000086765d78) 
thrown [s\src\hotspot\share\classfile\systemDictionary.cpp, line 312]
Event: 7.410 Thread 0x0000019f20e8e3c0 Exception <a 'java/lang/ClassNotFoundException'{0x0000000086771bd8}: org/gradle/api/internal/project/DefaultProjectBeanInfo> (0x0000000086771bd8) 
thrown [s\src\hotspot\share\classfile\systemDictionary.cpp, line 312]
Event: 7.411 Thread 0x0000019f20e8e3c0 Exception <a 'java/lang/ClassNotFoundException'{0x000000008677dab0}: org/gradle/api/internal/project/DefaultProjectCustomizer> (0x000000008677dab0) 
thrown [s\src\hotspot\share\classfile\systemDictionary.cpp, line 312]
Event: 7.413 Thread 0x0000019f20e8e3c0 Exception <a 'java/lang/ClassNotFoundException'{0x000000008663c1a0}: org/gradle/api/internal/project/DefaultProject_DecoratedCustomizer> (0x000000008663c1a0) 
thrown [s\src\hotspot\share\classfile\systemDictionary.cpp, line 312]
Event: 7.451 Thread 0x0000019f20e8e3c0 Exception <a 'java/lang/NoSuchMethodError'{0x00000000861d7800}: 'java.lang.Object java.lang.invoke.DirectMethodHandle$Holder.invokeInterface(java.lang.Object, java.lang.Object, int)'> (0x00000000861d7800) 
thrown [s\src\hotspot\share\interpreter\linkResolver.cpp, line 784]
Event: 7.482 Thread 0x0000019f20e8e3c0 Exception <a 'java/lang/NoSuchMethodError'{0x0000000085d866b8}: 'long java.lang.invoke.DirectMethodHandle$Holder.invokeStatic(java.lang.Object, long)'> (0x0000000085d866b8) 
thrown [s\src\hotspot\share\interpreter\linkResolver.cpp, line 784]
Event: 7.521 Thread 0x0000019f20e8e3c0 Exception <a 'java/lang/NoSuchMethodError'{0x00000000ffba8260}: 'java.lang.Object java.lang.invoke.DirectMethodHandle$Holder.invokeVirtual(java.lang.Object, java.lang.Object, java.lang.Object, java.lang.Object, java.lang.Object, java.lang.Object, java.lang.Object, java.lang.Object, java.lang.Object, java.lang.Object, java.lang.Object, java.lang.Object, java.lang.Object, java.lang.Object, java.lang.Object, java.lang.Object, java.lang.Object)'> (0x00000000ffba8260) 
thrown [s\src\hotspot\share\interpreter\li
Event: 7.521 Thread 0x0000019f20e8e3c0 Exception <a 'java/lang/NoSuchMethodError'{0x00000000ffbae268}: 'java.lang.Object java.lang.invoke.DirectMethodHandle$Holder.invokeSpecial(java.lang.Object, java.lang.Object, java.lang.Object, java.lang.Object, java.lang.Object, java.lang.Object, java.lang.Object, java.lang.Object, java.lang.Object, java.lang.Object, java.lang.Object, java.lang.Object, java.lang.Object, java.lang.Object, java.lang.Object, java.lang.Object, java.lang.Object, java.lang.Object)'> (0x00000000ffbae268) 
thrown [s\src\hotspot\sh
Event: 7.521 Thread 0x0000019f20e8e3c0 Exception <a 'java/lang/NoSuchMethodError'{0x00000000ffbb3a70}: 'java.lang.Object java.lang.invoke.DelegatingMethodHandle$Holder.reinvoke_L(java.lang.Object, java.lang.Object, java.lang.Object, java.lang.Object, java.lang.Object, java.lang.Object, java.lang.Object, java.lang.Object, java.lang.Object, java.lang.Object, java.lang.Object, java.lang.Object, java.lang.Object, java.lang.Object, java.lang.Object, java.lang.Object, java.lang.Object)'> (0x00000000ffbb3a70) 
thrown [s\src\hotspot\share\interpreter\l

ZGC Phase Switch (0 events):
No events

VM Operations (20 events):
Event: 6.750 Executing VM operation: G1CollectForAllocation (G1 Evacuation Pause)
Event: 6.752 Executing VM operation: G1CollectForAllocation (G1 Evacuation Pause) done
Event: 6.933 Executing VM operation: G1CollectForAllocation (G1 Evacuation Pause)
Event: 6.934 Executing VM operation: G1CollectForAllocation (G1 Evacuation Pause) done
Event: 7.223 Executing VM operation: HandshakeAllThreads (Deoptimize)
Event: 7.223 Executing VM operation: HandshakeAllThreads (Deoptimize) done
Event: 7.238 Executing VM operation: G1CollectForAllocation (G1 Evacuation Pause)
Event: 7.240 Executing VM operation: G1CollectForAllocation (G1 Evacuation Pause) done
Event: 7.260 Executing VM operation: G1PauseRemark
Event: 7.261 Executing VM operation: G1PauseRemark done
Event: 7.273 Executing VM operation: G1PauseCleanup
Event: 7.273 Executing VM operation: G1PauseCleanup done
Event: 7.274 Executing VM operation: HandshakeAllThreads (Deoptimize)
Event: 7.274 Executing VM operation: HandshakeAllThreads (Deoptimize) done
Event: 7.340 Executing VM operation: HandshakeAllThreads (Deoptimize)
Event: 7.340 Executing VM operation: HandshakeAllThreads (Deoptimize) done
Event: 7.387 Executing VM operation: HandshakeAllThreads (Deoptimize)
Event: 7.387 Executing VM operation: HandshakeAllThreads (Deoptimize) done
Event: 7.512 Executing VM operation: G1CollectForAllocation (G1 Evacuation Pause)
Event: 7.515 Executing VM operation: G1CollectForAllocation (G1 Evacuation Pause) done

Memory protections (0 events):
No events

Nmethod flushes (20 events):
Event: 7.261 Thread 0x0000019f1ab79080 flushing  nmethod 0x0000019f06626310
Event: 7.261 Thread 0x0000019f1ab79080 flushing  nmethod 0x0000019f06667790
Event: 7.261 Thread 0x0000019f1ab79080 flushing  nmethod 0x0000019f06721690
Event: 7.261 Thread 0x0000019f1ab79080 flushing  nmethod 0x0000019f06777990
Event: 7.261 Thread 0x0000019f1ab79080 flushing  nmethod 0x0000019f0677a290
Event: 7.261 Thread 0x0000019f1ab79080 flushing  nmethod 0x0000019f067d7990
Event: 7.261 Thread 0x0000019f1ab79080 flushing  nmethod 0x0000019f06802610
Event: 7.261 Thread 0x0000019f1ab79080 flushing  nmethod 0x0000019f06804490
Event: 7.261 Thread 0x0000019f1ab79080 flushing  nmethod 0x0000019f06806890
Event: 7.261 Thread 0x0000019f1ab79080 flushing  nmethod 0x0000019f0688e910
Event: 7.261 Thread 0x0000019f1ab79080 flushing  nmethod 0x0000019f069f1d90
Event: 7.261 Thread 0x0000019f1ab79080 flushing  nmethod 0x0000019f06a42d10
Event: 7.261 Thread 0x0000019f1ab79080 flushing  nmethod 0x0000019f06aede90
Event: 7.261 Thread 0x0000019f1ab79080 flushing  nmethod 0x0000019f06af0f10
Event: 7.261 Thread 0x0000019f1ab79080 flushing  nmethod 0x0000019f06afcd90
Event: 7.261 Thread 0x0000019f1ab79080 flushing  nmethod 0x0000019f06afeb10
Event: 7.261 Thread 0x0000019f1ab79080 flushing  nmethod 0x0000019f06b8f490
Event: 7.261 Thread 0x0000019f1ab79080 flushing  nmethod 0x0000019f06c91890
Event: 7.261 Thread 0x0000019f1ab79080 flushing  nmethod 0x0000019f06c91d10
Event: 7.261 Thread 0x0000019f1ab79080 flushing  nmethod 0x0000019f06c95c90

Events (20 events):
Event: 3.891 Thread 0x0000019f20e8e3c0 Thread added: 0x0000019f223bcec0
Event: 4.255 Thread 0x0000019f1f24be60 Thread exited: 0x0000019f1f24be60
Event: 4.255 Thread 0x0000019f1f2fe9c0 Thread exited: 0x0000019f1f2fe9c0
Event: 4.747 Thread 0x0000019f1ac414f0 Thread added: 0x0000019f1f24be30
Event: 4.780 Thread 0x0000019f20e8e3c0 Thread added: 0x0000019f223bfcb0
Event: 4.780 Thread 0x0000019f20e8e3c0 Thread added: 0x0000019f24fc2000
Event: 4.781 Thread 0x0000019f20e8e3c0 Thread added: 0x0000019f24fc12e0
Event: 4.781 Thread 0x0000019f20e8e3c0 Thread added: 0x0000019f24fc05c0
Event: 4.781 Thread 0x0000019f20e8e3c0 Thread added: 0x0000019f24fbde60
Event: 4.781 Thread 0x0000019f20e8e3c0 Thread added: 0x0000019f24fc1970
Event: 4.782 Thread 0x0000019f20e8e3c0 Thread added: 0x0000019f24fbd7d0
Event: 4.802 Thread 0x0000019f20e8e3c0 Thread added: 0x0000019f24fbb070
Event: 4.802 Thread 0x0000019f20e8e3c0 Thread added: 0x0000019f24fbb700
Event: 4.802 Thread 0x0000019f20e8e3c0 Thread added: 0x0000019f24fbd140
Event: 4.802 Thread 0x0000019f20e8e3c0 Thread added: 0x0000019f24fbeb80
Event: 4.803 Thread 0x0000019f20e8e3c0 Thread added: 0x0000019f24fc2690
Event: 4.803 Thread 0x0000019f20e8e3c0 Thread added: 0x0000019f24fbbd90
Event: 4.803 Thread 0x0000019f20e8e3c0 Thread added: 0x0000019f24fbe4f0
Event: 5.151 Thread 0x0000019f1f24be30 Thread exited: 0x0000019f1f24be30
Event: 6.894 Thread 0x0000019f1ac414f0 Thread added: 0x0000019f1f3a2fc0


Dynamic libraries:
0x00007ff678ee0000 - 0x00007ff678eea000 	D:\V-A\AndroidStudio\jbr\bin\java.exe
0x00007ffd34fb0000 - 0x00007ffd351a8000 	C:\WINDOWS\SYSTEM32\ntdll.dll
0x00007ffd33250000 - 0x00007ffd33312000 	C:\WINDOWS\System32\KERNEL32.DLL
0x00007ffd32ac0000 - 0x00007ffd32dbf000 	C:\WINDOWS\System32\KERNELBASE.dll
0x00007ffd32860000 - 0x00007ffd32960000 	C:\WINDOWS\System32\ucrtbase.dll
0x00007ffd19fb0000 - 0x00007ffd19fcb000 	D:\V-A\AndroidStudio\jbr\bin\VCRUNTIME140.dll
0x00007ffd25da0000 - 0x00007ffd25db8000 	D:\V-A\AndroidStudio\jbr\bin\jli.dll
0x00007ffd33400000 - 0x00007ffd3359d000 	C:\WINDOWS\System32\USER32.dll
0x00007ffd1a770000 - 0x00007ffd1aa0a000 	C:\WINDOWS\WinSxS\amd64_microsoft.windows.common-controls_6595b64144ccf1df_6.0.19041.4355_none_60b8b9eb71f62e16\COMCTL32.dll
0x00007ffd32770000 - 0x00007ffd32792000 	C:\WINDOWS\System32\win32u.dll
0x00007ffd34a80000 - 0x00007ffd34b1e000 	C:\WINDOWS\System32\msvcrt.dll
0x00007ffd34a50000 - 0x00007ffd34a7b000 	C:\WINDOWS\System32\GDI32.dll
0x00007ffd32650000 - 0x00007ffd3276a000 	C:\WINDOWS\System32\gdi32full.dll
0x00007ffd329b0000 - 0x00007ffd32a4d000 	C:\WINDOWS\System32\msvcp_win.dll
0x00007ffd33320000 - 0x00007ffd3334f000 	C:\WINDOWS\System32\IMM32.DLL
0x00007ffd25b00000 - 0x00007ffd25b0c000 	D:\V-A\AndroidStudio\jbr\bin\vcruntime140_1.dll
0x00007ffd1bcc0000 - 0x00007ffd1bd4d000 	D:\V-A\AndroidStudio\jbr\bin\msvcp140.dll
0x00007ffcf2f10000 - 0x00007ffcf3b9a000 	D:\V-A\AndroidStudio\jbr\bin\server\jvm.dll
0x00007ffd331a0000 - 0x00007ffd3324f000 	C:\WINDOWS\System32\ADVAPI32.dll
0x00007ffd33600000 - 0x00007ffd3369f000 	C:\WINDOWS\System32\sechost.dll
0x00007ffd33fe0000 - 0x00007ffd34103000 	C:\WINDOWS\System32\RPCRT4.dll
0x00007ffd32830000 - 0x00007ffd32857000 	C:\WINDOWS\System32\bcrypt.dll
0x00007ffd34590000 - 0x00007ffd345fb000 	C:\WINDOWS\System32\WS2_32.dll
0x00007ffd31ba0000 - 0x00007ffd31beb000 	C:\WINDOWS\SYSTEM32\POWRPROF.dll
0x00007ffd2b090000 - 0x00007ffd2b09a000 	C:\WINDOWS\SYSTEM32\VERSION.dll
0x00007ffd200f0000 - 0x00007ffd20117000 	C:\WINDOWS\SYSTEM32\WINMM.dll
0x00007ffd31a10000 - 0x00007ffd31a22000 	C:\WINDOWS\SYSTEM32\UMPDC.dll
0x00007ffd30e80000 - 0x00007ffd30e92000 	C:\WINDOWS\SYSTEM32\kernel.appcore.dll
0x00007ffd25ad0000 - 0x00007ffd25ada000 	D:\V-A\AndroidStudio\jbr\bin\jimage.dll
0x00007ffd30480000 - 0x00007ffd30664000 	C:\WINDOWS\SYSTEM32\DBGHELP.DLL
0x00007ffd16c20000 - 0x00007ffd16c54000 	C:\WINDOWS\SYSTEM32\dbgcore.DLL
0x00007ffd327a0000 - 0x00007ffd32822000 	C:\WINDOWS\System32\bcryptPrimitives.dll
0x00007ffd2f2c0000 - 0x00007ffd2f2ce000 	D:\V-A\AndroidStudio\jbr\bin\instrument.dll
0x00007ffd17c80000 - 0x00007ffd17ca0000 	D:\V-A\AndroidStudio\jbr\bin\java.dll
0x00007ffd16a10000 - 0x00007ffd16a28000 	D:\V-A\AndroidStudio\jbr\bin\zip.dll
0x00007ffd33730000 - 0x00007ffd33e9d000 	C:\WINDOWS\System32\SHELL32.dll
0x00007ffd30690000 - 0x00007ffd30e34000 	C:\WINDOWS\SYSTEM32\windows.storage.dll
0x00007ffd34c10000 - 0x00007ffd34f65000 	C:\WINDOWS\System32\combase.dll
0x00007ffd31fa0000 - 0x00007ffd31fcb000 	C:\WINDOWS\SYSTEM32\Wldp.dll
0x00007ffd34900000 - 0x00007ffd349cd000 	C:\WINDOWS\System32\OLEAUT32.dll
0x00007ffd33350000 - 0x00007ffd333fd000 	C:\WINDOWS\System32\SHCORE.dll
0x00007ffd335a0000 - 0x00007ffd335f5000 	C:\WINDOWS\System32\shlwapi.dll
0x00007ffd32580000 - 0x00007ffd325a5000 	C:\WINDOWS\SYSTEM32\profapi.dll
0x00007ffd253a0000 - 0x00007ffd253b0000 	D:\V-A\AndroidStudio\jbr\bin\net.dll
0x00007ffd2ccb0000 - 0x00007ffd2cdba000 	C:\WINDOWS\SYSTEM32\WINHTTP.dll
0x00007ffd31d80000 - 0x00007ffd31dec000 	C:\WINDOWS\system32\mswsock.dll
0x00007ffd15ec0000 - 0x00007ffd15ed6000 	D:\V-A\AndroidStudio\jbr\bin\nio.dll
0x00007ffd1b350000 - 0x00007ffd1b360000 	D:\V-A\AndroidStudio\jbr\bin\verify.dll
0x00007ffd0e490000 - 0x00007ffd0e4b7000 	C:\Users\User\.gradle\native\c067742578af261105cb4f569cf0c3c89f3d7b1fecec35dd04571415982c5e48\windows-amd64\native-platform.dll
0x00007ffcfc650000 - 0x00007ffcfc794000 	C:\Users\User\.gradle\native\100fb08df4bc3b14c8652ba06237920a3bd2aa13389f12d3474272988ae205f9\windows-amd64\native-platform-file-events.dll
0x00007ffd20040000 - 0x00007ffd20049000 	D:\V-A\AndroidStudio\jbr\bin\management.dll
0x00007ffd1c4a0000 - 0x00007ffd1c4ab000 	D:\V-A\AndroidStudio\jbr\bin\management_ext.dll
0x00007ffd34740000 - 0x00007ffd34748000 	C:\WINDOWS\System32\PSAPI.DLL
0x00007ffd31fe0000 - 0x00007ffd31ff8000 	C:\WINDOWS\SYSTEM32\CRYPTSP.dll
0x00007ffd31650000 - 0x00007ffd31688000 	C:\WINDOWS\system32\rsaenh.dll
0x00007ffd32500000 - 0x00007ffd3252e000 	C:\WINDOWS\SYSTEM32\USERENV.dll
0x00007ffd31f10000 - 0x00007ffd31f1c000 	C:\WINDOWS\SYSTEM32\CRYPTBASE.dll
0x00007ffd31a30000 - 0x00007ffd31a6b000 	C:\WINDOWS\SYSTEM32\IPHLPAPI.DLL
0x00007ffd34c00000 - 0x00007ffd34c08000 	C:\WINDOWS\System32\NSI.dll
0x00007ffd24940000 - 0x00007ffd24949000 	D:\V-A\AndroidStudio\jbr\bin\extnet.dll
0x00007ffd16640000 - 0x00007ffd16647000 	C:\WINDOWS\system32\wshunix.dll

dbghelp: loaded successfully - version: 4.0.5 - missing functions: none
symbol engine: initialized successfully - sym options: 0x614 - pdb path: .;D:\V-A\AndroidStudio\jbr\bin;C:\WINDOWS\SYSTEM32;C:\WINDOWS\WinSxS\amd64_microsoft.windows.common-controls_6595b64144ccf1df_6.0.19041.4355_none_60b8b9eb71f62e16;D:\V-A\AndroidStudio\jbr\bin\server;C:\Users\User\.gradle\native\c067742578af261105cb4f569cf0c3c89f3d7b1fecec35dd04571415982c5e48\windows-amd64;C:\Users\User\.gradle\native\100fb08df4bc3b14c8652ba06237920a3bd2aa13389f12d3474272988ae205f9\windows-amd64

VM Arguments:
jvm_args: --add-opens=java.base/java.lang=ALL-UNNAMED --add-opens=java.base/java.lang.invoke=ALL-UNNAMED --add-opens=java.base/java.util=ALL-UNNAMED --add-opens=java.prefs/java.util.prefs=ALL-UNNAMED --add-exports=jdk.compiler/com.sun.tools.javac.api=ALL-UNNAMED --add-exports=jdk.compiler/com.sun.tools.javac.util=ALL-UNNAMED --add-opens=java.base/java.util=ALL-UNNAMED --add-opens=java.prefs/java.util.prefs=ALL-UNNAMED --add-opens=java.base/java.nio.charset=ALL-UNNAMED --add-opens=java.base/java.net=ALL-UNNAMED --add-opens=java.base/java.util.concurrent.atomic=ALL-UNNAMED --add-opens=java.xml/javax.xml.namespace=ALL-UNNAMED -Xmx2048m -Dfile.encoding=UTF-8 -Duser.country=AU -Duser.language=en -Duser.variant -javaagent:C:\Users\User\.gradle\wrapper\dists\gradle-8.11.1-bin\bpt9gzteqjrbo1mjrsomdt32c\gradle-8.11.1\lib\agents\gradle-instrumentation-agent-8.11.1.jar 
java_command: org.gradle.launcher.daemon.bootstrap.GradleDaemon 8.11.1
java_class_path (initial): C:\Users\User\.gradle\wrapper\dists\gradle-8.11.1-bin\bpt9gzteqjrbo1mjrsomdt32c\gradle-8.11.1\lib\gradle-daemon-main-8.11.1.jar
Launcher Type: SUN_STANDARD

[Global flags]
     intx CICompilerCount                          = 4                                         {product} {ergonomic}
     uint ConcGCThreads                            = 2                                         {product} {ergonomic}
     uint G1ConcRefinementThreads                  = 8                                         {product} {ergonomic}
   size_t G1HeapRegionSize                         = 1048576                                   {product} {ergonomic}
    uintx GCDrainStackTargetSize                   = 64                                        {product} {ergonomic}
   size_t InitialHeapSize                          = 268435456                                 {product} {ergonomic}
   size_t MarkStackSize                            = 4194304                                   {product} {ergonomic}
   size_t MaxHeapSize                              = 2147483648                                {product} {command line}
   size_t MaxNewSize                               = 1287651328                                {product} {ergonomic}
   size_t MinHeapDeltaBytes                        = 1048576                                   {product} {ergonomic}
   size_t MinHeapSize                              = 8388608                                   {product} {ergonomic}
    uintx NonNMethodCodeHeapSize                   = 5839372                                {pd product} {ergonomic}
    uintx NonProfiledCodeHeapSize                  = 122909434                              {pd product} {ergonomic}
    uintx ProfiledCodeHeapSize                     = 122909434                              {pd product} {ergonomic}
    uintx ReservedCodeCacheSize                    = 251658240                              {pd product} {ergonomic}
     bool SegmentedCodeCache                       = true                                      {product} {ergonomic}
   size_t SoftMaxHeapSize                          = 2147483648                             {manageable} {ergonomic}
     bool UseCompressedOops                        = true                           {product lp64_product} {ergonomic}
     bool UseG1GC                                  = true                                      {product} {ergonomic}
     bool UseLargePagesIndividualAllocation        = false                                  {pd product} {ergonomic}

Logging:
Log output configuration:
 #0: stdout all=warning uptime,level,tags foldmultilines=false
 #1: stderr all=off uptime,level,tags foldmultilines=false

Environment Variables:
PATH=C:\Program Files\Common Files\Oracle\Java\javapath;C:\Ruby32-x64\bin;C:\Program Files\Microsoft SDKs\Azure\CLI2\wbin;C:\WINDOWS\system32;C:\WINDOWS;C:\WINDOWS\System32\Wbem;C:\WINDOWS\System32\WindowsPowerShell\v1.0\;C:\WINDOWS\System32\OpenSSH\;C:\Program Files\nodejs\;C:\Program Files\Git\cmd;C:\Program Files\Docker\Docker\resources\bin;D:\V-A\Terraform;D:\V-A\Kubectl;C:\Program Files (x86)\Google\Cloud SDK\google-cloud-sdk\bin;C:\Program Files\Pandoc\;C:\Program Files\MiKTeX\miktex\bin\x64\;C:\Program Files\sqlite;C:\minikube;C:\kubectl;C:\Program Files\Graphviz\bin;D:\V-A\Git LFS;C:\Program Files\dotnet\;D:\V-A\PostgreSQL\17\bin;D:\V-A\;C:\Users\User\AppData\Local\Programs\Python\Python38-32\Scripts\;C:\Users\User\AppData\Local\Programs\Python\Python38-32\;C:\Users\User\AppData\Local\Programs\Python\Python311\Scripts\;C:\Users\User\AppData\Local\Programs\Python\Python311\;C:\Users\User\AppData\Local\Microsoft\WindowsApps;D:\V-A\Microsoft VS Code\bin;C:\Users\User\AppData\Roaming\npm;C:\Ruby-on-Windows\rbenv\bin\;C:\Program Files\sqlite;
USERNAME=User
OS=Windows_NT
PROCESSOR_IDENTIFIER=Intel64 Family 6 Model 158 Stepping 13, GenuineIntel
TMP=C:\Users\User\AppData\Local\Temp
TEMP=C:\Users\User\AppData\Local\Temp




Periodic native trim disabled

JNI global refs:
JNI global refs: 26, weak refs: 2

JNI global refs memory usage: 835, weak refs: 833

Process memory usage:
Resident Set Size: 356140K (2% of 16693620K total physical memory with 898188K free physical memory)

OOME stack traces (most recent first):
Classloader memory used:
Loader org.gradle.internal.classloader.VisitableURLClassLoader                         : 35762K
Loader bootstrap                                                                       : 23059K
Loader org.gradle.initialization.MixInLegacyTypesClassLoader                           : 9378K
Loader org.gradle.internal.classloader.VisitableURLClassLoader                         : 906K
Loader org.gradle.internal.classloader.VisitableURLClassLoader$InstrumentingVisitableURLClassLoader: 719K
Loader jdk.internal.loader.ClassLoaders$PlatformClassLoader                            : 516K
Loader jdk.internal.reflect.DelegatingClassLoader                                      : 253K
Loader jdk.internal.loader.ClassLoaders$AppClassLoader                                 : 234K
Loader org.gradle.groovy.scripts.internal.DefaultScriptCompilationHandler$ScriptClassLoader: 89760B
Loader org.codehaus.groovy.runtime.callsite.CallSiteClassLoader                        : 49592B

Classes loaded by more than one classloader:
Class org.gradle.api.GradleException                                                  : loaded 3 times (x 78B)
Class Program                                                                         : loaded 3 times (x 68B)
Class org.gradle.internal.classloader.ClassLoaderHierarchy                            : loaded 2 times (x 66B)
Class org.gradle.api.internal.classpath.ManifestUtil                                  : loaded 2 times (x 67B)
Class org.jetbrains.plugins.gradle.model.GradleExtensions                             : loaded 2 times (x 66B)
Class org.jetbrains.plugins.gradle.model.AnnotationProcessingModel                    : loaded 2 times (x 66B)
Class org.gradle.internal.operations.MultipleBuildOperationFailures                   : loaded 2 times (x 91B)
Class org.gradle.internal.classloader.DefaultClassLoaderFactory                       : loaded 2 times (x 78B)
Class kotlin.collections.AbstractList$Companion                                       : loaded 2 times (x 67B)
Class org.gradle.internal.classloader.ClassLoaderVisitor                              : loaded 2 times (x 72B)
Class org.gradle.api.internal.classpath.EffectiveClassPath                            : loaded 2 times (x 86B)
Class org.gradle.tooling.internal.gradle.DefaultProjectIdentifier                     : loaded 2 times (x 82B)
Class org.gradle.api.internal.DefaultClassPathProvider                                : loaded 2 times (x 72B)
Class [Lorg.gradle.api.internal.ClassPathProvider;                                    : loaded 2 times (x 65B)
Class org.gradle.api.internal.ClassPathProvider                                       : loaded 2 times (x 66B)
Class org.gradle.internal.service.UnknownServiceException                             : loaded 2 times (x 79B)
Class org.jetbrains.kotlin.idea.gradleTooling.KotlinDslScriptAdditionalTask           : loaded 2 times (x 66B)
Class org.gradle.internal.classpath.TransformedClassPath                              : loaded 2 times (x 92B)
Class org.gradle.internal.classloader.InstrumentingClassLoader                        : loaded 2 times (x 66B)
Class kotlin.enums.EnumEntriesList                                                    : loaded 2 times (x 219B)
Class org.gradle.internal.classloader.FilteringClassLoader                            : loaded 2 times (x 101B)
Class org.jetbrains.kotlin.idea.gradleTooling.KotlinSourceSetContainer                : loaded 2 times (x 66B)
Class org.gradle.internal.service.ServiceLocator                                      : loaded 2 times (x 66B)
Class org.gradle.tooling.model.UnsupportedMethodException                             : loaded 2 times (x 78B)
Class sync_studio_tooling2_co8upjsfwns6zij9wodmtr0jp                                  : loaded 2 times (x 175B)
Class org.gradle.internal.InternalTransformer                                         : loaded 2 times (x 66B)
Class org.gradle.internal.time.DefaultTimer                                           : loaded 2 times (x 76B)
Class org.gradle.internal.classloader.ClasspathUtil$1                                 : loaded 2 times (x 72B)
Class org.gradle.api.internal.classpath.DefaultModuleRegistry$DefaultModule           : loaded 2 times (x 82B)
Class org.gradle.internal.time.DefaultCountdownTimer                                  : loaded 2 times (x 84B)
Class org.gradle.tooling.internal.gradle.DefaultBuildIdentifier                       : loaded 2 times (x 75B)
Class kotlin.Function                                                                 : loaded 2 times (x 66B)
Class org.gradle.api.internal.classpath.Module                                        : loaded 2 times (x 66B)
Class org.gradle.api.internal.classpath.UnknownModuleException                        : loaded 2 times (x 78B)
Class com.intellij.openapi.externalSystem.model.project.dependencies.ProjectDependencies: loaded 2 times (x 66B)
Class org.gradle.tooling.internal.gradle.GradleProjectIdentity                        : loaded 2 times (x 66B)
Class org.gradle.api.internal.DefaultClassPathRegistry                                : loaded 2 times (x 72B)
Class org.gradle.api.internal.ClassPathRegistry                                       : loaded 2 times (x 66B)
Class org.gradle.internal.classpath.DefaultClassPath$ImmutableUniqueList              : loaded 2 times (x 195B)
Class ijInit1_35dm7hl684e41ngwa7vmcdovq                                               : loaded 2 times (x 175B)
Class org.jetbrains.plugins.gradle.model.IntelliJSettings                             : loaded 2 times (x 66B)
Class Settings_gradle$1                                                               : loaded 2 times (x 70B)
Class org.gradle.internal.classpath.ClassPath                                         : loaded 2 times (x 66B)
Class org.gradle.api.UncheckedIOException                                             : loaded 2 times (x 78B)
Class org.jetbrains.kotlin.idea.gradleTooling.KotlinGradleModel                       : loaded 2 times (x 66B)
Class org.gradle.tooling.model.Model                                                  : loaded 2 times (x 66B)
Class kotlin.UninitializedPropertyAccessException                                     : loaded 2 times (x 78B)
Class org.jetbrains.plugins.gradle.model.IntelliJProjectSettings                      : loaded 2 times (x 66B)
Class org.gradle.internal.installation.GradleInstallation$1                           : loaded 2 times (x 71B)
Class org.gradle.api.internal.classpath.ModuleRegistry                                : loaded 2 times (x 66B)
Class org.jetbrains.plugins.gradle.model.VersionCatalogsModel                         : loaded 2 times (x 66B)
Class org.gradle.api.internal.classpath.DefaultModuleRegistry                         : loaded 2 times (x 82B)
Class org.gradle.internal.time.MonotonicClock                                         : loaded 2 times (x 73B)
Class org.gradle.internal.service.ServiceLookupException                              : loaded 2 times (x 78B)
Class org.gradle.internal.classloader.ClassLoaderFactory                              : loaded 2 times (x 66B)
Class org.gradle.internal.service.CachingServiceLocator                               : loaded 2 times (x 78B)
Class org.jetbrains.plugins.gradle.model.RepositoryModels                             : loaded 2 times (x 66B)
Class org.gradle.internal.time.TimeSource                                             : loaded 2 times (x 66B)
Class org.gradle.tooling.internal.gradle.GradleBuildIdentity                          : loaded 2 times (x 66B)
Class kotlin.enums.EnumEntries                                                        : loaded 2 times (x 66B)
Class org.gradle.internal.exceptions.ResolutionProvider                               : loaded 2 times (x 66B)
Class org.gradle.tooling.model.ProjectIdentifier                                      : loaded 2 times (x 66B)
Class org.gradle.internal.classloader.ClasspathUtil                                   : loaded 2 times (x 67B)
Class org.gradle.internal.time.TimeSource$1                                           : loaded 2 times (x 73B)
Class kotlin.jvm.internal.DefaultConstructorMarker                                    : loaded 2 times (x 67B)
Class org.gradle.api.specs.Spec                                                       : loaded 2 times (x 66B)
Class org.gradle.internal.time.Clock                                                  : loaded 2 times (x 66B)
Class kotlin.collections.AbstractList                                                 : loaded 2 times (x 193B)
Class kotlin.collections.AbstractCollection                                           : loaded 2 times (x 113B)
Class org.gradle.internal.classloader.VisitableURLClassLoader$InstrumentingVisitableURLClassLoader: loaded 2 times (x 119B)
Class org.gradle.internal.classloader.VisitableURLClassLoader$Spec                    : loaded 2 times (x 70B)
Class org.gradle.internal.classpath.DefaultClassPath                                  : loaded 2 times (x 86B)
Class org.gradle.internal.classloader.ClassLoaderSpec                                 : loaded 2 times (x 67B)
Class Settings_gradle$1$1                                                             : loaded 2 times (x 70B)
Class kotlin.Unit                                                                     : loaded 2 times (x 67B)
Class org.gradle.internal.classloader.VisitableURLClassLoader                         : loaded 2 times (x 113B)
Class Settings_gradle                                                                 : loaded 2 times (x 124B)
Class org.gradle.internal.Cast                                                        : loaded 2 times (x 67B)
Class org.gradle.api.Action                                                           : loaded 2 times (x 66B)
Class kotlin.jvm.functions.Function1                                                  : loaded 2 times (x 66B)
Class org.gradle.internal.classpath.DefaultClassPath$ImmutableUniqueList$Builder      : loaded 2 times (x 71B)
Class kotlin.NotImplementedError                                                      : loaded 2 times (x 78B)
Class org.gradle.internal.exceptions.NonGradleCauseExceptionsHolder                   : loaded 2 times (x 66B)
Class org.jetbrains.plugins.gradle.tooling.ModelBuilderService$Parameter              : loaded 2 times (x 66B)
Class kotlin.enums.EnumEntriesKt                                                      : loaded 2 times (x 67B)
Class org.gradle.internal.IoActions                                                   : loaded 2 times (x 67B)
Class org.gradle.internal.classloader.SystemClassLoaderSpec                           : loaded 2 times (x 67B)
Class org.gradle.internal.exceptions.MultiCauseException                              : loaded 2 times (x 66B)
Class org.gradle.internal.time.CountdownTimer                                         : loaded 2 times (x 66B)
Class kotlin.jvm.internal.Intrinsics                                                  : loaded 2 times (x 67B)
Class org.gradle.tooling.model.ProjectModel                                           : loaded 2 times (x 66B)
Class kotlin.KotlinNullPointerException                                               : loaded 2 times (x 79B)
Class org.jetbrains.plugins.gradle.model.tests.ExternalTestsModel                     : loaded 2 times (x 66B)
Class org.gradle.internal.exceptions.DefaultMultiCauseException                       : loaded 2 times (x 91B)
Class org.gradle.internal.time.Time                                                   : loaded 2 times (x 67B)
Class org.jetbrains.plugins.gradle.model.DependencyAccessorsModel                     : loaded 2 times (x 66B)
Class org.gradle.api.internal.classpath.GlobalCacheRootsProvider                      : loaded 2 times (x 66B)
Class org.jetbrains.kotlin.idea.gradleTooling.KotlinMPPGradleModel                    : loaded 2 times (x 66B)
Class org.gradle.tooling.model.BuildIdentifier                                        : loaded 2 times (x 66B)
Class org.jetbrains.kotlin.idea.gradleTooling.PrepareKotlinIdeImportTaskModel         : loaded 2 times (x 66B)
Class org.gradle.internal.time.Timer                                                  : loaded 2 times (x 66B)
Class kotlin.jvm.internal.markers.KMappedMarker                                       : loaded 2 times (x 66B)
Class org.gradle.internal.installation.CurrentGradleInstallationLocator               : loaded 2 times (x 67B)
Class org.gradle.internal.service.DefaultServiceLocator                               : loaded 2 times (x 79B)
Class org.gradle.util.GradleVersion                                                   : loaded 2 times (x 79B)
Class org.gradle.internal.installation.CurrentGradleInstallation                      : loaded 2 times (x 69B)
Class org.jetbrains.plugins.gradle.javaModel.JavaGradleManifestModel                  : loaded 2 times (x 66B)
Class org.gradle.util.internal.GUtil                                                  : loaded 2 times (x 67B)
Class org.gradle.internal.installation.GradleInstallation                             : loaded 2 times (x 71B)

---------------  S Y S T E M  ---------------

OS:
 Windows 10 , 64 bit Build 19041 (10.0.19041.5438)
OS uptime: 24 days 6:30 hours
Hyper-V role detected

CPU: total 8 (initial active 8) (8 cores per cpu, 1 threads per core) family 6 model 158 stepping 13 microcode 0xb4, cx8, cmov, fxsr, mmx, 3dnowpref, sse, sse2, sse3, ssse3, sse4.1, sse4.2, popcnt, lzcnt, tsc, tscinvbit, avx, avx2, aes, erms, clmul, bmi1, bmi2, rtm, adx, fma, vzeroupper, clflush, clflushopt, hv, rdtscp, f16c
Processor Information for all 8 processors :
  Max Mhz: 3601, Current Mhz: 3601, Mhz Limit: 3601

Memory: 4k page, system-wide physical 16302M (877M free)
TotalPageFile size 28721M (AvailPageFile size 6M)
current process WorkingSet (physical memory assigned to process): 347M, peak: 347M
current process commit charge ("private bytes"): 383M, peak: 386M

vm_info: OpenJDK 64-Bit Server VM (21.0.5+-12932927-b750.29) for windows-amd64 JRE (21.0.5+-12932927-b750.29), built on 2025-01-17T02:01:10Z by "builder" with MS VC++ 16.10 / 16.11 (VS2019)

END.
